{"/home/travis/build/npmtest/node-npmtest-brackets/test.js":{"path":"/home/travis/build/npmtest/node-npmtest-brackets/test.js","s":{"1":2,"2":2,"3":2,"4":2,"5":2,"6":2,"7":2,"8":1,"9":2,"10":2,"11":1,"12":1,"13":1,"14":1,"15":2,"16":2,"17":2,"18":2,"19":1,"20":1,"21":2,"22":2,"23":2,"24":1,"25":1,"26":1,"27":1,"28":1,"29":1,"30":1,"31":1,"32":1,"33":1,"34":1,"35":1,"36":1,"37":2,"38":2,"39":1,"40":2,"41":2,"42":1,"43":2,"44":2,"45":1,"46":2,"47":2,"48":1,"49":1,"50":1,"51":1,"52":1},"b":{"1":[2,1,1,1],"2":[1,1,1,1],"3":[1,1],"4":[1,1],"5":[1,1],"6":[1,1],"7":[1,1],"8":[1,1],"9":[1,1,1],"10":[1,1],"11":[1,1],"12":[1,1],"13":[1,1],"14":[1,1],"15":[1,1],"16":[1,1]},"f":{"1":2,"2":2,"3":2,"4":2,"5":2,"6":1,"7":1,"8":2,"9":2,"10":2,"11":2,"12":1},"fnMap":{"1":{"name":"(anonymous_1)","line":12,"loc":{"start":{"line":12,"column":1},"end":{"line":12,"column":13}}},"2":{"name":"(anonymous_2)","line":19,"loc":{"start":{"line":19,"column":5},"end":{"line":19,"column":17}}},"3":{"name":"(anonymous_3)","line":23,"loc":{"start":{"line":23,"column":24},"end":{"line":23,"column":36}}},"4":{"name":"(anonymous_4)","line":61,"loc":{"start":{"line":61,"column":5},"end":{"line":61,"column":17}}},"5":{"name":"(anonymous_5)","line":82,"loc":{"start":{"line":82,"column":5},"end":{"line":82,"column":17}}},"6":{"name":"(anonymous_6)","line":102,"loc":{"start":{"line":102,"column":83},"end":{"line":105,"column":10}},"skip":true},"7":{"name":"(anonymous_7)","line":113,"loc":{"start":{"line":113,"column":77},"end":{"line":116,"column":10}},"skip":true},"8":{"name":"(anonymous_8)","line":129,"loc":{"start":{"line":129,"column":12},"end":{"line":129,"column":40}},"skip":true},"9":{"name":"(anonymous_9)","line":137,"loc":{"start":{"line":137,"column":77},"end":{"line":140,"column":10}},"skip":true},"10":{"name":"(anonymous_10)","line":148,"loc":{"start":{"line":148,"column":83},"end":{"line":151,"column":10}},"skip":true},"11":{"name":"(anonymous_11)","line":159,"loc":{"start":{"line":159,"column":79},"end":{"line":162,"column":10}},"skip":true},"12":{"name":"(anonymous_12)","line":170,"loc":{"start":{"line":170,"column":75},"end":{"line":173,"column":10}},"skip":true}},"statementMap":{"1":{"start":{"line":12,"column":0},"end":{"line":185,"column":5}},"2":{"start":{"line":14,"column":4},"end":{"line":14,"column":14}},"3":{"start":{"line":19,"column":4},"end":{"line":56,"column":9}},"4":{"start":{"line":21,"column":8},"end":{"line":21,"column":19}},"5":{"start":{"line":23,"column":8},"end":{"line":35,"column":13}},"6":{"start":{"line":24,"column":12},"end":{"line":34,"column":13}},"7":{"start":{"line":25,"column":16},"end":{"line":28,"column":30}},"8":{"start":{"line":30,"column":16},"end":{"line":33,"column":27}},"9":{"start":{"line":37,"column":8},"end":{"line":39,"column":21}},"10":{"start":{"line":40,"column":8},"end":{"line":53,"column":9}},"11":{"start":{"line":43,"column":12},"end":{"line":46,"column":14}},"12":{"start":{"line":47,"column":12},"end":{"line":47,"column":18}},"13":{"start":{"line":50,"column":12},"end":{"line":51,"column":46}},"14":{"start":{"line":52,"column":12},"end":{"line":52,"column":18}},"15":{"start":{"line":55,"column":8},"end":{"line":55,"column":35}},"16":{"start":{"line":61,"column":4},"end":{"line":63,"column":9}},"17":{"start":{"line":62,"column":8},"end":{"line":62,"column":15}},"18":{"start":{"line":64,"column":4},"end":{"line":77,"column":5}},"19":{"start":{"line":70,"column":8},"end":{"line":70,"column":14}},"20":{"start":{"line":76,"column":8},"end":{"line":76,"column":14}},"21":{"start":{"line":82,"column":4},"end":{"line":84,"column":9}},"22":{"start":{"line":83,"column":8},"end":{"line":83,"column":15}},"23":{"start":{"line":85,"column":4},"end":{"line":184,"column":5}},"24":{"start":{"line":92,"column":8},"end":{"line":94,"column":63}},"25":{"start":{"line":95,"column":8},"end":{"line":95,"column":14}},"26":{"start":{"line":102,"column":8},"end":{"line":111,"column":10},"skip":true},"27":{"start":{"line":109,"column":12},"end":{"line":109,"column":55},"skip":true},"28":{"start":{"line":110,"column":12},"end":{"line":110,"column":48},"skip":true},"29":{"start":{"line":113,"column":8},"end":{"line":126,"column":10},"skip":true},"30":{"start":{"line":120,"column":12},"end":{"line":120,"column":76},"skip":true},"31":{"start":{"line":121,"column":12},"end":{"line":121,"column":73},"skip":true},"32":{"start":{"line":122,"column":12},"end":{"line":122,"column":74},"skip":true},"33":{"start":{"line":123,"column":12},"end":{"line":123,"column":79},"skip":true},"34":{"start":{"line":124,"column":12},"end":{"line":124,"column":25},"skip":true},"35":{"start":{"line":125,"column":12},"end":{"line":125,"column":45},"skip":true},"36":{"start":{"line":128,"column":8},"end":{"line":135,"column":14},"skip":true},"37":{"start":{"line":133,"column":16},"end":{"line":133,"column":29},"skip":true},"38":{"start":{"line":134,"column":16},"end":{"line":134,"column":55},"skip":true},"39":{"start":{"line":137,"column":8},"end":{"line":146,"column":10},"skip":true},"40":{"start":{"line":144,"column":12},"end":{"line":144,"column":25},"skip":true},"41":{"start":{"line":145,"column":12},"end":{"line":145,"column":45},"skip":true},"42":{"start":{"line":148,"column":8},"end":{"line":157,"column":10},"skip":true},"43":{"start":{"line":155,"column":12},"end":{"line":155,"column":25},"skip":true},"44":{"start":{"line":156,"column":12},"end":{"line":156,"column":48},"skip":true},"45":{"start":{"line":159,"column":8},"end":{"line":168,"column":10},"skip":true},"46":{"start":{"line":166,"column":12},"end":{"line":166,"column":25},"skip":true},"47":{"start":{"line":167,"column":12},"end":{"line":167,"column":46},"skip":true},"48":{"start":{"line":170,"column":8},"end":{"line":179,"column":10},"skip":true},"49":{"start":{"line":177,"column":12},"end":{"line":177,"column":94},"skip":true},"50":{"start":{"line":178,"column":12},"end":{"line":178,"column":48},"skip":true},"51":{"start":{"line":182,"column":8},"end":{"line":182,"column":35},"skip":true},"52":{"start":{"line":183,"column":8},"end":{"line":183,"column":14},"skip":true}},"branchMap":{"1":{"line":25,"type":"binary-expr","locations":[{"start":{"line":25,"column":23},"end":{"line":25,"column":62}},{"start":{"line":26,"column":20},"end":{"line":26,"column":70}},{"start":{"line":27,"column":20},"end":{"line":27,"column":71}},{"start":{"line":28,"column":20},"end":{"line":28,"column":29}}]},"2":{"line":30,"type":"binary-expr","locations":[{"start":{"line":30,"column":23},"end":{"line":30,"column":37}},{"start":{"line":31,"column":20},"end":{"line":31,"column":61}},{"start":{"line":32,"column":20},"end":{"line":32,"column":70}},{"start":{"line":33,"column":20},"end":{"line":33,"column":26}}]},"3":{"line":37,"type":"cond-expr","locations":[{"start":{"line":38,"column":14},"end":{"line":38,"column":20}},{"start":{"line":39,"column":14},"end":{"line":39,"column":20}}]},"4":{"line":40,"type":"switch","locations":[{"start":{"line":42,"column":8},"end":{"line":47,"column":18}},{"start":{"line":49,"column":8},"end":{"line":52,"column":18}}]},"5":{"line":44,"type":"binary-expr","locations":[{"start":{"line":44,"column":16},"end":{"line":44,"column":44}},{"start":{"line":44,"column":48},"end":{"line":44,"column":66}}]},"6":{"line":50,"type":"binary-expr","locations":[{"start":{"line":50,"column":21},"end":{"line":50,"column":49}},{"start":{"line":50,"column":53},"end":{"line":50,"column":72}}]},"7":{"line":64,"type":"switch","locations":[{"start":{"line":69,"column":4},"end":{"line":70,"column":14}},{"start":{"line":75,"column":4},"end":{"line":76,"column":14}}]},"8":{"line":85,"type":"switch","locations":[{"start":{"line":90,"column":4},"end":{"line":95,"column":14}},{"start":{"line":101,"column":4},"end":{"line":183,"column":14},"skip":true}]},"9":{"line":92,"type":"binary-expr","locations":[{"start":{"line":92,"column":18},"end":{"line":92,"column":32}},{"start":{"line":93,"column":12},"end":{"line":93,"column":53}},{"start":{"line":94,"column":12},"end":{"line":94,"column":61}}]},"10":{"line":102,"type":"binary-expr","locations":[{"start":{"line":102,"column":45},"end":{"line":102,"column":79},"skip":true},{"start":{"line":102,"column":83},"end":{"line":111,"column":9},"skip":true}]},"11":{"line":113,"type":"binary-expr","locations":[{"start":{"line":113,"column":42},"end":{"line":113,"column":73},"skip":true},{"start":{"line":113,"column":77},"end":{"line":126,"column":9},"skip":true}]},"12":{"line":128,"type":"binary-expr","locations":[{"start":{"line":128,"column":48},"end":{"line":128,"column":85},"skip":true},{"start":{"line":129,"column":12},"end":{"line":135,"column":13},"skip":true}]},"13":{"line":137,"type":"binary-expr","locations":[{"start":{"line":137,"column":42},"end":{"line":137,"column":73},"skip":true},{"start":{"line":137,"column":77},"end":{"line":146,"column":9},"skip":true}]},"14":{"line":148,"type":"binary-expr","locations":[{"start":{"line":148,"column":45},"end":{"line":148,"column":79},"skip":true},{"start":{"line":148,"column":83},"end":{"line":157,"column":9},"skip":true}]},"15":{"line":159,"type":"binary-expr","locations":[{"start":{"line":159,"column":43},"end":{"line":159,"column":75},"skip":true},{"start":{"line":159,"column":79},"end":{"line":168,"column":9},"skip":true}]},"16":{"line":170,"type":"binary-expr","locations":[{"start":{"line":170,"column":41},"end":{"line":170,"column":71},"skip":true},{"start":{"line":170,"column":75},"end":{"line":179,"column":9},"skip":true}]}},"code":["/* istanbul instrument in package npmtest_brackets */","/*jslint","    bitwise: true,","    browser: true,","    maxerr: 8,","    maxlen: 96,","    node: true,","    nomen: true,","    regexp: true,","    stupid: true","*/","(function () {","    'use strict';","    var local;","","","","    // run shared js-env code - pre-init","    (function () {","        // init local","        local = {};","        // init modeJs","        local.modeJs = (function () {","            try {","                return typeof navigator.userAgent === 'string' &&","                    typeof document.querySelector('body') === 'object' &&","                    typeof XMLHttpRequest.prototype.open === 'function' &&","                    'browser';","            } catch (errorCaughtBrowser) {","                return module.exports &&","                    typeof process.versions.node === 'string' &&","                    typeof require('http').createServer === 'function' &&","                    'node';","            }","        }());","        // init global","        local.global = local.modeJs === 'browser'","            ? window","            : global;","        switch (local.modeJs) {","        // re-init local from window.local","        case 'browser':","            local = local.global.utility2.objectSetDefault(","                local.global.utility2_rollup || local.global.local,","                local.global.utility2","            );","            break;","        // re-init local from example.js","        case 'node':","            local = (local.global.utility2_rollup || require('utility2'))","                .requireExampleJsFromReadme();","            break;","        }","        // export local","        local.global.local = local;","    }());","","","","    // run shared js-env code - function","    (function () {","        return;","    }());","    switch (local.modeJs) {","","","","    // run browser js-env code - function","    case 'browser':","        break;","","","","    // run node js-env code - function","    case 'node':","        break;","    }","","","","    // run shared js-env code - post-init","    (function () {","        return;","    }());","    switch (local.modeJs) {","","","","    // run browser js-env code - post-init","    case 'browser':","        // run tests","        local.nop(local.modeTest &&","            document.querySelector('#testRunButton1') &&","            document.querySelector('#testRunButton1').click());","        break;","","","","    // run node js-env code - post-init","    /* istanbul ignore next */","    case 'node':","        local.testCase_buildApidoc_default = local.testCase_buildApidoc_default || function (","            options,","            onError","        ) {","        /*","         * this function will test buildApidoc's default handling-behavior-behavior","         */","            options = { modulePathList: module.paths };","            local.buildApidoc(options, onError);","        };","","        local.testCase_buildApp_default = local.testCase_buildApp_default || function (","            options,","            onError","        ) {","        /*","         * this function will test buildApp's default handling-behavior-behavior","         */","            local.testCase_buildReadme_default(options, local.onErrorThrow);","            local.testCase_buildLib_default(options, local.onErrorThrow);","            local.testCase_buildTest_default(options, local.onErrorThrow);","            local.testCase_buildCustomOrg_default(options, local.onErrorThrow);","            options = [];","            local.buildApp(options, onError);","        };","","        local.testCase_buildCustomOrg_default = local.testCase_buildCustomOrg_default ||","            function (options, onError) {","            /*","             * this function will test buildCustomOrg's default handling-behavior","             */","                options = {};","                local.buildCustomOrg(options, onError);","            };","","        local.testCase_buildLib_default = local.testCase_buildLib_default || function (","            options,","            onError","        ) {","        /*","         * this function will test buildLib's default handling-behavior","         */","            options = {};","            local.buildLib(options, onError);","        };","","        local.testCase_buildReadme_default = local.testCase_buildReadme_default || function (","            options,","            onError","        ) {","        /*","         * this function will test buildReadme's default handling-behavior-behavior","         */","            options = {};","            local.buildReadme(options, onError);","        };","","        local.testCase_buildTest_default = local.testCase_buildTest_default || function (","            options,","            onError","        ) {","        /*","         * this function will test buildTest's default handling-behavior","         */","            options = {};","            local.buildTest(options, onError);","        };","","        local.testCase_webpage_default = local.testCase_webpage_default || function (","            options,","            onError","        ) {","        /*","         * this function will test webpage's default handling-behavior","         */","            options = { modeCoverageMerge: true, url: local.serverLocalHost + '?modeTest=1' };","            local.browserTest(options, onError);","        };","","        // run test-server","        local.testRunServer(local);","        break;","    }","}());",""],"l":{"12":2,"14":2,"19":2,"21":2,"23":2,"24":2,"25":2,"30":1,"37":2,"40":2,"43":1,"47":1,"50":1,"52":1,"55":2,"61":2,"62":2,"64":2,"70":1,"76":1,"82":2,"83":2,"85":2,"92":1,"95":1,"102":1,"109":1,"110":1,"113":1,"120":1,"121":1,"122":1,"123":1,"124":1,"125":1,"128":1,"133":2,"134":2,"137":1,"144":2,"145":2,"148":1,"155":2,"156":2,"159":1,"166":2,"167":2,"170":1,"177":1,"178":1,"182":1,"183":1}},"/home/travis/build/npmtest/node-npmtest-brackets/lib.npmtest_brackets.js":{"path":"/home/travis/build/npmtest/node-npmtest-brackets/lib.npmtest_brackets.js","s":{"1":2,"2":2,"3":2,"4":2,"5":2,"6":2,"7":2,"8":1,"9":2,"10":2,"11":2,"12":2,"13":1,"14":1,"15":1,"16":1},"b":{"1":[2,1,1,1],"2":[1,1,1,1],"3":[1,1],"4":[2,2],"5":[1,1]},"f":{"1":2,"2":2,"3":2},"fnMap":{"1":{"name":"(anonymous_1)","line":12,"loc":{"start":{"line":12,"column":1},"end":{"line":12,"column":13}}},"2":{"name":"(anonymous_2)","line":19,"loc":{"start":{"line":19,"column":5},"end":{"line":19,"column":17}}},"3":{"name":"(anonymous_3)","line":23,"loc":{"start":{"line":23,"column":24},"end":{"line":23,"column":36}}}},"statementMap":{"1":{"start":{"line":12,"column":0},"end":{"line":53,"column":5}},"2":{"start":{"line":14,"column":4},"end":{"line":14,"column":14}},"3":{"start":{"line":19,"column":4},"end":{"line":52,"column":9}},"4":{"start":{"line":21,"column":8},"end":{"line":21,"column":19}},"5":{"start":{"line":23,"column":8},"end":{"line":35,"column":13}},"6":{"start":{"line":24,"column":12},"end":{"line":34,"column":13}},"7":{"start":{"line":25,"column":16},"end":{"line":28,"column":30}},"8":{"start":{"line":30,"column":16},"end":{"line":33,"column":27}},"9":{"start":{"line":37,"column":8},"end":{"line":39,"column":21}},"10":{"start":{"line":41,"column":8},"end":{"line":41,"column":54}},"11":{"start":{"line":43,"column":8},"end":{"line":43,"column":53}},"12":{"start":{"line":45,"column":8},"end":{"line":51,"column":9}},"13":{"start":{"line":46,"column":12},"end":{"line":46,"column":59}},"14":{"start":{"line":48,"column":12},"end":{"line":48,"column":35}},"15":{"start":{"line":49,"column":12},"end":{"line":49,"column":49}},"16":{"start":{"line":50,"column":12},"end":{"line":50,"column":43}}},"branchMap":{"1":{"line":25,"type":"binary-expr","locations":[{"start":{"line":25,"column":23},"end":{"line":25,"column":62}},{"start":{"line":26,"column":20},"end":{"line":26,"column":70}},{"start":{"line":27,"column":20},"end":{"line":27,"column":71}},{"start":{"line":28,"column":20},"end":{"line":28,"column":29}}]},"2":{"line":30,"type":"binary-expr","locations":[{"start":{"line":30,"column":23},"end":{"line":30,"column":37}},{"start":{"line":31,"column":20},"end":{"line":31,"column":61}},{"start":{"line":32,"column":20},"end":{"line":32,"column":70}},{"start":{"line":33,"column":20},"end":{"line":33,"column":26}}]},"3":{"line":37,"type":"cond-expr","locations":[{"start":{"line":38,"column":14},"end":{"line":38,"column":20}},{"start":{"line":39,"column":14},"end":{"line":39,"column":20}}]},"4":{"line":41,"type":"binary-expr","locations":[{"start":{"line":41,"column":16},"end":{"line":41,"column":44}},{"start":{"line":41,"column":48},"end":{"line":41,"column":53}}]},"5":{"line":45,"type":"if","locations":[{"start":{"line":45,"column":8},"end":{"line":45,"column":8}},{"start":{"line":45,"column":8},"end":{"line":45,"column":8}}]}},"code":["/* istanbul instrument in package npmtest_brackets */","/*jslint","    bitwise: true,","    browser: true,","    maxerr: 8,","    maxlen: 96,","    node: true,","    nomen: true,","    regexp: true,","    stupid: true","*/","(function () {","    'use strict';","    var local;","","","","    // run shared js-env code - pre-init","    (function () {","        // init local","        local = {};","        // init modeJs","        local.modeJs = (function () {","            try {","                return typeof navigator.userAgent === 'string' &&","                    typeof document.querySelector('body') === 'object' &&","                    typeof XMLHttpRequest.prototype.open === 'function' &&","                    'browser';","            } catch (errorCaughtBrowser) {","                return module.exports &&","                    typeof process.versions.node === 'string' &&","                    typeof require('http').createServer === 'function' &&","                    'node';","            }","        }());","        // init global","        local.global = local.modeJs === 'browser'","            ? window","            : global;","        // init utility2_rollup","        local = local.global.utility2_rollup || local;","        // init lib","        local.local = local.npmtest_brackets = local;","        // init exports","        if (local.modeJs === 'browser') {","            local.global.utility2_npmtest_brackets = local;","        } else {","            module.exports = local;","            module.exports.__dirname = __dirname;","            module.exports.module = module;","        }","    }());","}());",""],"l":{"12":2,"14":2,"19":2,"21":2,"23":2,"24":2,"25":2,"30":1,"37":2,"41":2,"43":2,"45":2,"46":1,"48":1,"49":1,"50":1}},"/home/travis/build/npmtest/node-npmtest-brackets/example.js":{"path":"/home/travis/build/npmtest/node-npmtest-brackets/example.js","s":{"1":2,"2":2,"3":2,"4":2,"5":2,"6":2,"7":2,"8":1,"9":2,"10":2,"11":2,"12":2,"13":1,"14":2,"15":2,"16":2,"17":2,"18":2,"19":0,"20":2,"21":1,"22":1,"23":1,"24":1,"25":1,"26":0,"27":0,"28":1,"29":1,"30":2,"31":0,"32":0,"33":0,"34":1,"35":2,"36":2,"37":2,"38":2,"39":2,"40":2,"41":0,"42":2,"43":2,"44":2,"45":1,"46":3,"47":1,"48":1,"49":1,"50":1,"51":1,"52":1,"53":1,"54":1,"55":1,"56":1,"57":0,"58":1,"59":6,"60":6,"61":1,"62":2,"63":0,"64":2,"65":1,"66":1,"67":0,"68":0,"69":0,"70":0,"71":0,"72":0,"73":0,"74":0,"75":0,"76":0,"77":0,"78":0,"79":0,"80":0,"81":0,"82":0,"83":0},"b":{"1":[2,1,1,1],"2":[1,1,1,1],"3":[1,1],"4":[2,2],"5":[1,1],"6":[1,1],"7":[2,0],"8":[2,1,1,1,1,1],"9":[0,2,0],"10":[1,1],"11":[2,1,1],"12":[1,0],"13":[0,2],"14":[2,0,0,0,0,0,0],"15":[0,2],"16":[2,0],"17":[1,1],"18":[0,1],"19":[1,2,0,2],"20":[1,0],"21":[1,1],"22":[0,0],"23":[0,0],"24":[0,0],"25":[0,0],"26":[0,0],"27":[0,0],"28":[0,0]},"f":{"1":2,"2":2,"3":2,"4":2,"5":2,"6":2,"7":2,"8":2,"9":3,"10":1,"11":6,"12":0},"fnMap":{"1":{"name":"(anonymous_1)","line":26,"loc":{"start":{"line":26,"column":1},"end":{"line":26,"column":13}}},"2":{"name":"(anonymous_2)","line":33,"loc":{"start":{"line":33,"column":5},"end":{"line":33,"column":17}}},"3":{"name":"(anonymous_3)","line":37,"loc":{"start":{"line":37,"column":24},"end":{"line":37,"column":36}}},"4":{"name":"(anonymous_4)","line":69,"loc":{"start":{"line":69,"column":31},"end":{"line":69,"column":48}},"skip":true},"5":{"name":"(anonymous_5)","line":78,"loc":{"start":{"line":78,"column":26},"end":{"line":78,"column":45}},"skip":true},"6":{"name":"(anonymous_6)","line":123,"loc":{"start":{"line":123,"column":33},"end":{"line":123,"column":48}},"skip":true},"7":{"name":"(anonymous_7)","line":125,"loc":{"start":{"line":125,"column":27},"end":{"line":125,"column":39}},"skip":true},"8":{"name":"(anonymous_8)","line":133,"loc":{"start":{"line":133,"column":59},"end":{"line":133,"column":74}},"skip":true},"9":{"name":"(anonymous_9)","line":143,"loc":{"start":{"line":143,"column":45},"end":{"line":143,"column":62}},"skip":true},"10":{"name":"(anonymous_10)","line":144,"loc":{"start":{"line":144,"column":73},"end":{"line":144,"column":92}},"skip":true},"11":{"name":"(anonymous_11)","line":272,"loc":{"start":{"line":272,"column":51},"end":{"line":272,"column":77}},"skip":true},"12":{"name":"(anonymous_12)","line":314,"loc":{"start":{"line":314,"column":32},"end":{"line":314,"column":61}},"skip":true}},"statementMap":{"1":{"start":{"line":26,"column":0},"end":{"line":325,"column":5}},"2":{"start":{"line":28,"column":4},"end":{"line":28,"column":14}},"3":{"start":{"line":33,"column":4},"end":{"line":60,"column":9}},"4":{"start":{"line":35,"column":8},"end":{"line":35,"column":19}},"5":{"start":{"line":37,"column":8},"end":{"line":49,"column":13}},"6":{"start":{"line":38,"column":12},"end":{"line":48,"column":13}},"7":{"start":{"line":39,"column":16},"end":{"line":42,"column":30}},"8":{"start":{"line":44,"column":16},"end":{"line":47,"column":27}},"9":{"start":{"line":51,"column":8},"end":{"line":53,"column":21}},"10":{"start":{"line":55,"column":8},"end":{"line":57,"column":45}},"11":{"start":{"line":59,"column":8},"end":{"line":59,"column":35}},"12":{"start":{"line":61,"column":4},"end":{"line":324,"column":5}},"13":{"start":{"line":69,"column":8},"end":{"line":121,"column":10},"skip":true},"14":{"start":{"line":70,"column":12},"end":{"line":88,"column":13},"skip":true},"15":{"start":{"line":76,"column":16},"end":{"line":87,"column":19},"skip":true},"16":{"start":{"line":79,"column":20},"end":{"line":86,"column":21},"skip":true},"17":{"start":{"line":82,"column":24},"end":{"line":82,"column":43},"skip":true},"18":{"start":{"line":83,"column":24},"end":{"line":83,"column":30},"skip":true},"19":{"start":{"line":85,"column":24},"end":{"line":85,"column":49},"skip":true},"20":{"start":{"line":89,"column":12},"end":{"line":107,"column":13},"skip":true},"21":{"start":{"line":92,"column":16},"end":{"line":102,"column":17},"skip":true},"22":{"start":{"line":93,"column":20},"end":{"line":93,"column":86},"skip":true},"23":{"start":{"line":94,"column":20},"end":{"line":95,"column":45},"skip":true},"24":{"start":{"line":96,"column":20},"end":{"line":96,"column":42},"skip":true},"25":{"start":{"line":97,"column":20},"end":{"line":97,"column":48},"skip":true},"26":{"start":{"line":100,"column":20},"end":{"line":100,"column":85},"skip":true},"27":{"start":{"line":101,"column":20},"end":{"line":101,"column":96},"skip":true},"28":{"start":{"line":103,"column":16},"end":{"line":103,"column":22},"skip":true},"29":{"start":{"line":106,"column":16},"end":{"line":106,"column":22},"skip":true},"30":{"start":{"line":108,"column":12},"end":{"line":120,"column":13},"skip":true},"31":{"start":{"line":114,"column":16},"end":{"line":119,"column":17},"skip":true},"32":{"start":{"line":116,"column":20},"end":{"line":116,"column":78},"skip":true},"33":{"start":{"line":118,"column":20},"end":{"line":118,"column":47},"skip":true},"34":{"start":{"line":123,"column":8},"end":{"line":141,"column":11},"skip":true},"35":{"start":{"line":124,"column":12},"end":{"line":124,"column":54},"skip":true},"36":{"start":{"line":125,"column":12},"end":{"line":140,"column":14},"skip":true},"37":{"start":{"line":126,"column":16},"end":{"line":126,"column":28},"skip":true},"38":{"start":{"line":127,"column":16},"end":{"line":127,"column":69},"skip":true},"39":{"start":{"line":128,"column":16},"end":{"line":128,"column":75},"skip":true},"40":{"start":{"line":129,"column":16},"end":{"line":131,"column":17},"skip":true},"41":{"start":{"line":130,"column":20},"end":{"line":130,"column":27},"skip":true},"42":{"start":{"line":133,"column":16},"end":{"line":137,"column":36},"skip":true},"43":{"start":{"line":134,"column":20},"end":{"line":136,"column":55},"skip":true},"44":{"start":{"line":139,"column":16},"end":{"line":139,"column":57},"skip":true},"45":{"start":{"line":143,"column":8},"end":{"line":147,"column":11},"skip":true},"46":{"start":{"line":144,"column":12},"end":{"line":146,"column":15},"skip":true},"47":{"start":{"line":145,"column":16},"end":{"line":145,"column":70},"skip":true},"48":{"start":{"line":149,"column":8},"end":{"line":149,"column":31},"skip":true},"49":{"start":{"line":150,"column":8},"end":{"line":150,"column":14},"skip":true},"50":{"start":{"line":158,"column":8},"end":{"line":158,"column":31},"skip":true},"51":{"start":{"line":160,"column":8},"end":{"line":160,"column":33},"skip":true},"52":{"start":{"line":161,"column":8},"end":{"line":161,"column":37},"skip":true},"53":{"start":{"line":162,"column":8},"end":{"line":162,"column":35},"skip":true},"54":{"start":{"line":164,"column":8},"end":{"line":164,"column":50},"skip":true},"55":{"start":{"line":166,"column":8},"end":{"line":256,"column":2},"skip":true},"56":{"start":{"line":258,"column":8},"end":{"line":286,"column":9},"skip":true},"57":{"start":{"line":259,"column":12},"end":{"line":269,"column":14},"skip":true},"58":{"start":{"line":271,"column":12},"end":{"line":285,"column":19},"skip":true},"59":{"start":{"line":274,"column":20},"end":{"line":274,"column":35},"skip":true},"60":{"start":{"line":275,"column":20},"end":{"line":284,"column":21},"skip":true},"61":{"start":{"line":277,"column":24},"end":{"line":277,"column":64},"skip":true},"62":{"start":{"line":279,"column":24},"end":{"line":279,"column":40},"skip":true},"63":{"start":{"line":281,"column":24},"end":{"line":281,"column":40},"skip":true},"64":{"start":{"line":283,"column":24},"end":{"line":283,"column":39},"skip":true},"65":{"start":{"line":288,"column":8},"end":{"line":290,"column":9},"skip":true},"66":{"start":{"line":289,"column":12},"end":{"line":289,"column":18},"skip":true},"67":{"start":{"line":291,"column":8},"end":{"line":293,"column":54},"skip":true},"68":{"start":{"line":294,"column":8},"end":{"line":301,"column":37},"skip":true},"69":{"start":{"line":302,"column":8},"end":{"line":302,"column":82},"skip":true},"70":{"start":{"line":305,"column":8},"end":{"line":307,"column":9},"skip":true},"71":{"start":{"line":306,"column":12},"end":{"line":306,"column":82},"skip":true},"72":{"start":{"line":309,"column":8},"end":{"line":311,"column":9},"skip":true},"73":{"start":{"line":310,"column":12},"end":{"line":310,"column":18},"skip":true},"74":{"start":{"line":312,"column":8},"end":{"line":312,"column":54},"skip":true},"75":{"start":{"line":313,"column":8},"end":{"line":313,"column":69},"skip":true},"76":{"start":{"line":314,"column":8},"end":{"line":322,"column":36},"skip":true},"77":{"start":{"line":315,"column":12},"end":{"line":315,"column":61},"skip":true},"78":{"start":{"line":316,"column":12},"end":{"line":319,"column":13},"skip":true},"79":{"start":{"line":317,"column":16},"end":{"line":317,"column":75},"skip":true},"80":{"start":{"line":318,"column":16},"end":{"line":318,"column":23},"skip":true},"81":{"start":{"line":320,"column":12},"end":{"line":320,"column":38},"skip":true},"82":{"start":{"line":321,"column":12},"end":{"line":321,"column":27},"skip":true},"83":{"start":{"line":323,"column":8},"end":{"line":323,"column":14},"skip":true}},"branchMap":{"1":{"line":39,"type":"binary-expr","locations":[{"start":{"line":39,"column":23},"end":{"line":39,"column":62}},{"start":{"line":40,"column":20},"end":{"line":40,"column":70}},{"start":{"line":41,"column":20},"end":{"line":41,"column":71}},{"start":{"line":42,"column":20},"end":{"line":42,"column":29}}]},"2":{"line":44,"type":"binary-expr","locations":[{"start":{"line":44,"column":23},"end":{"line":44,"column":37}},{"start":{"line":45,"column":20},"end":{"line":45,"column":61}},{"start":{"line":46,"column":20},"end":{"line":46,"column":70}},{"start":{"line":47,"column":20},"end":{"line":47,"column":26}}]},"3":{"line":51,"type":"cond-expr","locations":[{"start":{"line":52,"column":14},"end":{"line":52,"column":20}},{"start":{"line":53,"column":14},"end":{"line":53,"column":20}}]},"4":{"line":55,"type":"binary-expr","locations":[{"start":{"line":55,"column":16},"end":{"line":55,"column":44}},{"start":{"line":55,"column":49},"end":{"line":57,"column":43}}]},"5":{"line":55,"type":"cond-expr","locations":[{"start":{"line":56,"column":14},"end":{"line":56,"column":52}},{"start":{"line":57,"column":14},"end":{"line":57,"column":43}}]},"6":{"line":61,"type":"switch","locations":[{"start":{"line":68,"column":4},"end":{"line":150,"column":14},"skip":true},{"start":{"line":156,"column":4},"end":{"line":323,"column":14},"skip":true}]},"7":{"line":70,"type":"if","locations":[{"start":{"line":70,"column":12},"end":{"line":70,"column":12},"skip":true},{"start":{"line":70,"column":12},"end":{"line":70,"column":12},"skip":true}]},"8":{"line":70,"type":"binary-expr","locations":[{"start":{"line":70,"column":16},"end":{"line":70,"column":22},"skip":true},{"start":{"line":70,"column":27},"end":{"line":70,"column":32},"skip":true},{"start":{"line":71,"column":20},"end":{"line":71,"column":39},"skip":true},{"start":{"line":72,"column":20},"end":{"line":72,"column":49},"skip":true},{"start":{"line":73,"column":20},"end":{"line":73,"column":58},"skip":true},{"start":{"line":74,"column":20},"end":{"line":74,"column":69},"skip":true}]},"9":{"line":79,"type":"switch","locations":[{"start":{"line":80,"column":20},"end":{"line":80,"column":33},"skip":true},{"start":{"line":81,"column":20},"end":{"line":83,"column":30},"skip":true},{"start":{"line":84,"column":20},"end":{"line":85,"column":49},"skip":true}]},"10":{"line":89,"type":"switch","locations":[{"start":{"line":90,"column":12},"end":{"line":103,"column":22},"skip":true},{"start":{"line":105,"column":12},"end":{"line":106,"column":22},"skip":true}]},"11":{"line":89,"type":"binary-expr","locations":[{"start":{"line":89,"column":20},"end":{"line":89,"column":25},"skip":true},{"start":{"line":89,"column":29},"end":{"line":89,"column":48},"skip":true},{"start":{"line":89,"column":52},"end":{"line":89,"column":74},"skip":true}]},"12":{"line":92,"type":"if","locations":[{"start":{"line":92,"column":16},"end":{"line":92,"column":16},"skip":true},{"start":{"line":92,"column":16},"end":{"line":92,"column":16},"skip":true}]},"13":{"line":108,"type":"if","locations":[{"start":{"line":108,"column":12},"end":{"line":108,"column":12},"skip":true},{"start":{"line":108,"column":12},"end":{"line":108,"column":12},"skip":true}]},"14":{"line":108,"type":"binary-expr","locations":[{"start":{"line":108,"column":16},"end":{"line":108,"column":61},"skip":true},{"start":{"line":108,"column":66},"end":{"line":108,"column":72},"skip":true},{"start":{"line":108,"column":77},"end":{"line":108,"column":82},"skip":true},{"start":{"line":109,"column":20},"end":{"line":109,"column":39},"skip":true},{"start":{"line":110,"column":20},"end":{"line":110,"column":49},"skip":true},{"start":{"line":111,"column":20},"end":{"line":111,"column":58},"skip":true},{"start":{"line":112,"column":20},"end":{"line":112,"column":68},"skip":true}]},"15":{"line":129,"type":"if","locations":[{"start":{"line":129,"column":16},"end":{"line":129,"column":16},"skip":true},{"start":{"line":129,"column":16},"end":{"line":129,"column":16},"skip":true}]},"16":{"line":134,"type":"cond-expr","locations":[{"start":{"line":135,"column":26},"end":{"line":135,"column":29},"skip":true},{"start":{"line":136,"column":26},"end":{"line":136,"column":54},"skip":true}]},"17":{"line":164,"type":"binary-expr","locations":[{"start":{"line":164,"column":27},"end":{"line":164,"column":43},"skip":true},{"start":{"line":164,"column":47},"end":{"line":164,"column":49},"skip":true}]},"18":{"line":258,"type":"if","locations":[{"start":{"line":258,"column":8},"end":{"line":258,"column":8},"skip":true},{"start":{"line":258,"column":8},"end":{"line":258,"column":8},"skip":true}]},"19":{"line":275,"type":"switch","locations":[{"start":{"line":276,"column":20},"end":{"line":277,"column":64},"skip":true},{"start":{"line":278,"column":20},"end":{"line":279,"column":40},"skip":true},{"start":{"line":280,"column":20},"end":{"line":281,"column":40},"skip":true},{"start":{"line":282,"column":20},"end":{"line":283,"column":39},"skip":true}]},"20":{"line":288,"type":"if","locations":[{"start":{"line":288,"column":8},"end":{"line":288,"column":8},"skip":true},{"start":{"line":288,"column":8},"end":{"line":288,"column":8},"skip":true}]},"21":{"line":288,"type":"binary-expr","locations":[{"start":{"line":288,"column":12},"end":{"line":288,"column":40},"skip":true},{"start":{"line":288,"column":44},"end":{"line":288,"column":67},"skip":true}]},"22":{"line":292,"type":"binary-expr","locations":[{"start":{"line":292,"column":12},"end":{"line":292,"column":50},"skip":true},{"start":{"line":293,"column":12},"end":{"line":293,"column":53},"skip":true}]},"23":{"line":295,"type":"binary-expr","locations":[{"start":{"line":295,"column":12},"end":{"line":295,"column":66},"skip":true},{"start":{"line":296,"column":12},"end":{"line":301,"column":36},"skip":true}]},"24":{"line":302,"type":"binary-expr","locations":[{"start":{"line":302,"column":43},"end":{"line":302,"column":75},"skip":true},{"start":{"line":302,"column":79},"end":{"line":302,"column":81},"skip":true}]},"25":{"line":305,"type":"if","locations":[{"start":{"line":305,"column":8},"end":{"line":305,"column":8},"skip":true},{"start":{"line":305,"column":8},"end":{"line":305,"column":8},"skip":true}]},"26":{"line":309,"type":"if","locations":[{"start":{"line":309,"column":8},"end":{"line":309,"column":8},"skip":true},{"start":{"line":309,"column":8},"end":{"line":309,"column":8},"skip":true}]},"27":{"line":312,"type":"binary-expr","locations":[{"start":{"line":312,"column":27},"end":{"line":312,"column":43},"skip":true},{"start":{"line":312,"column":47},"end":{"line":312,"column":53},"skip":true}]},"28":{"line":316,"type":"if","locations":[{"start":{"line":316,"column":12},"end":{"line":316,"column":12},"skip":true},{"start":{"line":316,"column":12},"end":{"line":316,"column":12},"skip":true}]}},"code":["/*","example.js","","quickstart example","","instruction","    1. save this script as example.js","    2. run the shell command:","        $ npm install npmtest-brackets && PORT=8081 node example.js","    3. play with the browser-demo on http://127.0.0.1:8081","*/","","","","/* istanbul instrument in package npmtest_brackets */","/*jslint","    bitwise: true,","    browser: true,","    maxerr: 8,","    maxlen: 96,","    node: true,","    nomen: true,","    regexp: true,","    stupid: true","*/","(function () {","    'use strict';","    var local;","","","","    // run shared js-env code - pre-init","    (function () {","        // init local","        local = {};","        // init modeJs","        local.modeJs = (function () {","            try {","                return typeof navigator.userAgent === 'string' &&","                    typeof document.querySelector('body') === 'object' &&","                    typeof XMLHttpRequest.prototype.open === 'function' &&","                    'browser';","            } catch (errorCaughtBrowser) {","                return module.exports &&","                    typeof process.versions.node === 'string' &&","                    typeof require('http').createServer === 'function' &&","                    'node';","            }","        }());","        // init global","        local.global = local.modeJs === 'browser'","            ? window","            : global;","        // init utility2_rollup","        local = local.global.utility2_rollup || (local.modeJs === 'browser'","            ? local.global.utility2_npmtest_brackets","            : global.utility2_moduleExports);","        // export local","        local.global.local = local;","    }());","    switch (local.modeJs) {","","","","    // post-init","    // run browser js-env code - post-init","    /* istanbul ignore next */","    case 'browser':","        local.testRunBrowser = function (event) {","            if (!event || (event &&","                    event.currentTarget &&","                    event.currentTarget.className &&","                    event.currentTarget.className.includes &&","                    event.currentTarget.className.includes('onreset'))) {","                // reset output","                Array.from(","                    document.querySelectorAll('body > .resettable')","                ).forEach(function (element) {","                    switch (element.tagName) {","                    case 'INPUT':","                    case 'TEXTAREA':","                        element.value = '';","                        break;","                    default:","                        element.textContent = '';","                    }","                });","            }","            switch (event && event.currentTarget && event.currentTarget.id) {","            case 'testRunButton1':","                // show tests","                if (document.querySelector('#testReportDiv1').style.display === 'none') {","                    document.querySelector('#testReportDiv1').style.display = 'block';","                    document.querySelector('#testRunButton1').textContent =","                        'hide internal test';","                    local.modeTest = true;","                    local.testRunDefault(local);","                // hide tests","                } else {","                    document.querySelector('#testReportDiv1').style.display = 'none';","                    document.querySelector('#testRunButton1').textContent = 'run internal test';","                }","                break;","            // custom-case","            default:","                break;","            }","            if (document.querySelector('#inputTextareaEval1') && (!event || (event &&","                    event.currentTarget &&","                    event.currentTarget.className &&","                    event.currentTarget.className.includes &&","                    event.currentTarget.className.includes('oneval')))) {","                // try to eval input-code","                try {","                    /*jslint evil: true*/","                    eval(document.querySelector('#inputTextareaEval1').value);","                } catch (errorCaught) {","                    console.error(errorCaught);","                }","            }","        };","        // log stderr and stdout to #outputTextareaStdout1","        ['error', 'log'].forEach(function (key) {","            console[key + '_original'] = console[key];","            console[key] = function () {","                var element;","                console[key + '_original'].apply(console, arguments);","                element = document.querySelector('#outputTextareaStdout1');","                if (!element) {","                    return;","                }","                // append text to #outputTextareaStdout1","                element.value += Array.from(arguments).map(function (arg) {","                    return typeof arg === 'string'","                        ? arg","                        : JSON.stringify(arg, null, 4);","                }).join(' ') + '\\n';","                // scroll textarea to bottom","                element.scrollTop = element.scrollHeight;","            };","        });","        // init event-handling","        ['change', 'click', 'keyup'].forEach(function (event) {","            Array.from(document.querySelectorAll('.on' + event)).forEach(function (element) {","                element.addEventListener(event, local.testRunBrowser);","            });","        });","        // run tests","        local.testRunBrowser();","        break;","","","","    // run node js-env code - post-init","    /* istanbul ignore next */","    case 'node':","        // export local","        module.exports = local;","        // require modules","        local.fs = require('fs');","        local.http = require('http');","        local.url = require('url');","        // init assets","        local.assetsDict = local.assetsDict || {};","        /* jslint-ignore-begin */","        local.assetsDict['/assets.index.template.html'] = '\\","<!doctype html>\\n\\","<html lang=\"en\">\\n\\","<head>\\n\\","<meta charset=\"UTF-8\">\\n\\","<meta name=\"viewport\" content=\"width=device-width, initial-scale=1\">\\n\\","<title>{{env.npm_package_name}} (v{{env.npm_package_version}})</title>\\n\\","<style>\\n\\","/*csslint\\n\\","    box-sizing: false,\\n\\","    universal-selector: false\\n\\","*/\\n\\","* {\\n\\","    box-sizing: border-box;\\n\\","}\\n\\","body {\\n\\","    background: #dde;\\n\\","    font-family: Arial, Helvetica, sans-serif;\\n\\","    margin: 2rem;\\n\\","}\\n\\","body > * {\\n\\","    margin-bottom: 1rem;\\n\\","}\\n\\",".utility2FooterDiv {\\n\\","    margin-top: 20px;\\n\\","    text-align: center;\\n\\","}\\n\\","</style>\\n\\","<style>\\n\\","/*csslint\\n\\","*/\\n\\","textarea {\\n\\","    font-family: monospace;\\n\\","    height: 10rem;\\n\\","    width: 100%;\\n\\","}\\n\\","textarea[readonly] {\\n\\","    background: #ddd;\\n\\","}\\n\\","</style>\\n\\","</head>\\n\\","<body>\\n\\","<!-- utility2-comment\\n\\","<div id=\"ajaxProgressDiv1\" style=\"background: #d00; height: 2px; left: 0; margin: 0; padding: 0; position: fixed; top: 0; transition: background 0.5s, width 1.5s; width: 25%;\"></div>\\n\\","utility2-comment -->\\n\\","<h1>\\n\\","<!-- utility2-comment\\n\\","    <a\\n\\","        {{#if env.npm_package_homepage}}\\n\\","        href=\"{{env.npm_package_homepage}}\"\\n\\","        {{/if env.npm_package_homepage}}\\n\\","        target=\"_blank\"\\n\\","    >\\n\\","utility2-comment -->\\n\\","        {{env.npm_package_name}} (v{{env.npm_package_version}})\\n\\","<!-- utility2-comment\\n\\","    </a>\\n\\","utility2-comment -->\\n\\","</h1>\\n\\","<h3>{{env.npm_package_description}}</h3>\\n\\","<!-- utility2-comment\\n\\","<h4><a download href=\"assets.app.js\">download standalone app</a></h4>\\n\\","<button class=\"onclick onreset\" id=\"testRunButton1\">run internal test</button><br>\\n\\","<div id=\"testReportDiv1\" style=\"display: none;\"></div>\\n\\","utility2-comment -->\\n\\","\\n\\","\\n\\","\\n\\","<label>stderr and stdout</label>\\n\\","<textarea class=\"resettable\" id=\"outputTextareaStdout1\" readonly></textarea>\\n\\","<!-- utility2-comment\\n\\","{{#if isRollup}}\\n\\","<script src=\"assets.app.js\"></script>\\n\\","{{#unless isRollup}}\\n\\","utility2-comment -->\\n\\","<script src=\"assets.utility2.rollup.js\"></script>\\n\\","<script src=\"jsonp.utility2._stateInit?callback=window.utility2._stateInit\"></script>\\n\\","<script src=\"assets.npmtest_brackets.rollup.js\"></script>\\n\\","<script src=\"assets.example.js\"></script>\\n\\","<script src=\"assets.test.js\"></script>\\n\\","<!-- utility2-comment\\n\\","{{/if isRollup}}\\n\\","utility2-comment -->\\n\\","<div class=\"utility2FooterDiv\">\\n\\","    [ this app was created with\\n\\","    <a href=\"https://github.com/kaizhu256/node-utility2\" target=\"_blank\">utility2</a>\\n\\","    ]\\n\\","</div>\\n\\","</body>\\n\\","</html>\\n\\","';","        /* jslint-ignore-end */","        if (local.templateRender) {","            local.assetsDict['/'] = local.templateRender(","                local.assetsDict['/assets.index.template.html'],","                {","                    env: local.objectSetDefault(local.env, {","                        npm_package_description: 'the greatest app in the world!',","                        npm_package_name: 'my-app',","                        npm_package_nameAlias: 'my_app',","                        npm_package_version: '0.0.1'","                    })","                }","            );","        } else {","            local.assetsDict['/'] = local.assetsDict['/assets.index.template.html']","                .replace((/\\{\\{env\\.(\\w+?)\\}\\}/g), function (match0, match1) {","                    // jslint-hack","                    String(match0);","                    switch (match1) {","                    case 'npm_package_description':","                        return 'the greatest app in the world!';","                    case 'npm_package_name':","                        return 'my-app';","                    case 'npm_package_nameAlias':","                        return 'my_app';","                    case 'npm_package_version':","                        return '0.0.1';","                    }","                });","        }","        // run the cli","        if (local.global.utility2_rollup || module !== require.main) {","            break;","        }","        local.assetsDict['/assets.example.js'] =","            local.assetsDict['/assets.example.js'] ||","            local.fs.readFileSync(__filename, 'utf8');","        local.assetsDict['/assets.npmtest_brackets.rollup.js'] =","            local.assetsDict['/assets.npmtest_brackets.rollup.js'] ||","            local.fs.readFileSync(","                // buildCustomOrg-hack","                local.npmtest_brackets.__dirname +","                    '/lib.npmtest_brackets.js',","                'utf8'","            ).replace((/^#!/), '//');","        local.assetsDict['/favicon.ico'] = local.assetsDict['/favicon.ico'] || '';","        // if $npm_config_timeout_exit exists,","        // then exit this process after $npm_config_timeout_exit ms","        if (Number(process.env.npm_config_timeout_exit)) {","            setTimeout(process.exit, Number(process.env.npm_config_timeout_exit));","        }","        // start server","        if (local.global.utility2_serverHttp1) {","            break;","        }","        process.env.PORT = process.env.PORT || '8081';","        console.error('server starting on port ' + process.env.PORT);","        local.http.createServer(function (request, response) {","            request.urlParsed = local.url.parse(request.url);","            if (local.assetsDict[request.urlParsed.pathname] !== undefined) {","                response.end(local.assetsDict[request.urlParsed.pathname]);","                return;","            }","            response.statusCode = 404;","            response.end();","        }).listen(process.env.PORT);","        break;","    }","}());",""],"l":{"26":2,"28":2,"33":2,"35":2,"37":2,"38":2,"39":2,"44":1,"51":2,"55":2,"59":2,"61":2,"69":1,"70":2,"76":2,"79":2,"82":2,"83":2,"85":1,"89":2,"92":1,"93":1,"94":1,"96":1,"97":1,"100":1,"101":1,"103":1,"106":1,"108":2,"114":1,"116":1,"118":1,"123":1,"124":2,"125":2,"126":2,"127":2,"128":2,"129":2,"130":1,"133":2,"134":2,"139":2,"143":1,"144":3,"145":1,"149":1,"150":1,"158":1,"160":1,"161":1,"162":1,"164":1,"166":1,"258":1,"259":1,"271":1,"274":6,"275":6,"277":1,"279":2,"281":1,"283":2,"288":1,"289":1,"291":1,"294":1,"302":1,"305":1,"306":1,"309":1,"310":1,"312":1,"313":1,"314":1,"315":1,"316":1,"317":1,"318":1,"320":1,"321":1,"323":1}},"/home/travis/build/npmtest/node-npmtest-brackets/node_modules/brackets/lib/server.js":{"path":"/home/travis/build/npmtest/node-npmtest-brackets/node_modules/brackets/lib/server.js","s":{"1":1,"2":1,"3":1,"4":0,"5":1,"6":0,"7":0,"8":0,"9":0,"10":0,"11":0,"12":0,"13":0,"14":0,"15":1,"16":0,"17":0,"18":0,"19":0,"20":0,"21":0,"22":0,"23":0,"24":0,"25":0,"26":0,"27":0,"28":0,"29":0,"30":0,"31":0,"32":0,"33":0,"34":0,"35":0,"36":0,"37":0,"38":0,"39":0,"40":0,"41":0,"42":0,"43":0,"44":0,"45":0,"46":0,"47":0,"48":0,"49":0,"50":0,"51":0,"52":0,"53":0,"54":1,"55":0,"56":0,"57":0,"58":0,"59":0,"60":0,"61":0,"62":0,"63":0,"64":0,"65":0,"66":0,"67":0,"68":0,"69":0,"70":0,"71":0,"72":0,"73":0,"74":0,"75":0,"76":0,"77":0,"78":0,"79":0,"80":0,"81":0,"82":0,"83":0,"84":0,"85":0,"86":0,"87":0,"88":0,"89":0,"90":0,"91":0,"92":0,"93":0,"94":0,"95":1},"b":{"1":[0,0],"2":[0,0],"3":[0,0],"4":[0,0],"5":[0,0],"6":[0,0],"7":[0,0],"8":[0,0],"9":[0,0],"10":[0,0],"11":[0,0,0,0,0,0],"12":[0,0],"13":[0,0],"14":[0,0],"15":[0,0],"16":[0,0],"17":[0,0],"18":[0,0],"19":[0,0],"20":[0,0,0,0,0],"21":[0,0],"22":[0,0]},"f":{"1":0,"2":0,"3":0,"4":0,"5":0,"6":0,"7":0,"8":0,"9":0},"fnMap":{"1":{"name":"removeTrailingSlash","line":22,"loc":{"start":{"line":22,"column":0},"end":{"line":22,"column":35}}},"2":{"name":"createHttpServer","line":26,"loc":{"start":{"line":26,"column":0},"end":{"line":26,"column":38}}},"3":{"name":"(anonymous_3)","line":27,"loc":{"start":{"line":27,"column":40},"end":{"line":27,"column":60}}},"4":{"name":"attachStatic","line":41,"loc":{"start":{"line":41,"column":0},"end":{"line":41,"column":28}}},"5":{"name":"(anonymous_5)","line":48,"loc":{"start":{"line":48,"column":22},"end":{"line":48,"column":41}}},"6":{"name":"(anonymous_6)","line":71,"loc":{"start":{"line":71,"column":60},"end":{"line":71,"column":75}}},"7":{"name":"(anonymous_7)","line":85,"loc":{"start":{"line":85,"column":35},"end":{"line":85,"column":51}}},"8":{"name":"Server","line":112,"loc":{"start":{"line":112,"column":0},"end":{"line":112,"column":27}}},"9":{"name":"(anonymous_9)","line":169,"loc":{"start":{"line":169,"column":44},"end":{"line":169,"column":59}}}},"statementMap":{"1":{"start":{"line":7,"column":0},"end":{"line":18,"column":23}},"2":{"start":{"line":20,"column":0},"end":{"line":20,"column":18}},"3":{"start":{"line":22,"column":0},"end":{"line":24,"column":1}},"4":{"start":{"line":23,"column":4},"end":{"line":23,"column":82}},"5":{"start":{"line":26,"column":0},"end":{"line":39,"column":1}},"6":{"start":{"line":27,"column":4},"end":{"line":35,"column":7}},"7":{"start":{"line":28,"column":8},"end":{"line":34,"column":9}},"8":{"start":{"line":29,"column":12},"end":{"line":29,"column":64}},"9":{"start":{"line":30,"column":12},"end":{"line":30,"column":22}},"10":{"start":{"line":32,"column":12},"end":{"line":32,"column":31}},"11":{"start":{"line":33,"column":12},"end":{"line":33,"column":33}},"12":{"start":{"line":36,"column":4},"end":{"line":36,"column":38}},"13":{"start":{"line":37,"column":4},"end":{"line":37,"column":33}},"14":{"start":{"line":38,"column":4},"end":{"line":38,"column":65}},"15":{"start":{"line":41,"column":0},"end":{"line":110,"column":1}},"16":{"start":{"line":42,"column":4},"end":{"line":45,"column":69}},"17":{"start":{"line":47,"column":4},"end":{"line":47,"column":38}},"18":{"start":{"line":48,"column":4},"end":{"line":109,"column":7}},"19":{"start":{"line":49,"column":8},"end":{"line":108,"column":9}},"20":{"start":{"line":50,"column":12},"end":{"line":50,"column":50}},"21":{"start":{"line":52,"column":12},"end":{"line":56,"column":13}},"22":{"start":{"line":53,"column":16},"end":{"line":53,"column":68}},"23":{"start":{"line":54,"column":16},"end":{"line":54,"column":26}},"24":{"start":{"line":55,"column":16},"end":{"line":55,"column":23}},"25":{"start":{"line":58,"column":12},"end":{"line":60,"column":13}},"26":{"start":{"line":59,"column":16},"end":{"line":59,"column":36}},"27":{"start":{"line":62,"column":12},"end":{"line":80,"column":13}},"28":{"start":{"line":63,"column":16},"end":{"line":65,"column":77}},"29":{"start":{"line":67,"column":16},"end":{"line":67,"column":40}},"30":{"start":{"line":68,"column":16},"end":{"line":68,"column":39}},"31":{"start":{"line":70,"column":16},"end":{"line":70,"column":28}},"32":{"start":{"line":71,"column":16},"end":{"line":76,"column":19}},"33":{"start":{"line":72,"column":20},"end":{"line":72,"column":33}},"34":{"start":{"line":73,"column":20},"end":{"line":73,"column":65}},"35":{"start":{"line":74,"column":20},"end":{"line":74,"column":35}},"36":{"start":{"line":75,"column":20},"end":{"line":75,"column":34}},"37":{"start":{"line":77,"column":16},"end":{"line":77,"column":36}},"38":{"start":{"line":78,"column":16},"end":{"line":78,"column":29}},"39":{"start":{"line":79,"column":16},"end":{"line":79,"column":23}},"40":{"start":{"line":82,"column":12},"end":{"line":82,"column":52}},"41":{"start":{"line":83,"column":12},"end":{"line":91,"column":13}},"42":{"start":{"line":84,"column":16},"end":{"line":89,"column":31}},"43":{"start":{"line":86,"column":24},"end":{"line":86,"column":67}},"44":{"start":{"line":87,"column":24},"end":{"line":87,"column":64}},"45":{"start":{"line":90,"column":16},"end":{"line":90,"column":23}},"46":{"start":{"line":93,"column":12},"end":{"line":93,"column":47}},"47":{"start":{"line":94,"column":15},"end":{"line":108,"column":9}},"48":{"start":{"line":95,"column":12},"end":{"line":103,"column":13}},"49":{"start":{"line":96,"column":16},"end":{"line":96,"column":97}},"50":{"start":{"line":98,"column":16},"end":{"line":101,"column":19}},"51":{"start":{"line":102,"column":16},"end":{"line":102,"column":35}},"52":{"start":{"line":105,"column":12},"end":{"line":107,"column":13}},"53":{"start":{"line":106,"column":16},"end":{"line":106,"column":43}},"54":{"start":{"line":112,"column":0},"end":{"line":182,"column":1}},"55":{"start":{"line":113,"column":4},"end":{"line":115,"column":5}},"56":{"start":{"line":114,"column":8},"end":{"line":114,"column":37}},"57":{"start":{"line":117,"column":4},"end":{"line":141,"column":5}},"58":{"start":{"line":120,"column":12},"end":{"line":120,"column":48}},"59":{"start":{"line":121,"column":12},"end":{"line":121,"column":18}},"60":{"start":{"line":123,"column":12},"end":{"line":133,"column":13}},"61":{"start":{"line":124,"column":16},"end":{"line":124,"column":30}},"62":{"start":{"line":125,"column":16},"end":{"line":125,"column":49}},"63":{"start":{"line":126,"column":19},"end":{"line":133,"column":13}},"64":{"start":{"line":127,"column":16},"end":{"line":127,"column":38}},"65":{"start":{"line":128,"column":16},"end":{"line":128,"column":50}},"66":{"start":{"line":130,"column":16},"end":{"line":130,"column":27}},"67":{"start":{"line":131,"column":16},"end":{"line":131,"column":27}},"68":{"start":{"line":132,"column":16},"end":{"line":132,"column":52}},"69":{"start":{"line":134,"column":12},"end":{"line":134,"column":18}},"70":{"start":{"line":137,"column":12},"end":{"line":137,"column":48}},"71":{"start":{"line":138,"column":12},"end":{"line":138,"column":18}},"72":{"start":{"line":140,"column":12},"end":{"line":140,"column":44}},"73":{"start":{"line":143,"column":4},"end":{"line":143,"column":22}},"74":{"start":{"line":145,"column":4},"end":{"line":145,"column":70}},"75":{"start":{"line":146,"column":4},"end":{"line":146,"column":68}},"76":{"start":{"line":147,"column":4},"end":{"line":147,"column":89}},"77":{"start":{"line":148,"column":4},"end":{"line":148,"column":91}},"78":{"start":{"line":149,"column":4},"end":{"line":149,"column":98}},"79":{"start":{"line":150,"column":4},"end":{"line":150,"column":59}},"80":{"start":{"line":152,"column":4},"end":{"line":166,"column":5}},"81":{"start":{"line":155,"column":12},"end":{"line":155,"column":71}},"82":{"start":{"line":156,"column":12},"end":{"line":156,"column":18}},"83":{"start":{"line":158,"column":12},"end":{"line":158,"column":46}},"84":{"start":{"line":159,"column":12},"end":{"line":159,"column":18}},"85":{"start":{"line":162,"column":12},"end":{"line":162,"column":59}},"86":{"start":{"line":163,"column":12},"end":{"line":163,"column":18}},"87":{"start":{"line":165,"column":12},"end":{"line":165,"column":58}},"88":{"start":{"line":168,"column":4},"end":{"line":168,"column":20}},"89":{"start":{"line":169,"column":4},"end":{"line":181,"column":7}},"90":{"start":{"line":170,"column":8},"end":{"line":172,"column":9}},"91":{"start":{"line":171,"column":12},"end":{"line":171,"column":22}},"92":{"start":{"line":174,"column":8},"end":{"line":174,"column":27}},"93":{"start":{"line":177,"column":8},"end":{"line":177,"column":25}},"94":{"start":{"line":180,"column":8},"end":{"line":180,"column":27}},"95":{"start":{"line":184,"column":0},"end":{"line":184,"column":24}}},"branchMap":{"1":{"line":23,"type":"cond-expr","locations":[{"start":{"line":23,"column":43},"end":{"line":23,"column":74}},{"start":{"line":23,"column":77},"end":{"line":23,"column":81}}]},"2":{"line":28,"type":"if","locations":[{"start":{"line":28,"column":8},"end":{"line":28,"column":8}},{"start":{"line":28,"column":8},"end":{"line":28,"column":8}}]},"3":{"line":49,"type":"if","locations":[{"start":{"line":49,"column":8},"end":{"line":49,"column":8}},{"start":{"line":49,"column":8},"end":{"line":49,"column":8}}]},"4":{"line":52,"type":"if","locations":[{"start":{"line":52,"column":12},"end":{"line":52,"column":12}},{"start":{"line":52,"column":12},"end":{"line":52,"column":12}}]},"5":{"line":58,"type":"if","locations":[{"start":{"line":58,"column":12},"end":{"line":58,"column":12}},{"start":{"line":58,"column":12},"end":{"line":58,"column":12}}]},"6":{"line":62,"type":"if","locations":[{"start":{"line":62,"column":12},"end":{"line":62,"column":12}},{"start":{"line":62,"column":12},"end":{"line":62,"column":12}}]},"7":{"line":65,"type":"cond-expr","locations":[{"start":{"line":65,"column":64},"end":{"line":65,"column":68}},{"start":{"line":65,"column":71},"end":{"line":65,"column":76}}]},"8":{"line":83,"type":"if","locations":[{"start":{"line":83,"column":12},"end":{"line":83,"column":12}},{"start":{"line":83,"column":12},"end":{"line":83,"column":12}}]},"9":{"line":94,"type":"if","locations":[{"start":{"line":94,"column":15},"end":{"line":94,"column":15}},{"start":{"line":94,"column":15},"end":{"line":94,"column":15}}]},"10":{"line":113,"type":"if","locations":[{"start":{"line":113,"column":4},"end":{"line":113,"column":4}},{"start":{"line":113,"column":4},"end":{"line":113,"column":4}}]},"11":{"line":117,"type":"switch","locations":[{"start":{"line":118,"column":8},"end":{"line":118,"column":25}},{"start":{"line":119,"column":8},"end":{"line":121,"column":18}},{"start":{"line":122,"column":8},"end":{"line":134,"column":18}},{"start":{"line":135,"column":8},"end":{"line":135,"column":22}},{"start":{"line":136,"column":8},"end":{"line":138,"column":18}},{"start":{"line":139,"column":8},"end":{"line":140,"column":44}}]},"12":{"line":123,"type":"if","locations":[{"start":{"line":123,"column":12},"end":{"line":123,"column":12}},{"start":{"line":123,"column":12},"end":{"line":123,"column":12}}]},"13":{"line":126,"type":"if","locations":[{"start":{"line":126,"column":19},"end":{"line":126,"column":19}},{"start":{"line":126,"column":19},"end":{"line":126,"column":19}}]},"14":{"line":143,"type":"binary-expr","locations":[{"start":{"line":143,"column":11},"end":{"line":143,"column":15}},{"start":{"line":143,"column":19},"end":{"line":143,"column":21}}]},"15":{"line":145,"type":"binary-expr","locations":[{"start":{"line":145,"column":40},"end":{"line":145,"column":53}},{"start":{"line":145,"column":57},"end":{"line":145,"column":68}}]},"16":{"line":147,"type":"binary-expr","locations":[{"start":{"line":147,"column":42},"end":{"line":147,"column":57}},{"start":{"line":147,"column":61},"end":{"line":147,"column":87}}]},"17":{"line":148,"type":"binary-expr","locations":[{"start":{"line":148,"column":43},"end":{"line":148,"column":59}},{"start":{"line":148,"column":63},"end":{"line":148,"column":89}}]},"18":{"line":149,"type":"binary-expr","locations":[{"start":{"line":149,"column":42},"end":{"line":149,"column":57}},{"start":{"line":149,"column":61},"end":{"line":149,"column":96}}]},"19":{"line":150,"type":"binary-expr","locations":[{"start":{"line":150,"column":28},"end":{"line":150,"column":49}},{"start":{"line":150,"column":53},"end":{"line":150,"column":58}}]},"20":{"line":152,"type":"switch","locations":[{"start":{"line":153,"column":8},"end":{"line":156,"column":18}},{"start":{"line":157,"column":8},"end":{"line":159,"column":18}},{"start":{"line":160,"column":8},"end":{"line":160,"column":25}},{"start":{"line":161,"column":8},"end":{"line":163,"column":18}},{"start":{"line":164,"column":8},"end":{"line":165,"column":58}}]},"21":{"line":170,"type":"if","locations":[{"start":{"line":170,"column":8},"end":{"line":170,"column":8}},{"start":{"line":170,"column":8},"end":{"line":170,"column":8}}]},"22":{"line":170,"type":"binary-expr","locations":[{"start":{"line":170,"column":12},"end":{"line":170,"column":15}},{"start":{"line":170,"column":19},"end":{"line":170,"column":40}}]}},"code":["/*jshint -W086 */","","\"use strict\";","","// NOTE: Brackets doesn't fully support browsers yet and we need some workarounds. Workarounds will be marked with \"HACK:\" label.","","var http        = require(\"http\"),","    https       = require(\"https\"),","    path        = require(\"path\"),","    send        = require(\"send\"),","    util        = require(\"util\"),","    urlUtil     = require(\"url\"),","    files       = require(\"./files\"),","    domains     = require(\"./domains/socket\"),","    socket      = require(\"socket.io\"),","    brckDist    = {root: path.join(__dirname, \"..\", \"brackets-dist\")},","    zipped      = { \".js\": \"application/javascript\", \".css\": \"text/css\"},","    defaultPort = 6800;","","require(\"./shim\");","","function removeTrailingSlash(path) {","    return path[path.length - 1] === \"/\" ? path.substr(0, path.length - 1) : path;","}","","function createHttpServer(inst, port) {","    inst.httpServer = http.createServer(function (req, res) {","        if (req.url === \"/\") {","            res.writeHead(302, {Location: inst.httpRoot + \"/\"});","            res.end();","        } else {","            res.writeHead(304);","            res.end(\"Not found\");","        }","    });","    inst.io = socket(inst.httpServer);","    inst.httpServer.listen(port);","    console.log(util.format(\"\\n  listening on port %d\\n\", port));","}","","function attachStatic(inst) {","    var srv     = inst.httpServer,","        root    = inst.httpRoot,","        evs     = srv.listeners(\"request\").slice(0),","        extDir  = { root: path.join(inst.supportDir, \"extensions\")} ;","","    srv.removeAllListeners(\"request\");","    srv.on(\"request\", function(req, res) {","        if (req.url.startsWith(root)) {","            var url = req.url.substr(root.length);","","            if (url === \"\") {","                res.writeHead(301, {Location: inst.httpRoot + \"/\"});","                res.end();","                return;","            }","","            if (url === \"/\") {","                url = \"/index.html\";","            }","","            if (url.startsWith(\"/proxy/\")) {","                var reqUrl      = decodeURIComponent(url.substr(\"/proxy/\".length)),","                    options     = urlUtil.parse(reqUrl),","                    httpClient  = options.protocol === \"http\" ? http : https;","","                delete options.protocol;","                options.method = \"GET\";","","                req.pause();","                var connector = httpClient.request(options, function(_res) {","                    _res.pause();","                    res.writeHead(_res.statusCode, _res.headers);","                    _res.pipe(res);","                    _res.resume();","                });","                req.pipe(connector);","                req.resume();","                return;","            }","","            var cntType = zipped[path.extname(url)];","            if (cntType) {","                send(req, url + \".gz\", brckDist)","                    .on(\"headers\", function (_res) {","                        _res.setHeader(\"Content-Encoding\", \"gzip\");","                        _res.setHeader(\"Content-Type\", cntType);","                    })","                    .pipe(res);","                return;","            }","","            send(req, url, brckDist).pipe(res);","        } else if (req.url.startsWith(\"/support/extensions/\")) {","            try {","                return send(req, req.url.substr(\"/support/extensions\".length), extDir).pipe(res);","            } catch (e) {","                res.writeHead(500, {","                    \"Content-Length\": e.message.length,","                    \"Content-Type\": \"text/plain\"","                });","                res.end(e.message);","            }","        } else {","            for (var i = 0; i < evs.length; i++) {","                evs[i].call(srv, req, res);","            }","        }","    });","}","","function Server(srv, opts) {","    if (!(this instanceof Server)) {","        return new Server(srv, opts);","    }","","    switch (typeof srv) {","        case \"undefined\":","        case \"null\":","            createHttpServer(this, defaultPort);","            break;","        case \"object\":","            if (srv instanceof socket) {","                this.io = srv;","                this.httpServer = srv.httpServer;","            } else if (srv instanceof http.Server) {","                this.httpServer = srv;","                this.io = socket(this.httpServer);","            } else {","                opts = srv;","                srv = null;","                createHttpServer(this, defaultPort);","            }","            break;","        case \"number\":","        case \"string\":","            createHttpServer(this, Number(srv));","            break;","        default:","            throw \"Invalid argument – srv.\";","    }","","    opts = opts || {};","","    this.httpRoot = removeTrailingSlash(opts.httpRoot || \"/brackets\");","    this.defaultExtensions = path.join(brckDist.root, \"extensions\");","    this.supportDir = removeTrailingSlash(opts.supportDir || path.resolve(\"./brackets\"));","    this.projectsDir = removeTrailingSlash(opts.projectsDir || path.resolve(\"./projects\"));","    this.samplesDir = removeTrailingSlash(opts.samplesDir || path.join(brckDist.root, \"samples\"));","    this.allowUserDomains = opts.allowUserDomains || false;","","    switch (typeof opts.fileSystem) {","        case \"string\":","            // Reserved for future build-in providers.","            this.fileSystem = require(\"./file-sys/\" + opts.fileSystem);","            break;","        case \"object\":","            this.fileSystem = opts.fileSystem;","            break;","        case \"undefined\":","        case \"null\":","            this.fileSystem = require(\"./file-sys/native\");","            break;","        default:","            throw new Error(\"Invalid fileSystem option.\");","    }","","    var that = this;","    this.fileSystem.mkdir(this.projectsDir, function (err) {","        if (err && err.code !== \"EEXIST\") {","            throw err;","        }","","        attachStatic(that);","","        // Attach file system methods to socket.io.","        files.init(that);","","        // Attach Brackets domians.","        domains.init(that);","    });","}","","module.exports = Server;",""],"l":{"7":1,"20":1,"22":1,"23":0,"26":1,"27":0,"28":0,"29":0,"30":0,"32":0,"33":0,"36":0,"37":0,"38":0,"41":1,"42":0,"47":0,"48":0,"49":0,"50":0,"52":0,"53":0,"54":0,"55":0,"58":0,"59":0,"62":0,"63":0,"67":0,"68":0,"70":0,"71":0,"72":0,"73":0,"74":0,"75":0,"77":0,"78":0,"79":0,"82":0,"83":0,"84":0,"86":0,"87":0,"90":0,"93":0,"94":0,"95":0,"96":0,"98":0,"102":0,"105":0,"106":0,"112":1,"113":0,"114":0,"117":0,"120":0,"121":0,"123":0,"124":0,"125":0,"126":0,"127":0,"128":0,"130":0,"131":0,"132":0,"134":0,"137":0,"138":0,"140":0,"143":0,"145":0,"146":0,"147":0,"148":0,"149":0,"150":0,"152":0,"155":0,"156":0,"158":0,"159":0,"162":0,"163":0,"165":0,"168":0,"169":0,"170":0,"171":0,"174":0,"177":0,"180":0,"184":1}},"/home/travis/build/npmtest/node-npmtest-brackets/node_modules/brackets/lib/files.js":{"path":"/home/travis/build/npmtest/node-npmtest-brackets/node_modules/brackets/lib/files.js","s":{"1":1,"2":0,"3":1,"4":0,"5":0,"6":0,"7":0,"8":0,"9":1,"10":0,"11":0,"12":0,"13":0,"14":0,"15":1,"16":0,"17":0,"18":0,"19":0,"20":1,"21":0,"22":0,"23":0,"24":0,"25":0,"26":0,"27":0,"28":1,"29":0,"30":0,"31":0,"32":0,"33":0,"34":1,"35":0,"36":0,"37":0,"38":0,"39":1,"40":0,"41":0,"42":0,"43":0,"44":1,"45":0,"46":0,"47":0,"48":0,"49":1,"50":0,"51":0,"52":0,"53":0,"54":1,"55":0,"56":0,"57":0,"58":0,"59":1,"60":0,"61":0,"62":0,"63":0,"64":1,"65":0,"66":0,"67":0,"68":0,"69":0,"70":0,"71":0,"72":1,"73":0,"74":0,"75":0,"76":1},"b":{"1":[0,0],"2":[0,0],"3":[0,0],"4":[0,0],"5":[0,0],"6":[0,0],"7":[0,0],"8":[0,0],"9":[0,0],"10":[0,0],"11":[0,0],"12":[0,0],"13":[0,0],"14":[0,0],"15":[0,0]},"f":{"1":0,"2":0,"3":0,"4":0,"5":0,"6":0,"7":0,"8":0,"9":0,"10":0,"11":0,"12":0,"13":0,"14":0,"15":0,"16":0,"17":0,"18":0,"19":0,"20":0,"21":0,"22":0,"23":0,"24":0,"25":0,"26":0,"27":0,"28":0,"29":0,"30":0,"31":0},"fnMap":{"1":{"name":"init","line":3,"loc":{"start":{"line":3,"column":0},"end":{"line":3,"column":19}}},"2":{"name":"stat","line":6,"loc":{"start":{"line":6,"column":4},"end":{"line":6,"column":33}}},"3":{"name":"(anonymous_3)","line":7,"loc":{"start":{"line":7,"column":33},"end":{"line":7,"column":54}}},"4":{"name":"(anonymous_4)","line":12,"loc":{"start":{"line":12,"column":26},"end":{"line":12,"column":48}}},"5":{"name":"readdir","line":18,"loc":{"start":{"line":18,"column":4},"end":{"line":18,"column":36}}},"6":{"name":"(anonymous_6)","line":19,"loc":{"start":{"line":19,"column":33},"end":{"line":19,"column":54}}},"7":{"name":"(anonymous_7)","line":24,"loc":{"start":{"line":24,"column":29},"end":{"line":24,"column":51}}},"8":{"name":"mkdir","line":30,"loc":{"start":{"line":30,"column":4},"end":{"line":30,"column":34}}},"9":{"name":"(anonymous_9)","line":31,"loc":{"start":{"line":31,"column":38},"end":{"line":31,"column":59}}},"10":{"name":"rename","line":40,"loc":{"start":{"line":40,"column":4},"end":{"line":40,"column":35}}},"11":{"name":"(anonymous_11)","line":41,"loc":{"start":{"line":41,"column":41},"end":{"line":41,"column":65}}},"12":{"name":"(anonymous_12)","line":45,"loc":{"start":{"line":45,"column":45},"end":{"line":45,"column":69}}},"13":{"name":"readFile","line":55,"loc":{"start":{"line":55,"column":4},"end":{"line":55,"column":37}}},"14":{"name":"(anonymous_14)","line":56,"loc":{"start":{"line":56,"column":38},"end":{"line":56,"column":59}}},"15":{"name":"(anonymous_15)","line":61,"loc":{"start":{"line":61,"column":44},"end":{"line":61,"column":65}}},"16":{"name":"writeFile","line":67,"loc":{"start":{"line":67,"column":4},"end":{"line":67,"column":38}}},"17":{"name":"(anonymous_17)","line":68,"loc":{"start":{"line":68,"column":38},"end":{"line":68,"column":59}}},"18":{"name":"unlink","line":77,"loc":{"start":{"line":77,"column":4},"end":{"line":77,"column":35}}},"19":{"name":"(anonymous_19)","line":78,"loc":{"start":{"line":78,"column":33},"end":{"line":78,"column":54}}},"20":{"name":"moveToTrash","line":87,"loc":{"start":{"line":87,"column":4},"end":{"line":87,"column":40}}},"21":{"name":"(anonymous_21)","line":88,"loc":{"start":{"line":88,"column":33},"end":{"line":88,"column":54}}},"22":{"name":"watchPath","line":97,"loc":{"start":{"line":97,"column":4},"end":{"line":97,"column":38}}},"23":{"name":"(anonymous_23)","line":98,"loc":{"start":{"line":98,"column":33},"end":{"line":98,"column":54}}},"24":{"name":"unwatchPath","line":107,"loc":{"start":{"line":107,"column":4},"end":{"line":107,"column":40}}},"25":{"name":"(anonymous_25)","line":108,"loc":{"start":{"line":108,"column":33},"end":{"line":108,"column":54}}},"26":{"name":"unwatchAll","line":117,"loc":{"start":{"line":117,"column":4},"end":{"line":117,"column":39}}},"27":{"name":"(anonymous_27)","line":118,"loc":{"start":{"line":118,"column":33},"end":{"line":118,"column":54}}},"28":{"name":"copyFile","line":127,"loc":{"start":{"line":127,"column":4},"end":{"line":127,"column":37}}},"29":{"name":"(anonymous_29)","line":128,"loc":{"start":{"line":128,"column":37},"end":{"line":128,"column":57}}},"30":{"name":"(anonymous_30)","line":132,"loc":{"start":{"line":132,"column":42},"end":{"line":132,"column":63}}},"31":{"name":"onConnection","line":142,"loc":{"start":{"line":142,"column":4},"end":{"line":142,"column":35}}}},"statementMap":{"1":{"start":{"line":3,"column":0},"end":{"line":163,"column":1}},"2":{"start":{"line":4,"column":4},"end":{"line":4,"column":28}},"3":{"start":{"line":6,"column":4},"end":{"line":16,"column":5}},"4":{"start":{"line":7,"column":8},"end":{"line":15,"column":11}},"5":{"start":{"line":8,"column":12},"end":{"line":10,"column":13}},"6":{"start":{"line":9,"column":16},"end":{"line":9,"column":46}},"7":{"start":{"line":12,"column":12},"end":{"line":14,"column":15}},"8":{"start":{"line":13,"column":16},"end":{"line":13,"column":64}},"9":{"start":{"line":18,"column":4},"end":{"line":28,"column":5}},"10":{"start":{"line":19,"column":8},"end":{"line":27,"column":11}},"11":{"start":{"line":20,"column":12},"end":{"line":22,"column":13}},"12":{"start":{"line":21,"column":16},"end":{"line":21,"column":46}},"13":{"start":{"line":24,"column":12},"end":{"line":26,"column":15}},"14":{"start":{"line":25,"column":16},"end":{"line":25,"column":56}},"15":{"start":{"line":30,"column":4},"end":{"line":38,"column":5}},"16":{"start":{"line":31,"column":8},"end":{"line":37,"column":11}},"17":{"start":{"line":32,"column":12},"end":{"line":34,"column":13}},"18":{"start":{"line":33,"column":16},"end":{"line":33,"column":37}},"19":{"start":{"line":36,"column":12},"end":{"line":36,"column":47}},"20":{"start":{"line":40,"column":4},"end":{"line":53,"column":5}},"21":{"start":{"line":41,"column":8},"end":{"line":52,"column":11}},"22":{"start":{"line":42,"column":12},"end":{"line":44,"column":13}},"23":{"start":{"line":43,"column":16},"end":{"line":43,"column":37}},"24":{"start":{"line":45,"column":12},"end":{"line":51,"column":15}},"25":{"start":{"line":46,"column":16},"end":{"line":48,"column":17}},"26":{"start":{"line":47,"column":20},"end":{"line":47,"column":41}},"27":{"start":{"line":50,"column":16},"end":{"line":50,"column":54}},"28":{"start":{"line":55,"column":4},"end":{"line":65,"column":5}},"29":{"start":{"line":56,"column":8},"end":{"line":64,"column":11}},"30":{"start":{"line":57,"column":12},"end":{"line":59,"column":13}},"31":{"start":{"line":58,"column":16},"end":{"line":58,"column":46}},"32":{"start":{"line":61,"column":12},"end":{"line":63,"column":15}},"33":{"start":{"line":62,"column":16},"end":{"line":62,"column":51}},"34":{"start":{"line":67,"column":4},"end":{"line":75,"column":5}},"35":{"start":{"line":68,"column":8},"end":{"line":74,"column":11}},"36":{"start":{"line":69,"column":12},"end":{"line":71,"column":13}},"37":{"start":{"line":70,"column":16},"end":{"line":70,"column":37}},"38":{"start":{"line":73,"column":12},"end":{"line":73,"column":65}},"39":{"start":{"line":77,"column":4},"end":{"line":85,"column":5}},"40":{"start":{"line":78,"column":8},"end":{"line":84,"column":11}},"41":{"start":{"line":79,"column":12},"end":{"line":81,"column":13}},"42":{"start":{"line":80,"column":16},"end":{"line":80,"column":37}},"43":{"start":{"line":83,"column":12},"end":{"line":83,"column":38}},"44":{"start":{"line":87,"column":4},"end":{"line":95,"column":5}},"45":{"start":{"line":88,"column":8},"end":{"line":94,"column":11}},"46":{"start":{"line":89,"column":12},"end":{"line":91,"column":13}},"47":{"start":{"line":90,"column":16},"end":{"line":90,"column":37}},"48":{"start":{"line":93,"column":12},"end":{"line":93,"column":43}},"49":{"start":{"line":97,"column":4},"end":{"line":105,"column":5}},"50":{"start":{"line":98,"column":8},"end":{"line":104,"column":11}},"51":{"start":{"line":99,"column":12},"end":{"line":101,"column":13}},"52":{"start":{"line":100,"column":16},"end":{"line":100,"column":37}},"53":{"start":{"line":103,"column":12},"end":{"line":103,"column":41}},"54":{"start":{"line":107,"column":4},"end":{"line":115,"column":5}},"55":{"start":{"line":108,"column":8},"end":{"line":114,"column":11}},"56":{"start":{"line":109,"column":12},"end":{"line":111,"column":13}},"57":{"start":{"line":110,"column":16},"end":{"line":110,"column":37}},"58":{"start":{"line":113,"column":12},"end":{"line":113,"column":43}},"59":{"start":{"line":117,"column":4},"end":{"line":125,"column":5}},"60":{"start":{"line":118,"column":8},"end":{"line":124,"column":11}},"61":{"start":{"line":119,"column":12},"end":{"line":121,"column":13}},"62":{"start":{"line":120,"column":16},"end":{"line":120,"column":37}},"63":{"start":{"line":123,"column":12},"end":{"line":123,"column":42}},"64":{"start":{"line":127,"column":4},"end":{"line":140,"column":5}},"65":{"start":{"line":128,"column":8},"end":{"line":139,"column":11}},"66":{"start":{"line":129,"column":12},"end":{"line":131,"column":13}},"67":{"start":{"line":130,"column":16},"end":{"line":130,"column":37}},"68":{"start":{"line":132,"column":12},"end":{"line":138,"column":15}},"69":{"start":{"line":133,"column":16},"end":{"line":135,"column":17}},"70":{"start":{"line":134,"column":20},"end":{"line":134,"column":41}},"71":{"start":{"line":137,"column":16},"end":{"line":137,"column":47}},"72":{"start":{"line":142,"column":4},"end":{"line":158,"column":5}},"73":{"start":{"line":143,"column":8},"end":{"line":143,"column":38}},"74":{"start":{"line":145,"column":8},"end":{"line":157,"column":38}},"75":{"start":{"line":160,"column":4},"end":{"line":162,"column":40}},"76":{"start":{"line":165,"column":0},"end":{"line":165,"column":20}}},"branchMap":{"1":{"line":8,"type":"if","locations":[{"start":{"line":8,"column":12},"end":{"line":8,"column":12}},{"start":{"line":8,"column":12},"end":{"line":8,"column":12}}]},"2":{"line":13,"type":"cond-expr","locations":[{"start":{"line":13,"column":31},"end":{"line":13,"column":43}},{"start":{"line":13,"column":46},"end":{"line":13,"column":62}}]},"3":{"line":20,"type":"if","locations":[{"start":{"line":20,"column":12},"end":{"line":20,"column":12}},{"start":{"line":20,"column":12},"end":{"line":20,"column":12}}]},"4":{"line":32,"type":"if","locations":[{"start":{"line":32,"column":12},"end":{"line":32,"column":12}},{"start":{"line":32,"column":12},"end":{"line":32,"column":12}}]},"5":{"line":42,"type":"if","locations":[{"start":{"line":42,"column":12},"end":{"line":42,"column":12}},{"start":{"line":42,"column":12},"end":{"line":42,"column"
[...]
"        var el, i;","","        for (i = 0; i < parameters.length; i++) {","            el = parameters[i];","            if (typeof el === \"string\") {","                if  (el.startsWith(\"/projects/\")) {","                    parameters[i] = exports.projectsDir + el.substr(\"/projects\".length);","                } else if  (el.startsWith(\"/samples/\")) {","                    parameters[i] = exports.samplesDir + el.substr(\"/samples\".length);","                }","            }","        }","","        if (_domains[domainName] &&","            _domains[domainName].commands[commandName]) {","            var command = _domains[domainName].commands[commandName];","            if (command.isAsync) {","                var execDom     = domain.create(),","                    callback    = function (err, result) {","                        if (err) {","                            connection.sendCommandError(id, err);","                        } else {","                            connection.sendCommandResponse(id, result);","                        }","                    };","","                parameters.push(callback);","","                execDom.on(\"error\", function(err) {","                    connection.sendCommandError(id, err.message);","                    execDom.dispose();","                });","","                execDom.bind(command.commandFunction).apply(connection, parameters);","            } else { // synchronous command","                try {","                    connection.sendCommandResponse(","                        id,","                        command.commandFunction.apply(connection, parameters)","                    );","                } catch (e) {","                    connection.sendCommandError(id, e.message);","                }","            }","        } else {","            connection.sendCommandError(id, \"no such command: \" +","                                        domainName + \".\" + commandName);","        }","    }","","    /**","     * Registers an event domain and name.","     * @param {string} domainName The domain name.","     * @param {string} eventName The event name.","     * @param {?Array.<{name: string, type: string, description:string}>} parameters","     *    Used in the API documentation.","     */","    function registerEvent(domainName, eventName, parameters) {","        // invalidate the cache","        _cachedDomainDescriptions = null;","","        if (!hasDomain(domainName)) {","            registerDomain(domainName, null);","        }","","        if (!_domains[domainName].events[eventName]) {","            _domains[domainName].events[eventName] = {","                parameters: parameters","            };","        } else {","            console.error(\"[DomainManager] Event \" + domainName + \".\" +","                          eventName + \" already registered\");","        }","    }","","    /**","     * Emits an event with the specified name and parameters to all connections.","     *","     * TODO: Future: Potentially allow individual connections to register","     * for which events they want to receive. Right now, we have so few events","     * that it's fine to just send all events to everyone and decide on the","     * client side if the client wants to handle them.","     *","     * @param {string} domainName The domain name.","     * @param {string} eventName The event name.","     * @param {?Array} parameters The parameters. Must be JSON.stringify-able","     */","    function emitEvent(domainName, eventName, parameters) {","        if (_domains[domainName] && _domains[domainName].events[eventName]) {","            ConnectionManager.sendEventToAllConnections(","                _eventCount++,","                domainName,","                eventName,","                parameters","            );","        } else {","            console.error(\"[DomainManager] No such event: \" + domainName +","                          \".\" + eventName);","        }","    }","","    /**","     * Loads and initializes domain modules using the specified paths. Checks to","     * make sure that a module is not loaded/initialized more than once.","     *","     * @param {Array.<string>} paths The paths to load. The paths can be relative","     *    to the DomainManager or absolute. However, modules that aren't in core","     *    won't know where the DomainManager module is, so in general, all paths","     *    should be absolute.","     * @return {boolean} Whether loading succeded. (Failure will throw an exception).","     */","    function loadDomainModulesFromPaths(paths) {","        var pathArray = paths;","        if (!util.isArray(paths)) {","            pathArray = [paths];","        }","        pathArray.forEach(function (path) {","            if (path.startsWith(exports.httpRoot)) {","                path = \"../../brackets-srv\" + path.substr(exports.httpRoot.length);","            } else if (path.startsWith(\"/support/extensions/user/\")) {","                if (exports.allowUserDomains) {","                    path = exports.supportDir + path.substr(\"/support\".length);","                } else {","                    console.error(\"ERROR: User domains are not allowed: \" + path);","                    return false;","                }","            } else if (path !== \"./BaseDomain\") {","                console.error(\"ERROR: Invalid domain path: \" + path);","                return false;","            }","","            try {","                var m = require(path);","                if (m && m.init && _initializedDomainModules.indexOf(m) < 0) {","                    m.init(self);","                    _initializedDomainModules.push(m); // don't init more than once","                }","            } catch (err) {","                console.error(err);","                return false;","            }","        });","        return true; // if we fail, an exception will be thrown","    }","","    /**","     * Returns a description of all registered domains in the format of WebKit's","     * Inspector.json. Used for sending API documentation to clients.","     *","     * @return {Array} Array describing all domains.","     */","    function getDomainDescriptions() {","        if (!_cachedDomainDescriptions) {","            _cachedDomainDescriptions = [];","","            var domainNames = Object.keys(_domains);","            domainNames.forEach(function (domainName) {","                var d = {","                    domain: domainName,","                    version: _domains[domainName].version,","                    commands: [],","                    events: []","                };","                var commandNames = Object.keys(_domains[domainName].commands);","                commandNames.forEach(function (commandName) {","                    var c = _domains[domainName].commands[commandName];","                    d.commands.push({","                        name: commandName,","                        description: c.description,","                        parameters: c.parameters,","                        returns: c.returns","                    });","                });","                var eventNames = Object.keys(_domains[domainName].events);","                eventNames.forEach(function (eventName) {","                    d.events.push({","                        name: eventName,","                        parameters: _domains[domainName].events[eventName].parameters","                    });","                });","                _cachedDomainDescriptions.push(d);","            });","        }","        return _cachedDomainDescriptions;","    }","","    exports.hasDomain                  = hasDomain;","    exports.registerDomain             = registerDomain;","    exports.registerCommand            = registerCommand;","    exports.executeCommand             = executeCommand;","    exports.registerEvent              = registerEvent;","    exports.emitEvent                  = emitEvent;","    exports.loadDomainModulesFromPaths = loadDomainModulesFromPaths;","    exports.getDomainDescriptions      = getDomainDescriptions;","}());",""],"l":{"24":1,"27":1,"37":1,"44":1,"51":1,"58":1,"67":1,"74":1,"75":0,"86":1,"87":0,"89":0,"91":0,"93":0,"115":1,"118":0,"120":0,"121":0,"124":0,"125":0,"133":0,"150":1,"152":0,"154":0,"155":0,"156":0,"157":0,"158":0,"159":0,"160":0,"165":0,"167":0,"168":0,"169":0,"171":0,"172":0,"174":0,"178":0,"180":0,"181":0,"182":0,"185":0,"187":0,"188":0,"193":0,"197":0,"209":1,"211":0,"213":0,"214":0,"217":0,"218":0,"222":0,"239":1,"240":0,"241":0,"248":0,"263":1,"264":0,"265":0,"266":0,"268":0,"269":0,"270":0,"271":0,"272":0,"273":0,"275":0,"276":0,"278":0,"279":0,"280":0,"283":0,"284":0,"285":0,"286":0,"287":0,"290":0,"291":0,"294":0,"303":1,"304":0,"305":0,"307":0,"308":0,"309":0,"315":0,"316":0,"317":0,"318":0,"325":0,"326":0,"327":0,"332":0,"335":0,"338":1,"339":1,"340":1,"341":1,"342":1,"343":1,"344":1,"345":1}},"/home/travis/build/npmtest/node-npmtest-brackets/node_modules/brackets/lib/shim.js":{"path":"/home/travis/build/npmtest/node-npmtest-brackets/node_modules/brackets/lib/shim.js","s":{"1":1,"2":0,"3":0,"4":0,"5":0,"6":0,"7":0,"8":0,"9":0,"10":0,"11":0,"12":0,"13":0,"14":0,"15":0,"16":0,"17":0,"18":0,"19":0,"20":0,"21":0,"22":0,"23":0},"b":{"1":[0,1],"2":[0,0],"3":[0,0],"4":[0,0],"5":[0,0],"6":[0,0],"7":[0,0],"8":[0,0],"9":[0,0]},"f":{"1":0},"fnMap":{"1":{"name":"(anonymous_1)","line":5,"loc":{"start":{"line":5,"column":34},"end":{"line":5,"column":51}}}},"statementMap":{"1":{"start":{"line":3,"column":0},"end":{"line":35,"column":1}},"2":{"start":{"line":4,"column":4},"end":{"line":4,"column":31}},"3":{"start":{"line":5,"column":4},"end":{"line":34,"column":6}},"4":{"start":{"line":6,"column":8},"end":{"line":8,"column":9}},"5":{"start":{"line":7,"column":12},"end":{"line":7,"column":34}},"6":{"start":{"line":9,"column":8},"end":{"line":9,"column":34}},"7":{"start":{"line":10,"column":8},"end":{"line":12,"column":9}},"8":{"start":{"line":11,"column":12},"end":{"line":11,"column":34}},"9":{"start":{"line":13,"column":8},"end":{"line":13,"column":41}},"10":{"start":{"line":14,"column":8},"end":{"line":14,"column":42}},"11":{"start":{"line":15,"column":8},"end":{"line":15,"column":47}},"12":{"start":{"line":16,"column":8},"end":{"line":16,"column":71}},"13":{"start":{"line":18,"column":8},"end":{"line":18,"column":50}},"14":{"start":{"line":19,"column":8},"end":{"line":21,"column":9}},"15":{"start":{"line":20,"column":12},"end":{"line":20,"column":20}},"16":{"start":{"line":22,"column":8},"end":{"line":22,"column":61}},"17":{"start":{"line":24,"column":8},"end":{"line":26,"column":9}},"18":{"start":{"line":25,"column":12},"end":{"line":25,"column":25}},"19":{"start":{"line":27,"column":8},"end":{"line":27,"column":23}},"20":{"start":{"line":28,"column":8},"end":{"line":32,"column":9}},"21":{"start":{"line":29,"column":12},"end":{"line":31,"column":13}},"22":{"start":{"line":30,"column":16},"end":{"line":30,"column":29}},"23":{"start":{"line":33,"column":8},"end":{"line":33,"column":20}}},"branchMap":{"1":{"line":3,"type":"if","locations":[{"start":{"line":3,"column":0},"end":{"line":3,"column":0}},{"start":{"line":3,"column":0},"end":{"line":3,"column":0}}]},"2":{"line":6,"type":"if","locations":[{"start":{"line":6,"column":8},"end":{"line":6,"column":8}},{"start":{"line":6,"column":8},"end":{"line":6,"column":8}}]},"3":{"line":10,"type":"if","locations":[{"start":{"line":10,"column":8},"end":{"line":10,"column":8}},{"start":{"line":10,"column":8},"end":{"line":10,"column":8}}]},"4":{"line":10,"type":"binary-expr","locations":[{"start":{"line":10,"column":12},"end":{"line":10,"column":18}},{"start":{"line":10,"column":22},"end":{"line":10,"column":65}}]},"5":{"line":16,"type":"cond-expr","locations":[{"start":{"line":16,"column":46},"end":{"line":16,"column":58}},{"start":{"line":16,"column":61},"end":{"line":16,"column":70}}]},"6":{"line":18,"type":"cond-expr","locations":[{"start":{"line":18,"column":29},"end":{"line":18,"column":45}},{"start":{"line":18,"column":48},"end":{"line":18,"column":49}}]},"7":{"line":19,"type":"if","locations":[{"start":{"line":19,"column":8},"end":{"line":19,"column":8}},{"start":{"line":19,"column":8},"end":{"line":19,"column":8}}]},"8":{"line":24,"type":"if","locations":[{"start":{"line":24,"column":8},"end":{"line":24,"column":8}},{"start":{"line":24,"column":8},"end":{"line":24,"column":8}}]},"9":{"line":29,"type":"if","locations":[{"start":{"line":29,"column":12},"end":{"line":29,"column":12}},{"start":{"line":29,"column":12},"end":{"line":29,"column":12}}]}},"code":["\"use strict\";","","if (!String.prototype.startsWith) {","    var toString = {}.toString;","    String.prototype.startsWith = function (search){","        if (this === null) {","            throw new TypeError();","        }","        var string = String(this);","        if (search && toString.call(search) === \"[object RegExp]\") {","            throw new TypeError();","        }","        var stringLength = string.length;","        var searchString = String(search);","        var searchLength = searchString.length;","        var position = arguments.length > 1 ? arguments[1] : undefined;","","        var pos = position ? Number(position) : 0;","        if (pos !== pos) {","            pos = 0;","        }","        var start = Math.min(Math.max(pos, 0), stringLength);","","        if (searchLength + start > stringLength) {","            return false;","        }","        var index = -1;","        while (++index < searchLength) {","            if (string.charCodeAt(start + index) !== searchString.charCodeAt(index)) {","                return false;","            }","        }","        return true;","    };","}",""],"l":{"3":1,"4":0,"5":0,"6":0,"7":0,"9":0,"10":0,"11":0,"13":0,"14":0,"15":0,"16":0,"18":0,"19":0,"20":0,"22":0,"24":0,"25":0,"27":0,"28":0,"29":0,"30":0,"33":0}},"/home/travis/build/npmtest/node-npmtest-brackets/node_modules/brackets/lib/post-install.js":{"path":"/home/travis/build/npmtest/node-npmtest-brackets/node_modules/brackets/lib/post-install.js","s":{"1":1,"2":1,"3":1,"4":0,"5":1,"6":1,"7":91,"8":1,"9":24,"10":24,"11":24},"b":{"1":[0,1],"2":[1,0]},"f":{"1":1,"2":91,"3":24},"fnMap":{"1":{"name":"(anonymous_1)","line":10,"loc":{"start":{"line":10,"column":31},"end":{"line":10,"column":53}}},"2":{"name":"(anonymous_2)","line":16,"loc":{"start":{"line":16,"column":19},"end":{"line":16,"column":35}}},"3":{"name":"(anonymous_3)","line":20,"loc":{"start":{"line":20,"column":22},"end":{"line":20,"column":38}}}},"statementMap":{"1":{"start":{"line":3,"column":0},"end":{"line":8,"column":6}},"2":{"start":{"line":10,"column":0},"end":{"line":26,"column":3}},"3":{"start":{"line":11,"column":4},"end":{"line":13,"column":5}},"4":{"start":{"line":12,"column":8},"end":{"line":12,"column":18}},"5":{"start":{"line":15,"column":4},"end":{"line":25,"column":5}},"6":{"start":{"line":16,"column":8},"end":{"line":18,"column":11}},"7":{"start":{"line":17,"column":12},"end":{"line":17,"column":40}},"8":{"start":{"line":20,"column":8},"end":{"line":24,"column":11}},"9":{"start":{"line":21,"column":12},"end":{"line":21,"column":45}},"10":{"start":{"line":22,"column":12},"end":{"line":22,"column":65}},"11":{"start":{"line":23,"column":12},"end":{"line":23,"column":68}}},"branchMap":{"1":{"line":11,"type":"if","locations":[{"start":{"line":11,"column":4},"end":{"line":11,"column":4}},{"start":{"line":11,"column":4},"end":{"line":11,"column":4}}]},"2":{"line":15,"type":"if","locations":[{"start":{"line":15,"column":4},"end":{"line":15,"column":4}},{"start":{"line":15,"column":4},"end":{"line":15,"column":4}}]}},"code":["\"use strict\";","","var fs      = require(\"fs\"),","    path    = require(\"path\"),","    glob    = require(\"glob\"),","    opts    = {","        cwd: path.join(__dirname, \"..\", \"brackets-srv\")","    };","","glob(\"**/node_modules_\", opts, function (err, files) {","    if (err) {","        throw err;","    }","","    if (files) {","        files.sort(function (a, b) {","            return  b.length - a.length;","        });","","        files.forEach(function (file) {","            file = path.join(opts.cwd, file);","            fs.renameSync(file, file.substr(0, file.length - 1));","            console.log(\"file: \" + file.substr(0, file.length - 1));","        });","    }","});",""],"l":{"3":1,"10":1,"11":1,"12":0,"15":1,"16":1,"17":91,"20":1,"21":24,"22":24,"23":24}},"/home/travis/build/npmtest/node-npmtest-brackets/node_modules/brackets/lib/pre-publish.js":{"path":"/home/travis/build/npmtest/node-npmtest-brackets/node_modules/brackets/lib/pre-publish.js","s":{"1":1,"2":1,"3":0,"4":0,"5":1,"6":1,"7":1,"8":0,"9":1,"10":1,"11":0,"12":1,"13":0,"14":0,"15":0},"b":{"1":[0,1],"2":[1,0],"3":[0,1],"4":[1,0]},"f":{"1":1,"2":0,"3":0},"fnMap":{"1":{"name":"(anonymous_1)","line":19,"loc":{"start":{"line":19,"column":34},"end":{"line":19,"column":56}}},"2":{"name":"(anonymous_2)","line":25,"loc":{"start":{"line":25,"column":23},"end":{"line":25,"column":39}}},"3":{"name":"(anonymous_3)","line":29,"loc":{"start":{"line":29,"column":26},"end":{"line":29,"column":42}}}},"statementMap":{"1":{"start":{"line":3,"column":0},"end":{"line":11,"column":10}},"2":{"start":{"line":13,"column":0},"end":{"line":16,"column":1}},"3":{"start":{"line":14,"column":4},"end":{"line":14,"column":59}},"4":{"start":{"line":15,"column":4},"end":{"line":15,"column":27}},"5":{"start":{"line":18,"column":0},"end":{"line":36,"column":1}},"6":{"start":{"line":19,"column":4},"end":{"line":35,"column":7}},"7":{"start":{"line":20,"column":8},"end":{"line":22,"column":9}},"8":{"start":{"line":21,"column":12},"end":{"line":21,"column":22}},"9":{"start":{"line":24,"column":8},"end":{"line":34,"column":9}},"10":{"start":{"line":25,"column":12},"end":{"line":27,"column":15}},"11":{"start":{"line":26,"column":16},"end":{"line":26,"column":44}},"12":{"start":{"line":29,"column":12},"end":{"line":33,"column":15}},"13":{"start":{"line":30,"column":16},"end":{"line":30,"column":49}},"14":{"start":{"line":31,"column":16},"end":{"line":31,"column":48}},"15":{"start":{"line":32,"column":16},"end":{"line":32,"column":51}}},"branchMap":{"1":{"line":13,"type":"if","locations":[{"start":{"line":13,"column":0},"end":{"line":13,"column":0}},{"start":{"line":13,"column":0},"end":{"line":13,"column":0}}]},"2":{"line":18,"type":"if","locations":[{"start":{"line":18,"column":0},"end":{"line":18,"column":0}},{"start":{"line":18,"column":0},"end":{"line":18,"column":0}}]},"3":{"line":20,"type":"if","locations":[{"start":{"line":20,"column":8},"end":{"line":20,"column":8}},{"start":{"line":20,"column":8},"end":{"line":20,"column":8}}]},"4":{"line":24,"type":"if","locations":[{"start":{"line":24,"column":8},"end":{"line":24,"column":8}},{"start":{"line":24,"column":8},"end":{"line":24,"column":8}}]}},"code":["\"use strict\";","","var fs      = require(\"fs\"),","    path    = require(\"path\"),","    glob    = require(\"glob\"),","    opts    = {","        cwd: path.join(__dirname, \"..\", \"brackets-srv\")","    },","    logFile = \"./install.log\",","    exists  = fs.existsSync(logFile),","    conts;","","if (exists) {","    conts = fs.readFileSync(logFile, { encoding: \"utf8\" });","    fs.unlinkSync(logFile);","}","","if (!conts) {","    glob(\"**/node_modules\", opts, function (err, files) {","        if (err) {","            throw err;","        }","","        if (files) {","            files.sort(function (a, b) {","                return  b.length - a.length;","            });","","            files.forEach(function (file) {","                file = path.join(opts.cwd, file);","                fs.renameSync(file, file + \"_\");","                console.log(\"file: \" + file + \"_\");","            });","        }","    });","}",""],"l":{"3":1,"13":1,"14":0,"15":0,"18":1,"19":1,"20":1,"21":0,"24":1,"25":1,"26":0,"29":1,"30":0,"31":0,"32":0}}}