{"/home/travis/build/npmtest/node-npmtest-brackets/test.js":{"path":"/home/travis/build/npmtest/node-npmtest-brackets/test.js","s":{"1":2,"2":2,"3":2,"4":2,"5":2,"6":2,"7":2,"8":1,"9":2,"10":2,"11":1,"12":1,"13":1,"14":1,"15":2,"16":2,"17":2,"18":2,"19":1,"20":1,"21":2,"22":2,"23":2,"24":1,"25":1,"26":1,"27":1,"28":1,"29":1,"30":1,"31":1,"32":1,"33":1,"34":1,"35":1,"36":1,"37":1,"38":1,"39":2,"40":2,"41":1,"42":2,"43":2,"44":1,"45":2,"46":2,"47":1,"48":2,"49":2,"50":1,"51":1,"52":1,"53":1,"54":1},"b":{"1":[2,1,1,1],"2":[1,1,1,1],"3":[1,1],"4":[1,1],"5":[1,1],"6":[1,1],"7":[1,1],"8":[1,1],"9":[1,1],"10":[1,1,1],"11":[1,1],"12":[1,1],"13":[1,1],"14":[1,1],"15":[1,1],"16":[1,1],"17":[1,1]},"f":{"1":2,"2":2,"3":2,"4":2,"5":2,"6":1,"7":1,"8":1,"9":2,"10":2,"11":2,"12":2,"13":1},"fnMap":{"1":{"name":"(anonymous_1)","line":12,"loc":{"start":{"line":12,"column":1},"end":{"line":12,"column":13}}},"2":{"name":"(anonymous_2)","line":19,"loc":{"start":{"line":19,"column":5},"end":{"line":19,"column":17}}},"3":{"name":"(anonymous_3)","line":23,"loc":{"start":{"line":23,"column":24},"end":{"line":23,"column":36}}},"4":{"name":"(anonymous_4)","line":61,"loc":{"start":{"line":61,"column":5},"end":{"line":61,"column":17}}},"5":{"name":"(anonymous_5)","line":82,"loc":{"start":{"line":82,"column":5},"end":{"line":82,"column":17}}},"6":{"name":"(anonymous_6)","line":91,"loc":{"start":{"line":91,"column":77},"end":{"line":94,"column":10}}},"7":{"name":"(anonymous_7)","line":112,"loc":{"start":{"line":112,"column":83},"end":{"line":115,"column":10}},"skip":true},"8":{"name":"(anonymous_8)","line":123,"loc":{"start":{"line":123,"column":77},"end":{"line":126,"column":10}},"skip":true},"9":{"name":"(anonymous_9)","line":139,"loc":{"start":{"line":139,"column":12},"end":{"line":139,"column":40}},"skip":true},"10":{"name":"(anonymous_10)","line":147,"loc":{"start":{"line":147,"column":77},"end":{"line":150,"column":10}},"skip":true},"11":{"name":"(anonymous_11)","line":158,"loc":{"start":{"line":158,"column":83},"end":{"line":161,"column":10}},"skip":true},"12":{"name":"(anonymous_12)","line":169,"loc":{"start":{"line":169,"column":79},"end":{"line":172,"column":10}},"skip":true},"13":{"name":"(anonymous_13)","line":180,"loc":{"start":{"line":180,"column":75},"end":{"line":183,"column":10}},"skip":true}},"statementMap":{"1":{"start":{"line":12,"column":0},"end":{"line":195,"column":5}},"2":{"start":{"line":14,"column":4},"end":{"line":14,"column":14}},"3":{"start":{"line":19,"column":4},"end":{"line":56,"column":9}},"4":{"start":{"line":21,"column":8},"end":{"line":21,"column":19}},"5":{"start":{"line":23,"column":8},"end":{"line":35,"column":13}},"6":{"start":{"line":24,"column":12},"end":{"line":34,"column":13}},"7":{"start":{"line":25,"column":16},"end":{"line":28,"column":30}},"8":{"start":{"line":30,"column":16},"end":{"line":33,"column":27}},"9":{"start":{"line":37,"column":8},"end":{"line":39,"column":21}},"10":{"start":{"line":40,"column":8},"end":{"line":53,"column":9}},"11":{"start":{"line":43,"column":12},"end":{"line":46,"column":14}},"12":{"start":{"line":47,"column":12},"end":{"line":47,"column":18}},"13":{"start":{"line":50,"column":12},"end":{"line":51,"column":33}},"14":{"start":{"line":52,"column":12},"end":{"line":52,"column":18}},"15":{"start":{"line":55,"column":8},"end":{"line":55,"column":35}},"16":{"start":{"line":61,"column":4},"end":{"line":63,"column":9}},"17":{"start":{"line":62,"column":8},"end":{"line":62,"column":15}},"18":{"start":{"line":64,"column":4},"end":{"line":77,"column":5}},"19":{"start":{"line":70,"column":8},"end":{"line":70,"column":14}},"20":{"start":{"line":76,"column":8},"end":{"line":76,"column":14}},"21":{"start":{"line":82,"column":4},"end":{"line":84,"column":9}},"22":{"start":{"line":83,"column":8},"end":{"line":83,"column":15}},"23":{"start":{"line":85,"column":4},"end":{"line":194,"column":5}},"24":{"start":{"line":91,"column":8},"end":{"line":99,"column":10}},"25":{"start":{"line":98,"column":12},"end":{"line":98,"column":35}},"26":{"start":{"line":102,"column":8},"end":{"line":104,"column":63}},"27":{"start":{"line":105,"column":8},"end":{"line":105,"column":14}},"28":{"start":{"line":112,"column":8},"end":{"line":121,"column":10},"skip":true},"29":{"start":{"line":119,"column":12},"end":{"line":119,"column":55},"skip":true},"30":{"start":{"line":120,"column":12},"end":{"line":120,"column":48},"skip":true},"31":{"start":{"line":123,"column":8},"end":{"line":136,"column":10},"skip":true},"32":{"start":{"line":130,"column":12},"end":{"line":130,"column":76},"skip":true},"33":{"start":{"line":131,"column":12},"end":{"line":131,"column":73},"skip":true},"34":{"start":{"line":132,"column":12},"end":{"line":132,"column":74},"skip":true},"35":{"start":{"line":133,"column":12},"end":{"line":133,"column":79},"skip":true},"36":{"start":{"line":134,"column":12},"end":{"line":134,"column":25},"skip":true},"37":{"start":{"line":135,"column":12},"end":{"line":135,"column":45},"skip":true},"38":{"start":{"line":138,"column":8},"end":{"line":145,"column":14},"skip":true},"39":{"start":{"line":143,"column":16},"end":{"line":143,"column":29},"skip":true},"40":{"start":{"line":144,"column":16},"end":{"line":144,"column":55},"skip":true},"41":{"start":{"line":147,"column":8},"end":{"line":156,"column":10},"skip":true},"42":{"start":{"line":154,"column":12},"end":{"line":154,"column":25},"skip":true},"43":{"start":{"line":155,"column":12},"end":{"line":155,"column":45},"skip":true},"44":{"start":{"line":158,"column":8},"end":{"line":167,"column":10},"skip":true},"45":{"start":{"line":165,"column":12},"end":{"line":165,"column":25},"skip":true},"46":{"start":{"line":166,"column":12},"end":{"line":166,"column":48},"skip":true},"47":{"start":{"line":169,"column":8},"end":{"line":178,"column":10},"skip":true},"48":{"start":{"line":176,"column":12},"end":{"line":176,"column":25},"skip":true},"49":{"start":{"line":177,"column":12},"end":{"line":177,"column":46},"skip":true},"50":{"start":{"line":180,"column":8},"end":{"line":189,"column":10},"skip":true},"51":{"start":{"line":187,"column":12},"end":{"line":187,"column":94},"skip":true},"52":{"start":{"line":188,"column":12},"end":{"line":188,"column":48},"skip":true},"53":{"start":{"line":192,"column":8},"end":{"line":192,"column":35},"skip":true},"54":{"start":{"line":193,"column":8},"end":{"line":193,"column":14},"skip":true}},"branchMap":{"1":{"line":25,"type":"binary-expr","locations":[{"start":{"line":25,"column":23},"end":{"line":25,"column":62}},{"start":{"line":26,"column":20},"end":{"line":26,"column":70}},{"start":{"line":27,"column":20},"end":{"line":27,"column":71}},{"start":{"line":28,"column":20},"end":{"line":28,"column":29}}]},"2":{"line":30,"type":"binary-expr","locations":[{"start":{"line":30,"column":23},"end":{"line":30,"column":37}},{"start":{"line":31,"column":20},"end":{"line":31,"column":61}},{"start":{"line":32,"column":20},"end":{"line":32,"column":70}},{"start":{"line":33,"column":20},"end":{"line":33,"column":26}}]},"3":{"line":37,"type":"cond-expr","locations":[{"start":{"line":38,"column":14},"end":{"line":38,"column":20}},{"start":{"line":39,"column":14},"end":{"line":39,"column":20}}]},"4":{"line":40,"type":"switch","locations":[{"start":{"line":42,"column":8},"end":{"line":47,"column":18}},{"start":{"line":49,"column":8},"end":{"line":52,"column":18}}]},"5":{"line":44,"type":"binary-expr","locations":[{"start":{"line":44,"column":16},"end":{"line":44,"column":44}},{"start":{"line":44,"column":48},"end":{"line":44,"column":66}}]},"6":{"line":50,"type":"binary-expr","locations":[{"start":{"line":50,"column":21},"end":{"line":50,"column":49}},{"start":{"line":50,"column":53},"end":{"line":50,"column":72}}]},"7":{"line":64,"type":"switch","locations":[{"start":{"line":69,"column":4},"end":{"line":70,"column":14}},{"start":{"line":75,"column":4},"end":{"line":76,"column":14}}]},"8":{"line":85,"type":"switch","locations":[{"start":{"line":90,"column":4},"end":{"line":105,"column":14}},{"start":{"line":111,"column":4},"end":{"line":193,"column":14},"skip":true}]},"9":{"line":91,"type":"binary-expr","locations":[{"start":{"line":91,"column":42},"end":{"line":91,"column":73}},{"start":{"line":91,"column":77},"end":{"line":99,"column":9}}]},"10":{"line":102,"type":"binary-expr","locations":[{"start":{"line":102,"column":18},"end":{"line":102,"column":32}},{"start":{"line":103,"column":12},"end":{"line":103,"column":53}},{"start":{"line":104,"column":12},"end":{"line":104,"column":61}}]},"11":{"line":112,"type":"binary-expr","locations":[{"start":{"line":112,"column":45},"end":{"line":112,"column":79},"skip":true},{"start":{"line":112,"column":83},"end":{"line":121,"column":9},"skip":true}]},"12":{"line":123,"type":"binary-expr","locations":[{"start":{"line":123,"column":42},"end":{"line":123,"column":73},"skip":true},{"start":{"line":123,"column":77},"end":{"line":136,"column":9},"skip":true}]},"13":{"line":138,"type":"binary-expr","locations":[{"start":{"line":138,"column":48},"end":{"line":138,"column":85},"skip":true},{"start":{"line":139,"column":12},"end":{"line":145,"column":13},"skip":true}]},"14":{"line":147,"type":"binary-expr","locations":[{"start":{"line":147,"column":42},"end":{"line":147,"column":73},"skip":true},{"start":{"line":147,"column":77},"end":{"line":156,"column":9},"skip":true}]},"15":{"line":158,"type":"binary-expr","locations":[{"start":{"line":158,"column":45},"end":{"line":158,"column":79},"skip":true},{"start":{"line":158,"column":83},"end":{"line":167,"column":9},"skip":true}]},"16":{"line":169,"type":"binary-expr","locations":[{"start":{"line":169,"column":43},"end":{"line":169,"column":75},"skip":true},{"start":{"line":169,"column":79},"end":{"line":178,"column":9},"skip":true}]},"17":{"line":180,"type":"binary-expr","locations":[{"start":{"line":180,"column":41},"end":{"line":180,"column":71},"skip":true},{"start":{"line":180,"column":75},"end":{"line":189,"column":9},"skip":true}]}},"code":["/* istanbul instrument in package npmtest_brackets */","/*jslint","    bitwise: true,","    browser: true,","    maxerr: 8,","    maxlen: 96,","    node: true,","    nomen: true,","    regexp: true,","    stupid: true","*/","(function () {","    'use strict';","    var local;","","","","    // run shared js-env code - pre-init","    (function () {","        // init local","        local = {};","        // init modeJs","        local.modeJs = (function () {","            try {","                return typeof navigator.userAgent === 'string' &&","                    typeof document.querySelector('body') === 'object' &&","                    typeof XMLHttpRequest.prototype.open === 'function' &&","                    'browser';","            } catch (errorCaughtBrowser) {","                return module.exports &&","                    typeof process.versions.node === 'string' &&","                    typeof require('http').createServer === 'function' &&","                    'node';","            }","        }());","        // init global","        local.global = local.modeJs === 'browser'","            ? window","            : global;","        switch (local.modeJs) {","        // re-init local from window.local","        case 'browser':","            local = local.global.utility2.objectSetDefault(","                local.global.utility2_rollup || local.global.local,","                local.global.utility2","            );","            break;","        // re-init local from example.js","        case 'node':","            local = (local.global.utility2_rollup || require('utility2'))","                .requireReadme();","            break;","        }","        // export local","        local.global.local = local;","    }());","","","","    // run shared js-env code - function","    (function () {","        return;","    }());","    switch (local.modeJs) {","","","","    // run browser js-env code - function","    case 'browser':","        break;","","","","    // run node js-env code - function","    case 'node':","        break;","    }","","","","    // run shared js-env code - post-init","    (function () {","        return;","    }());","    switch (local.modeJs) {","","","","    // run browser js-env code - post-init","    case 'browser':","        local.testCase_browser_nullCase = local.testCase_browser_nullCase || function (","            options,","            onError","        ) {","        /*","         * this function will test browsers's null-case handling-behavior-behavior","         */","            onError(null, options);","        };","","        // run tests","        local.nop(local.modeTest &&","            document.querySelector('#testRunButton1') &&","            document.querySelector('#testRunButton1').click());","        break;","","","","    // run node js-env code - post-init","    /* istanbul ignore next */","    case 'node':","        local.testCase_buildApidoc_default = local.testCase_buildApidoc_default || function (","            options,","            onError","        ) {","        /*","         * this function will test buildApidoc's default handling-behavior-behavior","         */","            options = { modulePathList: module.paths };","            local.buildApidoc(options, onError);","        };","","        local.testCase_buildApp_default = local.testCase_buildApp_default || function (","            options,","            onError","        ) {","        /*","         * this function will test buildApp's default handling-behavior-behavior","         */","            local.testCase_buildReadme_default(options, local.onErrorThrow);","            local.testCase_buildLib_default(options, local.onErrorThrow);","            local.testCase_buildTest_default(options, local.onErrorThrow);","            local.testCase_buildCustomOrg_default(options, local.onErrorThrow);","            options = [];","            local.buildApp(options, onError);","        };","","        local.testCase_buildCustomOrg_default = local.testCase_buildCustomOrg_default ||","            function (options, onError) {","            /*","             * this function will test buildCustomOrg's default handling-behavior","             */","                options = {};","                local.buildCustomOrg(options, onError);","            };","","        local.testCase_buildLib_default = local.testCase_buildLib_default || function (","            options,","            onError","        ) {","        /*","         * this function will test buildLib's default handling-behavior","         */","            options = {};","            local.buildLib(options, onError);","        };","","        local.testCase_buildReadme_default = local.testCase_buildReadme_default || function (","            options,","            onError","        ) {","        /*","         * this function will test buildReadme's default handling-behavior-behavior","         */","            options = {};","            local.buildReadme(options, onError);","        };","","        local.testCase_buildTest_default = local.testCase_buildTest_default || function (","            options,","            onError","        ) {","        /*","         * this function will test buildTest's default handling-behavior","         */","            options = {};","            local.buildTest(options, onError);","        };","","        local.testCase_webpage_default = local.testCase_webpage_default || function (","            options,","            onError","        ) {","        /*","         * this function will test webpage's default handling-behavior","         */","            options = { modeCoverageMerge: true, url: local.serverLocalHost + '?modeTest=1' };","            local.browserTest(options, onError);","        };","","        // run test-server","        local.testRunServer(local);","        break;","    }","}());",""],"l":{"12":2,"14":2,"19":2,"21":2,"23":2,"24":2,"25":2,"30":1,"37":2,"40":2,"43":1,"47":1,"50":1,"52":1,"55":2,"61":2,"62":2,"64":2,"70":1,"76":1,"82":2,"83":2,"85":2,"91":1,"98":1,"102":1,"105":1,"112":1,"119":1,"120":1,"123":1,"130":1,"131":1,"132":1,"133":1,"134":1,"135":1,"138":1,"143":2,"144":2,"147":1,"154":2,"155":2,"158":1,"165":2,"166":2,"169":1,"176":2,"177":2,"180":1,"187":1,"188":1,"192":1,"193":1}},"/home/travis/build/npmtest/node-npmtest-brackets/lib.npmtest_brackets.js":{"path":"/home/travis/build/npmtest/node-npmtest-brackets/lib.npmtest_brackets.js","s":{"1":2,"2":2,"3":2,"4":2,"5":2,"6":2,"7":2,"8":1,"9":2,"10":2,"11":2,"12":2,"13":1,"14":1,"15":1,"16":1},"b":{"1":[2,1,1,1],"2":[1,1,1,1],"3":[1,1],"4":[2,2],"5":[1,1]},"f":{"1":2,"2":2,"3":2},"fnMap":{"1":{"name":"(anonymous_1)","line":12,"loc":{"start":{"line":12,"column":1},"end":{"line":12,"column":13}}},"2":{"name":"(anonymous_2)","line":19,"loc":{"start":{"line":19,"column":5},"end":{"line":19,"column":17}}},"3":{"name":"(anonymous_3)","line":23,"loc":{"start":{"line":23,"column":24},"end":{"line":23,"column":36}}}},"statementMap":{"1":{"start":{"line":12,"column":0},"end":{"line":53,"column":5}},"2":{"start":{"line":14,"column":4},"end":{"line":14,"column":14}},"3":{"start":{"line":19,"column":4},"end":{"line":52,"column":9}},"4":{"start":{"line":21,"column":8},"end":{"line":21,"column":19}},"5":{"start":{"line":23,"column":8},"end":{"line":35,"column":13}},"6":{"start":{"line":24,"column":12},"end":{"line":34,"column":13}},"7":{"start":{"line":25,"column":16},"end":{"line":28,"column":30}},"8":{"start":{"line":30,"column":16},"end":{"line":33,"column":27}},"9":{"start":{"line":37,"column":8},"end":{"line":39,"column":21}},"10":{"start":{"line":41,"column":8},"end":{"line":41,"column":54}},"11":{"start":{"line":43,"column":8},"end":{"line":43,"column":53}},"12":{"start":{"line":45,"column":8},"end":{"line":51,"column":9}},"13":{"start":{"line":46,"column":12},"end":{"line":46,"column":59}},"14":{"start":{"line":48,"column":12},"end":{"line":48,"column":35}},"15":{"start":{"line":49,"column":12},"end":{"line":49,"column":49}},"16":{"start":{"line":50,"column":12},"end":{"line":50,"column":43}}},"branchMap":{"1":{"line":25,"type":"binary-expr","locations":[{"start":{"line":25,"column":23},"end":{"line":25,"column":62}},{"start":{"line":26,"column":20},"end":{"line":26,"column":70}},{"start":{"line":27,"column":20},"end":{"line":27,"column":71}},{"start":{"line":28,"column":20},"end":{"line":28,"column":29}}]},"2":{"line":30,"type":"binary-expr","locations":[{"start":{"line":30,"column":23},"end":{"line":30,"column":37}},{"start":{"line":31,"column":20},"end":{"line":31,"column":61}},{"start":{"line":32,"column":20},"end":{"line":32,"column":70}},{"start":{"line":33,"column":20},"end":{"line":33,"column":26}}]},"3":{"line":37,"type":"cond-expr","locations":[{"start":{"line":38,"column":14},"end":{"line":38,"column":20}},{"start":{"line":39,"column":14},"end":{"line":39,"column":20}}]},"4":{"line":41,"type":"binary-expr","locations":[{"start":{"line":41,"column":16},"end":{"line":41,"column":44}},{"start":{"line":41,"column":48},"end":{"line":41,"column":53}}]},"5":{"line":45,"type":"if","locations":[{"start":{"line":45,"column":8},"end":{"line":45,"column":8}},{"start":{"line":45,"column":8},"end":{"line":45,"column":8}}]}},"code":["/* istanbul instrument in package npmtest_brackets */","/*jslint","    bitwise: true,","    browser: true,","    maxerr: 8,","    maxlen: 96,","    node: true,","    nomen: true,","    regexp: true,","    stupid: true","*/","(function () {","    'use strict';","    var local;","","","","    // run shared js-env code - pre-init","    (function () {","        // init local","        local = {};","        // init modeJs","        local.modeJs = (function () {","            try {","                return typeof navigator.userAgent === 'string' &&","                    typeof document.querySelector('body') === 'object' &&","                    typeof XMLHttpRequest.prototype.open === 'function' &&","                    'browser';","            } catch (errorCaughtBrowser) {","                return module.exports &&","                    typeof process.versions.node === 'string' &&","                    typeof require('http').createServer === 'function' &&","                    'node';","            }","        }());","        // init global","        local.global = local.modeJs === 'browser'","            ? window","            : global;","        // init utility2_rollup","        local = local.global.utility2_rollup || local;","        // init lib","        local.local = local.npmtest_brackets = local;","        // init exports","        if (local.modeJs === 'browser') {","            local.global.utility2_npmtest_brackets = local;","        } else {","            module.exports = local;","            module.exports.__dirname = __dirname;","            module.exports.module = module;","        }","    }());","}());",""],"l":{"12":2,"14":2,"19":2,"21":2,"23":2,"24":2,"25":2,"30":1,"37":2,"41":2,"43":2,"45":2,"46":1,"48":1,"49":1,"50":1}},"/home/travis/build/npmtest/node-npmtest-brackets/example.js":{"path":"/home/travis/build/npmtest/node-npmtest-brackets/example.js","s":{"1":2,"2":2,"3":2,"4":2,"5":2,"6":2,"7":2,"8":1,"9":2,"10":2,"11":2,"12":2,"13":1,"14":2,"15":2,"16":2,"17":2,"18":2,"19":0,"20":2,"21":1,"22":1,"23":1,"24":1,"25":1,"26":0,"27":0,"28":1,"29":1,"30":2,"31":0,"32":0,"33":0,"34":1,"35":2,"36":2,"37":3,"38":3,"39":3,"40":3,"41":0,"42":3,"43":3,"44":3,"45":1,"46":3,"47":1,"48":1,"49":1,"50":1,"51":1,"52":1,"53":1,"54":1,"55":1,"56":1,"57":0,"58":1,"59":6,"60":6,"61":1,"62":2,"63":0,"64":2,"65":1,"66":1,"67":0,"68":0,"69":0,"70":0,"71":0,"72":0,"73":0,"74":0,"75":0,"76":0,"77":0,"78":0,"79":0,"80":0,"81":0,"82":0,"83":0},"b":{"1":[2,1,1,1],"2":[1,1,1,1],"3":[1,1],"4":[2,2],"5":[1,1],"6":[1,1],"7":[2,0],"8":[2,1,1,1,1,1],"9":[0,2,0],"10":[1,1],"11":[2,1,1],"12":[1,0],"13":[0,2],"14":[2,0,0,0,0,0,0],"15":[0,3],"16":[3,0],"17":[1,1],"18":[0,1],"19":[1,2,0,2],"20":[1,0],"21":[1,1],"22":[0,0],"23":[0,0],"24":[0,0],"25":[0,0],"26":[0,0],"27":[0,0],"28":[0,0]},"f":{"1":2,"2":2,"3":2,"4":2,"5":2,"6":2,"7":3,"8":3,"9":3,"10":1,"11":6,"12":0},"fnMap":{"1":{"name":"(anonymous_1)","line":26,"loc":{"start":{"line":26,"column":1},"end":{"line":26,"column":13}}},"2":{"name":"(anonymous_2)","line":33,"loc":{"start":{"line":33,"column":5},"end":{"line":33,"column":17}}},"3":{"name":"(anonymous_3)","line":37,"loc":{"start":{"line":37,"column":24},"end":{"line":37,"column":36}}},"4":{"name":"(anonymous_4)","line":69,"loc":{"start":{"line":69,"column":31},"end":{"line":69,"column":48}},"skip":true},"5":{"name":"(anonymous_5)","line":78,"loc":{"start":{"line":78,"column":26},"end":{"line":78,"column":45}},"skip":true},"6":{"name":"(anonymous_6)","line":123,"loc":{"start":{"line":123,"column":33},"end":{"line":123,"column":48}},"skip":true},"7":{"name":"(anonymous_7)","line":125,"loc":{"start":{"line":125,"column":27},"end":{"line":125,"column":39}},"skip":true},"8":{"name":"(anonymous_8)","line":133,"loc":{"start":{"line":133,"column":59},"end":{"line":133,"column":74}},"skip":true},"9":{"name":"(anonymous_9)","line":143,"loc":{"start":{"line":143,"column":45},"end":{"line":143,"column":62}},"skip":true},"10":{"name":"(anonymous_10)","line":144,"loc":{"start":{"line":144,"column":73},"end":{"line":144,"column":92}},"skip":true},"11":{"name":"(anonymous_11)","line":272,"loc":{"start":{"line":272,"column":51},"end":{"line":272,"column":77}},"skip":true},"12":{"name":"(anonymous_12)","line":315,"loc":{"start":{"line":315,"column":32},"end":{"line":315,"column":61}},"skip":true}},"statementMap":{"1":{"start":{"line":26,"column":0},"end":{"line":326,"column":5}},"2":{"start":{"line":28,"column":4},"end":{"line":28,"column":14}},"3":{"start":{"line":33,"column":4},"end":{"line":60,"column":9}},"4":{"start":{"line":35,"column":8},"end":{"line":35,"column":19}},"5":{"start":{"line":37,"column":8},"end":{"line":49,"column":13}},"6":{"start":{"line":38,"column":12},"end":{"line":48,"column":13}},"7":{"start":{"line":39,"column":16},"end":{"line":42,"column":30}},"8":{"start":{"line":44,"column":16},"end":{"line":47,"column":27}},"9":{"start":{"line":51,"column":8},"end":{"line":53,"column":21}},"10":{"start":{"line":55,"column":8},"end":{"line":57,"column":45}},"11":{"start":{"line":59,"column":8},"end":{"line":59,"column":35}},"12":{"start":{"line":61,"column":4},"end":{"line":325,"column":5}},"13":{"start":{"line":69,"column":8},"end":{"line":121,"column":10},"skip":true},"14":{"start":{"line":70,"column":12},"end":{"line":88,"column":13},"skip":true},"15":{"start":{"line":76,"column":16},"end":{"line":87,"column":19},"skip":true},"16":{"start":{"line":79,"column":20},"end":{"line":86,"column":21},"skip":true},"17":{"start":{"line":82,"column":24},"end":{"line":82,"column":43},"skip":true},"18":{"start":{"line":83,"column":24},"end":{"line":83,"column":30},"skip":true},"19":{"start":{"line":85,"column":24},"end":{"line":85,"column":49},"skip":true},"20":{"start":{"line":89,"column":12},"end":{"line":107,"column":13},"skip":true},"21":{"start":{"line":92,"column":16},"end":{"line":102,"column":17},"skip":true},"22":{"start":{"line":93,"column":20},"end":{"line":93,"column":86},"skip":true},"23":{"start":{"line":94,"column":20},"end":{"line":95,"column":45},"skip":true},"24":{"start":{"line":96,"column":20},"end":{"line":96,"column":42},"skip":true},"25":{"start":{"line":97,"column":20},"end":{"line":97,"column":48},"skip":true},"26":{"start":{"line":100,"column":20},"end":{"line":100,"column":85},"skip":true},"27":{"start":{"line":101,"column":20},"end":{"line":101,"column":96},"skip":true},"28":{"start":{"line":103,"column":16},"end":{"line":103,"column":22},"skip":true},"29":{"start":{"line":106,"column":16},"end":{"line":106,"column":22},"skip":true},"30":{"start":{"line":108,"column":12},"end":{"line":120,"column":13},"skip":true},"31":{"start":{"line":114,"column":16},"end":{"line":119,"column":17},"skip":true},"32":{"start":{"line":116,"column":20},"end":{"line":116,"column":78},"skip":true},"33":{"start":{"line":118,"column":20},"end":{"line":118,"column":47},"skip":true},"34":{"start":{"line":123,"column":8},"end":{"line":141,"column":11},"skip":true},"35":{"start":{"line":124,"column":12},"end":{"line":124,"column":54},"skip":true},"36":{"start":{"line":125,"column":12},"end":{"line":140,"column":14},"skip":true},"37":{"start":{"line":126,"column":16},"end":{"line":126,"column":28},"skip":true},"38":{"start":{"line":127,"column":16},"end":{"line":127,"column":69},"skip":true},"39":{"start":{"line":128,"column":16},"end":{"line":128,"column":75},"skip":true},"40":{"start":{"line":129,"column":16},"end":{"line":131,"column":17},"skip":true},"41":{"start":{"line":130,"column":20},"end":{"line":130,"column":27},"skip":true},"42":{"start":{"line":133,"column":16},"end":{"line":137,"column":36},"skip":true},"43":{"start":{"line":134,"column":20},"end":{"line":136,"column":55},"skip":true},"44":{"start":{"line":139,"column":16},"end":{"line":139,"column":57},"skip":true},"45":{"start":{"line":143,"column":8},"end":{"line":147,"column":11},"skip":true},"46":{"start":{"line":144,"column":12},"end":{"line":146,"column":15},"skip":true},"47":{"start":{"line":145,"column":16},"end":{"line":145,"column":70},"skip":true},"48":{"start":{"line":149,"column":8},"end":{"line":149,"column":31},"skip":true},"49":{"start":{"line":150,"column":8},"end":{"line":150,"column":14},"skip":true},"50":{"start":{"line":158,"column":8},"end":{"line":158,"column":31},"skip":true},"51":{"start":{"line":160,"column":8},"end":{"line":160,"column":33},"skip":true},"52":{"start":{"line":161,"column":8},"end":{"line":161,"column":37},"skip":true},"53":{"start":{"line":162,"column":8},"end":{"line":162,"column":35},"skip":true},"54":{"start":{"line":164,"column":8},"end":{"line":164,"column":50},"skip":true},"55":{"start":{"line":166,"column":8},"end":{"line":256,"column":2},"skip":true},"56":{"start":{"line":258,"column":8},"end":{"line":286,"column":9},"skip":true},"57":{"start":{"line":259,"column":12},"end":{"line":269,"column":14},"skip":true},"58":{"start":{"line":271,"column":12},"end":{"line":285,"column":19},"skip":true},"59":{"start":{"line":274,"column":20},"end":{"line":274,"column":35},"skip":true},"60":{"start":{"line":275,"column":20},"end":{"line":284,"column":21},"skip":true},"61":{"start":{"line":277,"column":24},"end":{"line":277,"column":64},"skip":true},"62":{"start":{"line":279,"column":24},"end":{"line":279,"column":40},"skip":true},"63":{"start":{"line":281,"column":24},"end":{"line":281,"column":40},"skip":true},"64":{"start":{"line":283,"column":24},"end":{"line":283,"column":39},"skip":true},"65":{"start":{"line":288,"column":8},"end":{"line":290,"column":9},"skip":true},"66":{"start":{"line":289,"column":12},"end":{"line":289,"column":18},"skip":true},"67":{"start":{"line":291,"column":8},"end":{"line":293,"column":54},"skip":true},"68":{"start":{"line":296,"column":8},"end":{"line":301,"column":37},"skip":true},"69":{"start":{"line":303,"column":8},"end":{"line":303,"column":82},"skip":true},"70":{"start":{"line":306,"column":8},"end":{"line":308,"column":9},"skip":true},"71":{"start":{"line":307,"column":12},"end":{"line":307,"column":82},"skip":true},"72":{"start":{"line":310,"column":8},"end":{"line":312,"column":9},"skip":true},"73":{"start":{"line":311,"column":12},"end":{"line":311,"column":18},"skip":true},"74":{"start":{"line":313,"column":8},"end":{"line":313,"column":54},"skip":true},"75":{"start":{"line":314,"column":8},"end":{"line":314,"column":69},"skip":true},"76":{"start":{"line":315,"column":8},"end":{"line":323,"column":36},"skip":true},"77":{"start":{"line":316,"column":12},"end":{"line":316,"column":61},"skip":true},"78":{"start":{"line":317,"column":12},"end":{"line":320,"column":13},"skip":true},"79":{"start":{"line":318,"column":16},"end":{"line":318,"column":75},"skip":true},"80":{"start":{"line":319,"column":16},"end":{"line":319,"column":23},"skip":true},"81":{"start":{"line":321,"column":12},"end":{"line":321,"column":38},"skip":true},"82":{"start":{"line":322,"column":12},"end":{"line":322,"column":27},"skip":true},"83":{"start":{"line":324,"column":8},"end":{"line":324,"column":14},"skip":true}},"branchMap":{"1":{"line":39,"type":"binary-expr","locations":[{"start":{"line":39,"column":23},"end":{"line":39,"column":62}},{"start":{"line":40,"column":20},"end":{"line":40,"column":70}},{"start":{"line":41,"column":20},"end":{"line":41,"column":71}},{"start":{"line":42,"column":20},"end":{"line":42,"column":29}}]},"2":{"line":44,"type":"binary-expr","locations":[{"start":{"line":44,"column":23},"end":{"line":44,"column":37}},{"start":{"line":45,"column":20},"end":{"line":45,"column":61}},{"start":{"line":46,"column":20},"end":{"line":46,"column":70}},{"start":{"line":47,"column":20},"end":{"line":47,"column":26}}]},"3":{"line":51,"type":"cond-expr","locations":[{"start":{"line":52,"column":14},"end":{"line":52,"column":20}},{"start":{"line":53,"column":14},"end":{"line":53,"column":20}}]},"4":{"line":55,"type":"binary-expr","locations":[{"start":{"line":55,"column":16},"end":{"line":55,"column":44}},{"start":{"line":55,"column":49},"end":{"line":57,"column":43}}]},"5":{"line":55,"type":"cond-expr","locations":[{"start":{"line":56,"column":14},"end":{"line":56,"column":52}},{"start":{"line":57,"column":14},"end":{"line":57,"column":43}}]},"6":{"line":61,"type":"switch","locations":[{"start":{"line":68,"column":4},"end":{"line":150,"column":14},"skip":true},{"start":{"line":156,"column":4},"end":{"line":324,"column":14},"skip":true}]},"7":{"line":70,"type":"if","locations":[{"start":{"line":70,"column":12},"end":{"line":70,"column":12},"skip":true},{"start":{"line":70,"column":12},"end":{"line":70,"column":12},"skip":true}]},"8":{"line":70,"type":"binary-expr","locations":[{"start":{"line":70,"column":16},"end":{"line":70,"column":22},"skip":true},{"start":{"line":70,"column":27},"end":{"line":70,"column":32},"skip":true},{"start":{"line":71,"column":20},"end":{"line":71,"column":39},"skip":true},{"start":{"line":72,"column":20},"end":{"line":72,"column":49},"skip":true},{"start":{"line":73,"column":20},"end":{"line":73,"column":58},"skip":true},{"start":{"line":74,"column":20},"end":{"line":74,"column":69},"skip":true}]},"9":{"line":79,"type":"switch","locations":[{"start":{"line":80,"column":20},"end":{"line":80,"column":33},"skip":true},{"start":{"line":81,"column":20},"end":{"line":83,"column":30},"skip":true},{"start":{"line":84,"column":20},"end":{"line":85,"column":49},"skip":true}]},"10":{"line":89,"type":"switch","locations":[{"start":{"line":90,"column":12},"end":{"line":103,"column":22},"skip":true},{"start":{"line":105,"column":12},"end":{"line":106,"column":22},"skip":true}]},"11":{"line":89,"type":"binary-expr","locations":[{"start":{"line":89,"column":20},"end":{"line":89,"column":25},"skip":true},{"start":{"line":89,"column":29},"end":{"line":89,"column":48},"skip":true},{"start":{"line":89,"column":52},"end":{"line":89,"column":74},"skip":true}]},"12":{"line":92,"type":"if","locations":[{"start":{"line":92,"column":16},"end":{"line":92,"column":16},"skip":true},{"start":{"line":92,"column":16},"end":{"line":92,"column":16},"skip":true}]},"13":{"line":108,"type":"if","locations":[{"start":{"line":108,"column":12},"end":{"line":108,"column":12},"skip":true},{"start":{"line":108,"column":12},"end":{"line":108,"column":12},"skip":true}]},"14":{"line":108,"type":"binary-expr","locations":[{"start":{"line":108,"column":16},"end":{"line":108,"column":61},"skip":true},{"start":{"line":108,"column":66},"end":{"line":108,"column":72},"skip":true},{"start":{"line":108,"column":77},"end":{"line":108,"column":82},"skip":true},{"start":{"line":109,"column":20},"end":{"line":109,"column":39},"skip":true},{"start":{"line":110,"column":20},"end":{"line":110,"column":49},"skip":true},{"start":{"line":111,"column":20},"end":{"line":111,"column":58},"skip":true},{"start":{"line":112,"column":20},"end":{"line":112,"column":68},"skip":true}]},"15":{"line":129,"type":"if","locations":[{"start":{"line":129,"column":16},"end":{"line":129,"column":16},"skip":true},{"start":{"line":129,"column":16},"end":{"line":129,"column":16},"skip":true}]},"16":{"line":134,"type":"cond-expr","locations":[{"start":{"line":135,"column":26},"end":{"line":135,"column":29},"skip":true},{"start":{"line":136,"column":26},"end":{"line":136,"column":54},"skip":true}]},"17":{"line":164,"type":"binary-expr","locations":[{"start":{"line":164,"column":27},"end":{"line":164,"column":43},"skip":true},{"start":{"line":164,"column":47},"end":{"line":164,"column":49},"skip":true}]},"18":{"line":258,"type":"if","locations":[{"start":{"line":258,"column":8},"end":{"line":258,"column":8},"skip":true},{"start":{"line":258,"column":8},"end":{"line":258,"column":8},"skip":true}]},"19":{"line":275,"type":"switch","locations":[{"start":{"line":276,"column":20},"end":{"line":277,"column":64},"skip":true},{"start":{"line":278,"column":20},"end":{"line":279,"column":40},"skip":true},{"start":{"line":280,"column":20},"end":{"line":281,"column":40},"skip":true},{"start":{"line":282,"column":20},"end":{"line":283,"column":39},"skip":true}]},"20":{"line":288,"type":"if","locations":[{"start":{"line":288,"column":8},"end":{"line":288,"column":8},"skip":true},{"start":{"line":288,"column":8},"end":{"line":288,"column":8},"skip":true}]},"21":{"line":288,"type":"binary-expr","locations":[{"start":{"line":288,"column":12},"end":{"line":288,"column":40},"skip":true},{"start":{"line":288,"column":44},"end":{"line":288,"column":67},"skip":true}]},"22":{"line":292,"type":"binary-expr","locations":[{"start":{"line":292,"column":12},"end":{"line":292,"column":50},"skip":true},{"start":{"line":293,"column":12},"end":{"line":293,"column":53},"skip":true}]},"23":{"line":297,"type":"binary-expr","locations":[{"start":{"line":297,"column":12},"end":{"line":297,"column":66},"skip":true},{"start":{"line":298,"column":12},"end":{"line":301,"column":36},"skip":true}]},"24":{"line":303,"type":"binary-expr","locations":[{"start":{"line":303,"column":43},"end":{"line":303,"column":75},"skip":true},{"start":{"line":303,"column":79},"end":{"line":303,"column":81},"skip":true}]},"25":{"line":306,"type":"if","locations":[{"start":{"line":306,"column":8},"end":{"line":306,"column":8},"skip":true},{"start":{"line":306,"column":8},"end":{"line":306,"column":8},"skip":true}]},"26":{"line":310,"type":"if","locations":[{"start":{"line":310,"column":8},"end":{"line":310,"column":8},"skip":true},{"start":{"line":310,"column":8},"end":{"line":310,"column":8},"skip":true}]},"27":{"line":313,"type":"binary-expr","locations":[{"start":{"line":313,"column":27},"end":{"line":313,"column":43},"skip":true},{"start":{"line":313,"column":47},"end":{"line":313,"column":53},"skip":true}]},"28":{"line":317,"type":"if","locations":[{"start":{"line":317,"column":12},"end":{"line":317,"column":12},"skip":true},{"start":{"line":317,"column":12},"end":{"line":317,"column":12},"skip":true}]}},"code":["/*","example.js","","quickstart example","","instruction","    1. save this script as example.js","    2. run the shell command:","        $ npm install npmtest-brackets && PORT=8081 node example.js","    3. play with the browser-demo on http://127.0.0.1:8081","*/","","","","/* istanbul instrument in package npmtest_brackets */","/*jslint","    bitwise: true,","    browser: true,","    maxerr: 8,","    maxlen: 96,","    node: true,","    nomen: true,","    regexp: true,","    stupid: true","*/","(function () {","    'use strict';","    var local;","","","","    // run shared js-env code - pre-init","    (function () {","        // init local","        local = {};","        // init modeJs","        local.modeJs = (function () {","            try {","                return typeof navigator.userAgent === 'string' &&","                    typeof document.querySelector('body') === 'object' &&","                    typeof XMLHttpRequest.prototype.open === 'function' &&","                    'browser';","            } catch (errorCaughtBrowser) {","                return module.exports &&","                    typeof process.versions.node === 'string' &&","                    typeof require('http').createServer === 'function' &&","                    'node';","            }","        }());","        // init global","        local.global = local.modeJs === 'browser'","            ? window","            : global;","        // init utility2_rollup","        local = local.global.utility2_rollup || (local.modeJs === 'browser'","            ? local.global.utility2_npmtest_brackets","            : global.utility2_moduleExports);","        // export local","        local.global.local = local;","    }());","    switch (local.modeJs) {","","","","    // post-init","    // run browser js-env code - post-init","    /* istanbul ignore next */","    case 'browser':","        local.testRunBrowser = function (event) {","            if (!event || (event &&","                    event.currentTarget &&","                    event.currentTarget.className &&","                    event.currentTarget.className.includes &&","                    event.currentTarget.className.includes('onreset'))) {","                // reset output","                Array.from(","                    document.querySelectorAll('body > .resettable')","                ).forEach(function (element) {","                    switch (element.tagName) {","                    case 'INPUT':","                    case 'TEXTAREA':","                        element.value = '';","                        break;","                    default:","                        element.textContent = '';","                    }","                });","            }","            switch (event && event.currentTarget && event.currentTarget.id) {","            case 'testRunButton1':","                // show tests","                if (document.querySelector('#testReportDiv1').style.display === 'none') {","                    document.querySelector('#testReportDiv1').style.display = 'block';","                    document.querySelector('#testRunButton1').textContent =","                        'hide internal test';","                    local.modeTest = true;","                    local.testRunDefault(local);","                // hide tests","                } else {","                    document.querySelector('#testReportDiv1').style.display = 'none';","                    document.querySelector('#testRunButton1').textContent = 'run internal test';","                }","                break;","            // custom-case","            default:","                break;","            }","            if (document.querySelector('#inputTextareaEval1') && (!event || (event &&","                    event.currentTarget &&","                    event.currentTarget.className &&","                    event.currentTarget.className.includes &&","                    event.currentTarget.className.includes('oneval')))) {","                // try to eval input-code","                try {","                    /*jslint evil: true*/","                    eval(document.querySelector('#inputTextareaEval1').value);","                } catch (errorCaught) {","                    console.error(errorCaught);","                }","            }","        };","        // log stderr and stdout to #outputTextareaStdout1","        ['error', 'log'].forEach(function (key) {","            console[key + '_original'] = console[key];","            console[key] = function () {","                var element;","                console[key + '_original'].apply(console, arguments);","                element = document.querySelector('#outputTextareaStdout1');","                if (!element) {","                    return;","                }","                // append text to #outputTextareaStdout1","                element.value += Array.from(arguments).map(function (arg) {","                    return typeof arg === 'string'","                        ? arg","                        : JSON.stringify(arg, null, 4);","                }).join(' ') + '\\n';","                // scroll textarea to bottom","                element.scrollTop = element.scrollHeight;","            };","        });","        // init event-handling","        ['change', 'click', 'keyup'].forEach(function (event) {","            Array.from(document.querySelectorAll('.on' + event)).forEach(function (element) {","                element.addEventListener(event, local.testRunBrowser);","            });","        });","        // run tests","        local.testRunBrowser();","        break;","","","","    // run node js-env code - post-init","    /* istanbul ignore next */","    case 'node':","        // export local","        module.exports = local;","        // require modules","        local.fs = require('fs');","        local.http = require('http');","        local.url = require('url');","        // init assets","        local.assetsDict = local.assetsDict || {};","        /* jslint-ignore-begin */","        local.assetsDict['/assets.index.template.html'] = '\\","<!doctype html>\\n\\","<html lang=\"en\">\\n\\","<head>\\n\\","<meta charset=\"UTF-8\">\\n\\","<meta name=\"viewport\" content=\"width=device-width, initial-scale=1\">\\n\\","<title>{{env.npm_package_name}} (v{{env.npm_package_version}})</title>\\n\\","<style>\\n\\","/*csslint\\n\\","    box-sizing: false,\\n\\","    universal-selector: false\\n\\","*/\\n\\","* {\\n\\","    box-sizing: border-box;\\n\\","}\\n\\","body {\\n\\","    background: #dde;\\n\\","    font-family: Arial, Helvetica, sans-serif;\\n\\","    margin: 2rem;\\n\\","}\\n\\","body > * {\\n\\","    margin-bottom: 1rem;\\n\\","}\\n\\",".utility2FooterDiv {\\n\\","    margin-top: 20px;\\n\\","    text-align: center;\\n\\","}\\n\\","</style>\\n\\","<style>\\n\\","/*csslint\\n\\","*/\\n\\","textarea {\\n\\","    font-family: monospace;\\n\\","    height: 10rem;\\n\\","    width: 100%;\\n\\","}\\n\\","textarea[readonly] {\\n\\","    background: #ddd;\\n\\","}\\n\\","</style>\\n\\","</head>\\n\\","<body>\\n\\","<!-- utility2-comment\\n\\","<div id=\"ajaxProgressDiv1\" style=\"background: #d00; height: 2px; left: 0; margin: 0; padding: 0; position: fixed; top: 0; transition: background 0.5s, width 1.5s; width: 25%;\"></div>\\n\\","utility2-comment -->\\n\\","<h1>\\n\\","<!-- utility2-comment\\n\\","    <a\\n\\","        {{#if env.npm_package_homepage}}\\n\\","        href=\"{{env.npm_package_homepage}}\"\\n\\","        {{/if env.npm_package_homepage}}\\n\\","        target=\"_blank\"\\n\\","    >\\n\\","utility2-comment -->\\n\\","        {{env.npm_package_name}} (v{{env.npm_package_version}})\\n\\","<!-- utility2-comment\\n\\","    </a>\\n\\","utility2-comment -->\\n\\","</h1>\\n\\","<h3>{{env.npm_package_description}}</h3>\\n\\","<!-- utility2-comment\\n\\","<h4><a download href=\"assets.app.js\">download standalone app</a></h4>\\n\\","<button class=\"onclick onreset\" id=\"testRunButton1\">run internal test</button><br>\\n\\","<div id=\"testReportDiv1\" style=\"display: none;\"></div>\\n\\","utility2-comment -->\\n\\","\\n\\","\\n\\","\\n\\","<label>stderr and stdout</label>\\n\\","<textarea class=\"resettable\" id=\"outputTextareaStdout1\" readonly></textarea>\\n\\","<!-- utility2-comment\\n\\","{{#if isRollup}}\\n\\","<script src=\"assets.app.js\"></script>\\n\\","{{#unless isRollup}}\\n\\","utility2-comment -->\\n\\","<script src=\"assets.utility2.rollup.js\"></script>\\n\\","<script src=\"jsonp.utility2._stateInit?callback=window.utility2._stateInit\"></script>\\n\\","<script src=\"assets.npmtest_brackets.rollup.js\"></script>\\n\\","<script src=\"assets.example.js\"></script>\\n\\","<script src=\"assets.test.js\"></script>\\n\\","<!-- utility2-comment\\n\\","{{/if isRollup}}\\n\\","utility2-comment -->\\n\\","<div class=\"utility2FooterDiv\">\\n\\","    [ this app was created with\\n\\","    <a href=\"https://github.com/kaizhu256/node-utility2\" target=\"_blank\">utility2</a>\\n\\","    ]\\n\\","</div>\\n\\","</body>\\n\\","</html>\\n\\","';","        /* jslint-ignore-end */","        if (local.templateRender) {","            local.assetsDict['/'] = local.templateRender(","                local.assetsDict['/assets.index.template.html'],","                {","                    env: local.objectSetDefault(local.env, {","                        npm_package_description: 'the greatest app in the world!',","                        npm_package_name: 'my-app',","                        npm_package_nameAlias: 'my_app',","                        npm_package_version: '0.0.1'","                    })","                }","            );","        } else {","            local.assetsDict['/'] = local.assetsDict['/assets.index.template.html']","                .replace((/\\{\\{env\\.(\\w+?)\\}\\}/g), function (match0, match1) {","                    // jslint-hack","                    String(match0);","                    switch (match1) {","                    case 'npm_package_description':","                        return 'the greatest app in the world!';","                    case 'npm_package_name':","                        return 'my-app';","                    case 'npm_package_nameAlias':","                        return 'my_app';","                    case 'npm_package_version':","                        return '0.0.1';","                    }","                });","        }","        // run the cli","        if (local.global.utility2_rollup || module !== require.main) {","            break;","        }","        local.assetsDict['/assets.example.js'] =","            local.assetsDict['/assets.example.js'] ||","            local.fs.readFileSync(__filename, 'utf8');","        // bug-workaround - long $npm_package_buildCustomOrg","        /* jslint-ignore-begin */","        local.assetsDict['/assets.npmtest_brackets.rollup.js'] =","            local.assetsDict['/assets.npmtest_brackets.rollup.js'] ||","            local.fs.readFileSync(","                local.npmtest_brackets.__dirname + '/lib.npmtest_brackets.js',","                'utf8'","            ).replace((/^#!/), '//');","        /* jslint-ignore-end */","        local.assetsDict['/favicon.ico'] = local.assetsDict['/favicon.ico'] || '';","        // if $npm_config_timeout_exit exists,","        // then exit this process after $npm_config_timeout_exit ms","        if (Number(process.env.npm_config_timeout_exit)) {","            setTimeout(process.exit, Number(process.env.npm_config_timeout_exit));","        }","        // start server","        if (local.global.utility2_serverHttp1) {","            break;","        }","        process.env.PORT = process.env.PORT || '8081';","        console.error('server starting on port ' + process.env.PORT);","        local.http.createServer(function (request, response) {","            request.urlParsed = local.url.parse(request.url);","            if (local.assetsDict[request.urlParsed.pathname] !== undefined) {","                response.end(local.assetsDict[request.urlParsed.pathname]);","                return;","            }","            response.statusCode = 404;","            response.end();","        }).listen(process.env.PORT);","        break;","    }","}());",""],"l":{"26":2,"28":2,"33":2,"35":2,"37":2,"38":2,"39":2,"44":1,"51":2,"55":2,"59":2,"61":2,"69":1,"70":2,"76":2,"79":2,"82":2,"83":2,"85":1,"89":2,"92":1,"93":1,"94":1,"96":1,"97":1,"100":1,"101":1,"103":1,"106":1,"108":2,"114":1,"116":1,"118":1,"123":1,"124":2,"125":2,"126":3,"127":3,"128":3,"129":3,"130":1,"133":3,"134":3,"139":3,"143":1,"144":3,"145":1,"149":1,"150":1,"158":1,"160":1,"161":1,"162":1,"164":1,"166":1,"258":1,"259":1,"271":1,"274":6,"275":6,"277":1,"279":2,"281":1,"283":2,"288":1,"289":1,"291":1,"296":1,"303":1,"306":1,"307":1,"310":1,"311":1,"313":1,"314":1,"315":1,"316":1,"317":1,"318":1,"319":1,"321":1,"322":1,"324":1}},"/home/travis/build/npmtest/node-npmtest-brackets/node_modules/brackets/lib/server.js":{"path":"/home/travis/build/npmtest/node-npmtest-brackets/node_modules/brackets/lib/server.js","s":{"1":1,"2":1,"3":1,"4":4,"5":1,"6":1,"7":0,"8":0,"9":0,"10":0,"11":0,"12":1,"13":1,"14":1,"15":1,"16":1,"17":1,"18":1,"19":0,"20":0,"21":0,"22":0,"23":0,"24":0,"25":0,"26":0,"27":0,"28":0,"29":0,"30":0,"31":0,"32":0,"33":0,"34":0,"35":0,"36":0,"37":0,"38":0,"39":0,"40":0,"41":0,"42":0,"43":0,"44":0,"45":0,"46":0,"47":0,"48":0,"49":0,"50":0,"51":0,"52":0,"53":0,"54":1,"55":2,"56":1,"57":1,"58":1,"59":1,"60":0,"61":0,"62":0,"63":0,"64":0,"65":0,"66":0,"67":0,"68":0,"69":0,"70":0,"71":0,"72":0,"73":1,"74":1,"75":1,"76":1,"77":1,"78":1,"79":1,"80":1,"81":0,"82":0,"83":0,"84":0,"85":1,"86":1,"87":0,"88":1,"89":1,"90":1,"91":0,"92":1,"93":1,"94":1,"95":1},"b":{"1":[0,4],"2":[0,0],"3":[0,0],"4":[0,0],"5":[0,0],"6":[0,0],"7":[0,0],"8":[0,0],"9":[0,0],"10":[1,1],"11":[1,1,0,0,0,0],"12":[0,0],"13":[0,0],"14":[1,0],"15":[1,1],"16":[1,0],"17":[1,0],"18":[1,1],"19":[1,1],"20":[0,0,1,1,0],"21":[0,1],"22":[1,1]},"f":{"1":4,"2":1,"3":0,"4":1,"5":0,"6":0,"7":0,"8":2,"9":1},"fnMap":{"1":{"name":"removeTrailingSlash","line":22,"loc":{"start":{"line":22,"column":0},"end":{"line":22,"column":35}}},"2":{"name":"createHttpServer","line":26,"loc":{"start":{"line":26,"column":0},"end":{"line":26,"column":38}}},"3":{"name":"(anonymous_3)","line":27,"loc":{"start":{"line":27,"column":40},"end":{"line":27,"column":60}}},"4":{"name":"attachStatic","line":41,"loc":{"start":{"line":41,"column":0},"end":{"line":41,"column":28}}},"5":{"name":"(anonymous_5)","line":48,"loc":{"start":{"line":48,"column":22},"end":{"line":48,"column":41}}},"6":{"name":"(anonymous_6)","line":71,"loc":{"start":{"line":71,"column":60},"end":{"line":71,"column":75}}},"7":{"name":"(anonymous_7)","line":85,"loc":{"start":{"line":85,"column":35},"end":{"line":85,"column":51}}},"8":{"name":"Server","line":112,"loc":{"start":{"line":112,"column":0},"end":{"line":112,"column":27}}},"9":{"name":"(anonymous_9)","line":169,"loc":{"start":{"line":169,"column":44},"end":{"line":169,"column":59}}}},"statementMap":{"1":{"start":{"line":7,"column":0},"end":{"line":18,"column":23}},"2":{"start":{"line":20,"column":0},"end":{"line":20,"column":18}},"3":{"start":{"line":22,"column":0},"end":{"line":24,"column":1}},"4":{"start":{"line":23,"column":4},"end":{"line":23,"column":82}},"5":{"start":{"line":26,"column":0},"end":{"line":39,"column":1}},"6":{"start":{"line":27,"column":4},"end":{"line":35,"column":7}},"7":{"start":{"line":28,"column":8},"end":{"line":34,"column":9}},"8":{"start":{"line":29,"column":12},"end":{"line":29,"column":64}},"9":{"start":{"line":30,"column":12},"end":{"line":30,"column":22}},"10":{"start":{"line":32,"column":12},"end":{"line":32,"column":31}},"11":{"start":{"line":33,"column":12},"end":{"line":33,"column":33}},"12":{"start":{"line":36,"column":4},"end":{"line":36,"column":38}},"13":{"start":{"line":37,"column":4},"end":{"line":37,"column":33}},"14":{"start":{"line":38,"column":4},"end":{"line":38,"column":65}},"15":{"start":{"line":41,"column":0},"end":{"line":110,"column":1}},"16":{"start":{"line":42,"column":4},"end":{"line":45,"column":69}},"17":{"start":{"line":47,"column":4},"end":{"line":47,"column":38}},"18":{"start":{"line":48,"column":4},"end":{"line":109,"column":7}},"19":{"start":{"line":49,"column":8},"end":{"line":108,"column":9}},"20":{"start":{"line":50,"column":12},"end":{"line":50,"column":50}},"21":{"start":{"line":52,"column":12},"end":{"line":56,"column":13}},"22":{"start":{"line":53,"column":16},"end":{"line":53,"column":68}},"23":{"start":{"line":54,"column":16},"end":{"line":54,"column":26}},"24":{"start":{"line":55,"column":16},"end":{"line":55,"column":23}},"25":{"start":{"line":58,"column":12},"end":{"line":60,"column":13}},"26":{"start":{"line":59,"column":16},"end":{"line":59,"column":36}},"27":{"start":{"line":62,"column":12},"end":{"line":80,"column":13}},"28":{"start":{"line":63,"column":16},"end":{"line":65,"column":77}},"29":{"start":{"line":67,"column":16},"end":{"line":67,"column":40}},"30":{"start":{"line":68,"column":16},"end":{"line":68,"column":39}},"31":{"start":{"line":70,"column":16},"end":{"line":70,"column":28}},"32":{"start":{"line":71,"column":16},"end":{"line":76,"column":19}},"33":{"start":{"line":72,"column":20},"end":{"line":72,"column":33}},"34":{"start":{"line":73,"column":20},"end":{"line":73,"column":65}},"35":{"start":{"line":74,"column":20},"end":{"line":74,"column":35}},"36":{"start":{"line":75,"column":20},"end":{"line":75,"column":34}},"37":{"start":{"line":77,"column":16},"end":{"line":77,"column":36}},"38":{"start":{"line":78,"column":16},"end":{"line":78,"column":29}},"39":{"start":{"line":79,"column":16},"end":{"line":79,"column":23}},"40":{"start":{"line":82,"column":12},"end":{"line":82,"column":52}},"41":{"start":{"line":83,"column":12},"end":{"line":91,"column":13}},"42":{"start":{"line":84,"column":16},"end":{"line":89,"column":31}},"43":{"start":{"line":86,"column":24},"end":{"line":86,"column":67}},"44":{"start":{"line":87,"column":24},"end":{"line":87,"column":64}},"45":{"start":{"line":90,"column":16},"end":{"line":90,"column":23}},"46":{"start":{"line":93,"column":12},"end":{"line":93,"column":47}},"47":{"start":{"line":94,"column":15},"end":{"line":108,"column":9}},"48":{"start":{"line":95,"column":12},"end":{"line":103,"column":13}},"49":{"start":{"line":96,"column":16},"end":{"line":96,"column":97}},"50":{"start":{"line":98,"column":16},"end":{"line":101,"column":19}},"51":{"start":{"line":102,"column":16},"end":{"line":102,"column":35}},"52":{"start":{"line":105,"column":12},"end":{"line":107,"column":13}},"53":{"start":{"line":106,"column":16},"end":{"line":106,"column":43}},"54":{"start":{"line":112,"column":0},"end":{"line":182,"column":1}},"55":{"start":{"line":113,"column":4},"end":{"line":115,"column":5}},"56":{"start":{"line":114,"column":8},"end":{"line":114,"column":37}},"57":{"start":{"line":117,"column":4},"end":{"line":141,"column":5}},"58":{"start":{"line":120,"column":12},"end":{"line":120,"column":48}},"59":{"start":{"line":121,"column":12},"end":{"line":121,"column":18}},"60":{"start":{"line":123,"column":12},"end":{"line":133,"column":13}},"61":{"start":{"line":124,"column":16},"end":{"line":124,"column":30}},"62":{"start":{"line":125,"column":16},"end":{"line":125,"column":49}},"63":{"start":{"line":126,"column":19},"end":{"line":133,"column":13}},"64":{"start":{"line":127,"column":16},"end":{"line":127,"column":38}},"65":{"start":{"line":128,"column":16},"end":{"line":128,"column":50}},"66":{"start":{"line":130,"column":16},"end":{"line":130,"column":27}},"67":{"start":{"line":131,"column":16},"end":{"line":131,"column":27}},"68":{"start":{"line":132,"column":16},"end":{"line":132,"column":52}},"69":{"start":{"line":134,"column":12},"end":{"line":134,"column":18}},"70":{"start":{"line":137,"column":12},"end":{"line":137,"column":48}},"71":{"start":{"line":138,"column":12},"end":{"line":138,"column":18}},"72":{"start":{"line":140,"column":12},"end":{"line":140,"column":44}},"73":{"start":{"line":143,"column":4},"end":{"line":143,"column":22}},"74":{"start":{"line":145,"column":4},"end":{"line":145,"column":70}},"75":{"start":{"line":146,"column":4},"end":{"line":146,"column":68}},"76":{"start":{"line":147,"column":4},"end":{"line":147,"column":89}},"77":{"start":{"line":148,"column":4},"end":{"line":148,"column":91}},"78":{"start":{"line":149,"column":4},"end":{"line":149,"column":98}},"79":{"start":{"line":150,"column":4},"end":{"line":150,"column":59}},"80":{"start":{"line":152,"column":4},"end":{"line":166,"column":5}},"81":{"start":{"line":155,"column":12},"end":{"line":155,"column":71}},"82":{"start":{"line":156,"column":12},"end":{"line":156,"column":18}},"83":{"start":{"line":158,"column":12},"end":{"line":158,"column":46}},"84":{"start":{"line":159,"column":12},"end":{"line":159,"column":18}},"85":{"start":{"line":162,"column":12},"end":{"line":162,"column":59}},"86":{"start":{"line":163,"column":12},"end":{"line":163,"column":18}},"87":{"start":{"line":165,"column":12},"end":{"line":165,"column":58}},"88":{"start":{"line":168,"column":4},"end":{"line":168,"column":20}},"89":{"start":{"line":169,"column":4},"end":{"line":181,"column":7}},"90":{"start":{"line":170,"column":8},"end":{"line":172,"column":9}},"91":{"start":{"line":171,"column":12},"end":{"line":171,"column":22}},"92":{"start":{"line":174,"column":8},"end":{"line":174,"column":27}},"93":{"start":{"line":177,"column":8},"end":{"line":177,"column":25}},"94":{"start":{"line":180,"column":8},"end":{"line":180,"column":27}},"95":{"start":{"line":184,"column":0},"end":{"line":184,"column":24}}},"branchMap":{"1":{"line":23,"type":"cond-expr","locations":[{"start":{"line":23,"column":43},"end":{"line":23,"column":74}},{"start":{"line":23,"column":77},"end":{"line":23,"column":81}}]},"2":{"line":28,"type":"if","locations":[{"start":{"line":28,"column":8},"end":{"line":28,"column":8}},{"start":{"line":28,"column":8},"end":{"line":28,"column":8}}]},"3":{"line":49,"type":"if","locations":[{"start":{"line":49,"column":8},"end":{"line":49,"column":8}},{"start":{"line":49,"column":8},"end":{"line":49,"column":8}}]},"4":{"line":52,"type":"if","locations":[{"start":{"line":52,"column":12},"end":{"line":52,"column":12}},{"start":{"line":52,"column":12},"end":{"line":52,"column":12}}]},"5":{"line":58,"type":"if","locations":[{"start":{"line":58,"column":12},"end":{"line":58,"column":12}},{"start":{"line":58,"column":12},"end":{"line":58,"column":12}}]},"6":{"line":62,"type":"if","locations":[{"start":{"line":62,"column":12},"end":{"line":62,"column":12}},{"start":{"line":62,"column":12},"end":{"line":62,"column":12}}]},"7":{"line":65,"type":"cond-expr","locations":[{"start":{"line":65,"column":64},"end":{"line":65,"column":68}},{"start":{"line":65,"column":71},"end":{"line":65,"column":76}}]},"8":{"line":83,"type":"if","locations":[{"start":{"line":83,"column":12},"end":{"line":83,"column":12}},{"start":{"line":83,"column":12},"end":{"line":83,"column":12}}]},"9":{"line":94,"type":"if","locations":[{"start":{"line":94,"column":15},"end":{"line":94,"column":15}},{"start":{"line":94,"column":15},"end":{"line":94,"column":15}}]},"10":{"line":113,"type":"if","locations":[{"start":{"line":113,"column":4},"end":{"line":113,"column":4}},{"start":{"line":113,"column":4},"end":{"line":113,"column":4}}]},"11":{"line":117,"type":"switch","locations":[{"start":{"line":118,"column":8},"end":{"line":118,"column":25}},{"start":{"line":119,"column":8},"end":{"line":121,"column":18}},{"start":{"line":122,"column":8},"end":{"line":134,"column":18}},{"start":{"line":135,"column":8},"end":{"line":135,"column":22}},{"start":{"line":136,"column":8},"end":{"line":138,"column":18}},{"start":{"line":139,"column":8},"end":{"line":140,"column":44}}]},"12":{"line":123,"type":"if","locations":[{"start":{"line":123,"column":12},"end":{"line":123,"column":12}},{"start":{"line":123,"column":12},"end":{"line":123,"column":12}}]},"13":{"line":126,"type":"if","locations":[{"start":{"line":126,"column":19},"end":{"line":126,"column":19}},{"start":{"line":126,"column":19},"end":{"line":126,"column":19}}]},"14":{"line":143,"type":"binary-expr","locations":[{"start":{"line":143,"column":11},"end":{"line":143,"column":15}},{"start":{"line":143,"column":19},"end":{"line":143,"column":21}}]},"15":{"line":145,"type":"binary-expr","locations":[{"start":{"line":145,"column":40},"end":{"line":145,"column":53}},{"start":{"line":145,"column":57},"end":{"line":145,"column":68}}]},"16":{"line":147,"type":"binary-expr","locations":[{"start":{"line":147,"column":42},"end":{"line":147,"column":57}},{"start":{"line":147,"column":61},"end":{"line":147,"column":87}}]},"17":{"line":148,"type":"binary-expr","locations":[{"start":{"line":148,"column":43},"end":{"line":148,"column":59}},{"start":{"line":148,"column":63},"end":{"line":148,"column":89}}]},"18":{"line":149,"type":"binary-expr","locations":[{"start":{"line":149,"column":42},"end":{"line":149,"column":57}},{"start":{"line":149,"column":61},"end":{"line":149,"column":96}}]},"19":{"line":150,"type":"binary-expr","locations":[{"start":{"line":150,"column":28},"end":{"line":150,"column":49}},{"start":{"line":150,"column":53},"end":{"line":150,"column":58}}]},"20":{"line":152,"type":"switch","locations":[{"start":{"line":153,"column":8},"end":{"line":156,"column":18}},{"start":{"line":157,"column":8},"end":{"line":159,"column":18}},{"start":{"line":160,"column":8},"end":{"line":160,"column":25}},{"start":{"line":161,"column":8},"end":{"line":163,"column":18}},{"start":{"line":164,"column":8},"end":{"line":165,"column":58}}]},"21":{"line":170,"type":"if","locations":[{"start":{"line":170,"column":8},"end":{"line":170,"column":8}},{"start":{"line":170,"column":8},"end":{"line":170,"column":8}}]},"22":{"line":170,"type":"binary-expr","locations":[{"start":{"line":170,"column":12},"end":{"line":170,"column":15}},{"start":{"line":170,"column":19},"end":{"line":170,"column":40}}]}},"code":["/*jshint -W086 */","","\"use strict\";","","// NOTE: Brackets doesn't fully support browsers yet and we need some workarounds. Workarounds will be marked with \"HACK:\" label.","","var http        = require(\"http\"),","    https       = require(\"https\"),","    path        = require(\"path\"),","    send        = require(\"send\"),","    util        = require(\"util\"),","    urlUtil     = require(\"url\"),","    files       = require(\"./files\"),","    domains     = require(\"./domains/socket\"),","    socket      = require(\"socket.io\"),","    brckDist    = {root: path.join(__dirname, \"..\", \"brackets-dist\")},","    zipped      = { \".js\": \"application/javascript\", \".css\": \"text/css\"},","    defaultPort = 6800;","","require(\"./shim\");","","function removeTrailingSlash(path) {","    return path[path.length - 1] === \"/\" ? path.substr(0, path.length - 1) : path;","}","","function createHttpServer(inst, port) {","    inst.httpServer = http.createServer(function (req, res) {","        if (req.url === \"/\") {","            res.writeHead(302, {Location: inst.httpRoot + \"/\"});","            res.end();","        } else {","            res.writeHead(304);","            res.end(\"Not found\");","        }","    });","    inst.io = socket(inst.httpServer);","    inst.httpServer.listen(port);","    console.log(util.format(\"\\n  listening on port %d\\n\", port));","}","","function attachStatic(inst) {","    var srv     = inst.httpServer,","        root    = inst.httpRoot,","        evs     = srv.listeners(\"request\").slice(0),","        extDir  = { root: path.join(inst.supportDir, \"extensions\")} ;","","    srv.removeAllListeners(\"request\");","    srv.on(\"request\", function(req, res) {","        if (req.url.startsWith(root)) {","            var url = req.url.substr(root.length);","","            if (url === \"\") {","                res.writeHead(301, {Location: inst.httpRoot + \"/\"});","                res.end();","                return;","            }","","            if (url === \"/\") {","                url = \"/index.html\";","            }","","            if (url.startsWith(\"/proxy/\")) {","                var reqUrl      = decodeURIComponent(url.substr(\"/proxy/\".length)),","                    options     = urlUtil.parse(reqUrl),","                    httpClient  = options.protocol === \"http\" ? http : https;","","                delete options.protocol;","                options.method = \"GET\";","","                req.pause();","                var connector = httpClient.request(options, function(_res) {","                    _res.pause();","                    res.writeHead(_res.statusCode, _res.headers);","                    _res.pipe(res);","                    _res.resume();","                });","                req.pipe(connector);","                req.resume();","                return;","            }","","            var cntType = zipped[path.extname(url)];","            if (cntType) {","                send(req, url + \".gz\", brckDist)","                    .on(\"headers\", function (_res) {","                        _res.setHeader(\"Content-Encoding\", \"gzip\");","                        _res.setHeader(\"Content-Type\", cntType);","                    })","                    .pipe(res);","                return;","            }","","            send(req, url, brckDist).pipe(res);","        } else if (req.url.startsWith(\"/support/extensions/\")) {","            try {","                return send(req, req.url.substr(\"/support/extensions\".length), extDir).pipe(res);","            } catch (e) {","                res.writeHead(500, {","                    \"Content-Length\": e.message.length,","                    \"Content-Type\": \"text/plain\"","                });","                res.end(e.message);","            }","        } else {","            for (var i = 0; i < evs.length; i++) {","                evs[i].call(srv, req, res);","            }","        }","    });","}","","function Server(srv, opts) {","    if (!(this instanceof Server)) {","        return new Server(srv, opts);","    }","","    switch (typeof srv) {","        case \"undefined\":","        case \"null\":","            createHttpServer(this, defaultPort);","            break;","        case \"object\":","            if (srv instanceof socket) {","                this.io = srv;","                this.httpServer = srv.httpServer;","            } else if (srv instanceof http.Server) {","                this.httpServer = srv;","                this.io = socket(this.httpServer);","            } else {","                opts = srv;","                srv = null;","                createHttpServer(this, defaultPort);","            }","            break;","        case \"number\":","        case \"string\":","            createHttpServer(this, Number(srv));","            break;","        default:","            throw \"Invalid argument – srv.\";","    }","","    opts = opts || {};","","    this.httpRoot = removeTrailingSlash(opts.httpRoot || \"/brackets\");","    this.defaultExtensions = path.join(brckDist.root, \"extensions\");","    this.supportDir = removeTrailingSlash(opts.supportDir || path.resolve(\"./brackets\"));","    this.projectsDir = removeTrailingSlash(opts.projectsDir || path.resolve(\"./projects\"));","    this.samplesDir = removeTrailingSlash(opts.samplesDir || path.join(brckDist.root, \"samples\"));","    this.allowUserDomains = opts.allowUserDomains || false;","","    switch (typeof opts.fileSystem) {","        case \"string\":","            // Reserved for future build-in providers.","            this.fileSystem = require(\"./file-sys/\" + opts.fileSystem);","            break;","        case \"object\":","            this.fileSystem = opts.fileSystem;","            break;","        case \"undefined\":","        case \"null\":","            this.fileSystem = require(\"./file-sys/native\");","            break;","        default:","            throw new Error(\"Invalid fileSystem option.\");","    }","","    var that = this;","    this.fileSystem.mkdir(this.projectsDir, function (err) {","        if (err && err.code !== \"EEXIST\") {","            throw err;","        }","","        attachStatic(that);","","        // Attach file system methods to socket.io.","        files.init(that);","","        // Attach Brackets domians.","        domains.init(that);","    });","}","","module.exports = Server;",""],"l":{"7":1,"20":1,"22":1,"23":4,"26":1,"27":1,"28":0,"29":0,"30":0,"32":0,"33":0,"36":1,"37":1,"38":1,"41":1,"42":1,"47":1,"48":1,"49":0,"50":0,"52":0,"53":0,"54":0,"55":0,"58":0,"59":0,"62":0,"63":0,"67":0,"68":0,"70":0,"71":0,"72":0,"73":0,"74":0,"75":0,"77":0,"78":0,"79":0,"82":0,"83":0,"84":0,"86":0,"87":0,"90":0,"93":0,"94":0,"95":0,"96":0,"98":0,"102":0,"105":0,"106":0,"112":1,"113":2,"114":1,"117":1,"120":1,"121":1,"123":0,"124":0,"125":0,"126":0,"127":0,"128":0,"130":0,"131":0,"132":0,"134":0,"137":0,"138":0,"140":0,"143":1,"145":1,"146":1,"147":1,"148":1,"149":1,"150":1,"152":1,"155":0,"156":0,"158":0,"159":0,"162":1,"163":1,"165":0,"168":1,"169":1,"170":1,"171":0,"174":1,"177":1,"180":1,"184":1}},"/home/travis/build/npmtest/node-npmtest-brackets/node_modules/brackets/lib/files.js":{"path":"/home/travis/build/npmtest/node-npmtest-brackets/node_modules/brackets/lib/files.js","s":{"1":1,"2":1,"3":1,"4":0,"5":0,"6":0,"7":0,"8":0,"9":1,"10":0,"11":0,"12":0,"13":0,"14":0,"15":1,"16":0,"17":0,"18":0,"19":0,"20":1,"21":0,"22":0,"23":0,"24":0,"25":0,"26":0,"27":0,"28":1,"29":0,"30":0,"31":0,"32":0,"33":0,"34":1,"35":0,"36":0,"37":0,"38":0,"39":1,"40":0,"41":0,"42":0,"43":0,"44":1,"45":0,"46":0,"47":0,"48":0,"49":1,"50":0,"51":0,"52":0,"53":0,"54":1,"55":0,"56":0,"57":0,"58":0,"59":1,"60":0,"61":0,"62":0,"63":0,"64":1,"65":0,"66":0,"67":0,"68":0,"69":0,"70":0,"71":0,"72":1,"73":0,"74":0,"75":1,"76":1},"b":{"1":[0,0],"2":[0,0],"3":[0,0],"4":[0,0],"5":[0,0],"6":[0,0],"7":[0,0],"8":[0,0],"9":[0,0],"10":[0,0],"11":[0,0],"12":[0,0],"13":[0,0],"14":[0,0],"15":[0,0]},"f":{"1":1,"2":0,"3":0,"4":0,"5":0,"6":0,"7":0,"8":0,"9":0,"10":0,"11":0,"12":0,"13":0,"14":0,"15":0,"16":0,"17":0,"18":0,"19":0,"20":0,"21":0,"22":0,"23":0,"24":0,"25":0,"26":0,"27":0,"28":0,"29":0,"30":0,"31":0},"fnMap":{"1":{"name":"init","line":3,"loc":{"start":{"line":3,"column":0},"end":{"line":3,"column":19}}},"2":{"name":"stat","line":6,"loc":{"start":{"line":6,"column":4},"end":{"line":6,"column":33}}},"3":{"name":"(anonymous_3)","line":7,"loc":{"start":{"line":7,"column":33},"end":{"line":7,"column":54}}},"4":{"name":"(anonymous_4)","line":12,"loc":{"start":{"line":12,"column":26},"end":{"line":12,"column":48}}},"5":{"name":"readdir","line":18,"loc":{"start":{"line":18,"column":4},"end":{"line":18,"column":36}}},"6":{"name":"(anonymous_6)","line":19,"loc":{"start":{"line":19,"column":33},"end":{"line":19,"column":54}}},"7":{"name":"(anonymous_7)","line":24,"loc":{"start":{"line":24,"column":29},"end":{"line":24,"column":51}}},"8":{"name":"mkdir","line":30,"loc":{"start":{"line":30,"column":4},"end":{"line":30,"column":34}}},"9":{"name":"(anonymous_9)","line":31,"loc":{"start":{"line":31,"column":38},"end":{"line":31,"column":59}}},"10":{"name":"rename","line":40,"loc":{"start":{"line":40,"column":4},"end":{"line":40,"column":35}}},"11":{"name":"(anonymous_11)","line":41,"loc":{"start":{"line":41,"column":41},"end":{"line":41,"column":65}}},"12":{"name":"(anonymous_12)","line":45,"loc":{"start":{"line":45,"column":45},"end":{"line":45,"column":69}}},"13":{"name":"readFile","line":55,"loc":{"start":{"line":55,"column":4},"end":{"line":55,"column":37}}},"14":{"name":"(anonymous_14)","line":56,"loc":{"start":{"line":56,"column":38},"end":{"line":56,"column":59}}},"15":{"name":"(anonymous_15)","line":61,"loc":{"start":{"line":61,"column":44},"end":{"line":61,"column":65}}},"16":{"name":"writeFile","line":67,"loc":{"start":{"line":67,"column":4},"end":{"line":67,"column":38}}},"17":{"name":"(anonymous_17)","line":68,"loc":{"start":{"line":68,"column":38},"end":{"line":68,"column":59}}},"18":{"name":"unlink","line":77,"loc":{"start":{"line":77,"column":4},"end":{"line":77,"column":35}}},"19":{"name":"(anonymous_19)","line":78,"loc":{"start":{"line":78,"column":33},"end":{"line":78,"column":54}}},"20":{"name":"moveToTrash","line":87,"loc":{"start":{"line":87,"column":4},"end":{"line":87,"column":40}}},"21":{"name":"(anonymous_21)","line":88,"loc":{"start":{"line":88,"column":33},"end":{"line":88,"column":54}}},"22":{"name":"watchPath","line":97,"loc":{"start":{"line":97,"column":4},"end":{"line":97,"column":38}}},"23":{"name":"(anonymous_23)","line":98,"loc":{"start":{"line":98,"column":33},"end":{"line":98,"column":54}}},"24":{"name":"unwatchPath","line":107,"loc":{"start":{"line":107,"column":4},"end":{"line":107,"column":40}}},"25":{"name":"(anonymous_25)","line":108,"loc":{"start":{"line":108,"column":33},"end":{"line":108,"column":54}}},"26":{"name":"unwatchAll","line":117,"loc":{"start":{"line":117,"column":4},"end":{"line":117,"column":39}}},"27":{"name":"(anonymous_27)","line":118,"loc":{"start":{"line":118,"column":33},"end":{"line":118,"column":54}}},"28":{"name":"copyFile","line":127,"loc":{"start":{"line":127,"column":4},"end":{"line":127,"column":37}}},"29":{"name":"(anonymous_29)","line":128,"loc":{"start":{"line":128,"column":37},"end":{"line":128,"column":57}}},"30":{"name":"(anonymous_30)","line":132,"loc":{"start":{"line":132,"column":42},"end":{"line":132,"column":63}}},"31":{"name":"onConnection","line":142,"loc":{"start":{"line":142,"column":4},"end":{"line":142,"column":35}}}},"statementMap":{"1":{"start":{"line":3,"column":0},"end":{"line":163,"column":1}},"2":{"start":{"line":4,"column":4},"end":{"line":4,"column":28}},"3":{"start":{"line":6,"column":4},"end":{"line":16,"column":5}},"4":{"start":{"line":7,"column":8},"end":{"line":15,"column":11}},"5":{"start":{"line":8,"column":12},"end":{"line":10,"column":13}},"6":{"start":{"line":9,"column":16},"end":{"line":9,"column":46}},"7":{"start":{"line":12,"column":12},"end":{"line":14,"column":15}},"8":{"start":{"line":13,"column":16},"end":{"line":13,"column":64}},"9":{"start":{"line":18,"column":4},"end":{"line":28,"column":5}},"10":{"start":{"line":19,"column":8},"end":{"line":27,"column":11}},"11":{"start":{"line":20,"column":12},"end":{"line":22,"column":13}},"12":{"start":{"line":21,"column":16},"end":{"line":21,"column":46}},"13":{"start":{"line":24,"column":12},"end":{"line":26,"column":15}},"14":{"start":{"line":25,"column":16},"end":{"line":25,"column":56}},"15":{"start":{"line":30,"column":4},"end":{"line":38,"column":5}},"16":{"start":{"line":31,"column":8},"end":{"line":37,"column":11}},"17":{"start":{"line":32,"column":12},"end":{"line":34,"column":13}},"18":{"start":{"line":33,"column":16},"end":{"line":33,"column":37}},"19":{"start":{"line":36,"column":12},"end":{"line":36,"column":47}},"20":{"start":{"line":40,"column":4},"end":{"line":53,"column":5}},"21":{"start":{"line":41,"column":8},"end":{"line":52,"column":11}},"22":{"start":{"line":42,"column":12},"end":{"line":44,"column":13}},"23":{"start":{"line":43,"column":16},"end":{"line":43,"column":37}},"24":{"start":{"line":45,"column":12},"end":{"line":51,"column":15}},"25":{"start":{"line":46,"column":16},"end":{"line":48,"column":17}},"26":{"start":{"line":47,"column":20},"end":{"line":47,"column":41}},"27":{"start":{"line":50,"column":16},"end":{"line":50,"column":54}},"28":{"start":{"line":55,"column":4},"end":{"line":65,"column":5}},"29":{"start":{"line":56,"column":8},"end":{"line":64,"column":11}},"30":{"start":{"line":57,"column":12},"end":{"line":59,"column":13}},"31":{"start":{"line":58,"column":16},"end":{"line":58,"column":46}},"32":{"start":{"line":61,"column":12},"end":{"line":63,"column":15}},"33":{"start":{"line":62,"column":16},"end":{"line":62,"column":51}},"34":{"start":{"line":67,"column":4},"end":{"line":75,"column":5}},"35":{"start":{"line":68,"column":8},"end":{"line":74,"column":11}},"36":{"start":{"line":69,"column":12},"end":{"line":71,"column":13}},"37":{"start":{"line":70,"column":16},"end":{"line":70,"column":37}},"38":{"start":{"line":73,"column":12},"end":{"line":73,"column":65}},"39":{"start":{"line":77,"column":4},"end":{"line":85,"column":5}},"40":{"start":{"line":78,"column":8},"end":{"line":84,"column":11}},"41":{"start":{"line":79,"column":12},"end":{"line":81,"column":13}},"42":{"start":{"line":80,"column":16},"end":{"line":80,"column":37}},"43":{"start":{"line":83,"column":12},"end":{"line":83,"column":38}},"44":{"start":{"line":87,"column":4},"end":{"line":95,"column":5}},"45":{"start":{"line":88,"column":8},"end":{"line":94,"column":11}},"46":{"start":{"line":89,"column":12},"end":{"line":91,"column":13}},"47":{"start":{"line":90,"column":16},"end":{"line":90,"column":37}},"48":{"start":{"line":93,"column":12},"end":{"line":93,"column":43}},"49":{"start":{"line":97,"column":4},"end":{"line":105,"column":5}},"50":{"start":{"line":98,"column":8},"end":{"line":104,"column":11}},"51":{"start":{"line":99,"column":12},"end":{"line":101,"column":13}},"52":{"start":{"line":100,"column":16},"end":{"line":100,"column":37}},"53":{"start":{"line":103,"column":12},"end":{"line":103,"column":41}},"54":{"start":{"line":107,"column":4},"end":{"line":115,"column":5}},"55":{"start":{"line":108,"column":8},"end":{"line":114,"column":11}},"56":{"start":{"line":109,"column":12},"end":{"line":111,"column":13}},"57":{"start":{"line":110,"column":16},"end":{"line":110,"column":37}},"58":{"start":{"line":113,"column":12},"end":{"line":113,"column":43}},"59":{"start":{"line":117,"column":4},"end":{"line":125,"column":5}},"60":{"start":{"line":118,"column":8},"end":{"line":124,"column":11}},"61":{"start":{"line":119,"column":12},"end":{"line":121,"column":13}},"62":{"start":{"line":120,"column":16},"end":{"line":120,"column":37}},"63":{"start":{"line":123,"column":12},"end":{"line":123,"column":42}},"64":{"start":{"line":127,"column":4},"end":{"line":140,"column":5}},"65":{"start":{"line":128,"column":8},"end":{"line":139,"column":11}},"66":{"start":{"line":129,"column":12},"end":{"line":131,"column":13}},"67":{"start":{"line":130,"column":16},"end":{"line":130,"column":37}},"68":{"start":{"line":132,"column":12},"end":{"line":138,"column":15}},"69":{"start":{"line":133,"column":16},"end":{"line":135,"column":17}},"70":{"start":{"line":134,"column":20},"end":{"line":134,"column":41}},"71":{"start":{"line":137,"column":16},"end":{"line":137,"column":47}},"72":{"start":{"line":142,"column":4},"end":{"line":158,"column":5}},"73":{"start":{"line":143,"column":8},"end":{"line":143,"column":38}},"74":{"start":{"line":145,"column":8},"end":{"line":157,"column":38}},"75":{"start":{"line":160,"column":4},"end":{"line":162,"column":40}},"76":{"start":{"line":165,"column":0},"end":{"line":165,"column":20}}
[...]
:8}}]},"7":{"line":156,"type":"if","locations":[{"start":{"line":156,"column":12},"end":{"line":156,"column":12}},{"start":{"line":156,"column":12},"end":{"line":156,"column":12}}]},"8":{"line":160,"type":"if","locations":[{"start":{"line":160,"column":8},"end":{"line":160,"column":8}},{"start":{"line":160,"column":8},"end":{"line":160,"column":8}}]},"9":{"line":162,"type":"if","locations":[{"start":{"line":162,"column":15},"end":{"line":162,"column":15}},{"start":{"line":162,"column":15},"end":{"line":162,"column":15}}]},"10":{"line":164,"type":"if","locations":[{"start":{"line":164,"column":12},"end":{"line":164,"column":12}},{"start":{"line":164,"column":12},"end":{"line":164,"column":12}}]},"11":{"line":185,"type":"if","locations":[{"start":{"line":185,"column":4},"end":{"line":185,"column":4}},{"start":{"line":185,"column":4},"end":{"line":185,"column":4}}]},"12":{"line":189,"type":"if","locations":[{"start":{"line":189,"column":12},"end":{"line":189,"column":12}},{"start":{"line":189,"column":12},"end":{"line":189,"column":12}}]},"13":{"line":205,"type":"if","locations":[{"start":{"line":205,"column":12},"end":{"line":205,"column":12}},{"start":{"line":205,"column":12},"end":{"line":205,"column":12}}]},"14":{"line":207,"type":"if","locations":[{"start":{"line":207,"column":19},"end":{"line":207,"column":19}},{"start":{"line":207,"column":19},"end":{"line":207,"column":19}}]},"15":{"line":210,"type":"if","locations":[{"start":{"line":210,"column":12},"end":{"line":210,"column":12}},{"start":{"line":210,"column":12},"end":{"line":210,"column":12}}]},"16":{"line":212,"type":"if","locations":[{"start":{"line":212,"column":19},"end":{"line":212,"column":19}},{"start":{"line":212,"column":19},"end":{"line":212,"column":19}}]},"17":{"line":217,"type":"if","locations":[{"start":{"line":217,"column":12},"end":{"line":217,"column":12}},{"start":{"line":217,"column":12},"end":{"line":217,"column":12}}]},"18":{"line":223,"type":"if","locations":[{"start":{"line":223,"column":12},"end":{"line":223,"column":12}},{"start":{"line":223,"column":12},"end":{"line":223,"column":12}}]},"19":{"line":224,"type":"if","locations":[{"start":{"line":224,"column":16},"end":{"line":224,"column":16}},{"start":{"line":224,"column":16},"end":{"line":224,"column":16}}]},"20":{"line":235,"type":"if","locations":[{"start":{"line":235,"column":12},"end":{"line":235,"column":12}},{"start":{"line":235,"column":12},"end":{"line":235,"column":12}}]},"21":{"line":235,"type":"binary-expr","locations":[{"start":{"line":235,"column":16},"end":{"line":235,"column":32}},{"start":{"line":235,"column":36},"end":{"line":235,"column":61}}]},"22":{"line":237,"type":"if","locations":[{"start":{"line":237,"column":16},"end":{"line":237,"column":16}},{"start":{"line":237,"column":16},"end":{"line":237,"column":16}}]},"23":{"line":242,"type":"if","locations":[{"start":{"line":242,"column":12},"end":{"line":242,"column":12}},{"start":{"line":242,"column":12},"end":{"line":242,"column":12}}]},"24":{"line":245,"type":"if","locations":[{"start":{"line":245,"column":20},"end":{"line":245,"column":20}},{"start":{"line":245,"column":20},"end":{"line":245,"column":20}}]},"25":{"line":253,"type":"if","locations":[{"start":{"line":253,"column":8},"end":{"line":253,"column":8}},{"start":{"line":253,"column":8},"end":{"line":253,"column":8}}]},"26":{"line":280,"type":"if","locations":[{"start":{"line":280,"column":12},"end":{"line":280,"column":12}},{"start":{"line":280,"column":12},"end":{"line":280,"column":12}}]},"27":{"line":286,"type":"if","locations":[{"start":{"line":286,"column":16},"end":{"line":286,"column":16}},{"start":{"line":286,"column":16},"end":{"line":286,"column":16}}]},"28":{"line":291,"type":"binary-expr","locations":[{"start":{"line":291,"column":30},"end":{"line":291,"column":38}},{"start":{"line":291,"column":42},"end":{"line":291,"column":56}}]},"29":{"line":294,"type":"if","locations":[{"start":{"line":294,"column":16},"end":{"line":294,"column":16}},{"start":{"line":294,"column":16},"end":{"line":294,"column":16}}]},"30":{"line":294,"type":"binary-expr","locations":[{"start":{"line":294,"column":20},"end":{"line":294,"column":28}},{"start":{"line":294,"column":32},"end":{"line":294,"column":54}}]},"31":{"line":335,"type":"binary-expr","locations":[{"start":{"line":335,"column":14},"end":{"line":335,"column":21}},{"start":{"line":335,"column":25},"end":{"line":335,"column":27}}]},"32":{"line":337,"type":"if","locations":[{"start":{"line":337,"column":8},"end":{"line":337,"column":8}},{"start":{"line":337,"column":8},"end":{"line":337,"column":8}}]},"33":{"line":344,"type":"if","locations":[{"start":{"line":344,"column":12},"end":{"line":344,"column":12}},{"start":{"line":344,"column":12},"end":{"line":344,"column":12}}]}},"code":["/*"," * Copyright (c) 2013 Adobe Systems Incorporated. All rights reserved."," *  "," * Permission is hereby granted, free of charge, to any person obtaining a"," * copy of this software and associated documentation files (the \"Software\"), "," * to deal in the Software without restriction, including without limitation "," * the rights to use, copy, modify, merge, publish, distribute, sublicense, "," * and/or sell copies of the Software, and to permit persons to whom the "," * Software is furnished to do so, subject to the following conditions:"," *  "," * The above copyright notice and this permission notice shall be included in"," * all copies or substantial portions of the Software."," *  "," * THE SOFTWARE IS PROVIDED \"AS IS\", WITHOUT WARRANTY OF ANY KIND, EXPRESS OR"," * IMPLIED, INCLUDING BUT NOT LIMITED TO THE WARRANTIES OF MERCHANTABILITY, "," * FITNESS FOR A PARTICULAR PURPOSE AND NONINFRINGEMENT. IN NO EVENT SHALL THE"," * AUTHORS OR COPYRIGHT HOLDERS BE LIABLE FOR ANY CLAIM, DAMAGES OR OTHER "," * LIABILITY, WHETHER IN AN ACTION OF CONTRACT, TORT OR OTHERWISE, ARISING "," * FROM, OUT OF OR IN CONNECTION WITH THE SOFTWARE OR THE USE OR OTHER "," * DEALINGS IN THE SOFTWARE."," * "," */","","","/*jslint vars: true, plusplus: true, devel: true, node: true, nomen: true,","indent: 4, maxerr: 50, regexp: true */","","\"use strict\";","","var DecompressZip = require(\"decompress-zip\"),","    semver        = require(\"semver\"),","    path          = require(\"path\"),","    temp          = require(\"temp\"),","    fs            = require(\"fs-extra\");","","// Track and cleanup files at exit","temp.track();","","var Errors = {","    NOT_FOUND_ERR: \"NOT_FOUND_ERR\",                       // {0} is path where ZIP file was expected","    INVALID_ZIP_FILE: \"INVALID_ZIP_FILE\",                 // {0} is path to ZIP file","    INVALID_PACKAGE_JSON: \"INVALID_PACKAGE_JSON\",         // {0} is JSON parse error, {1} is path to ZIP file","    MISSING_PACKAGE_NAME: \"MISSING_PACKAGE_NAME\",         // {0} is path to ZIP file","    BAD_PACKAGE_NAME: \"BAD_PACKAGE_NAME\",                 // {0} is the name","    MISSING_PACKAGE_VERSION: \"MISSING_PACKAGE_VERSION\",   // {0} is path to ZIP file","    INVALID_VERSION_NUMBER: \"INVALID_VERSION_NUMBER\",     // {0} is version string in JSON, {1} is path to ZIP file","    MISSING_MAIN: \"MISSING_MAIN\",                         // {0} is path to ZIP file","    MISSING_PACKAGE_JSON: \"MISSING_PACKAGE_JSON\",         // {0} is path to ZIP file","    INVALID_BRACKETS_VERSION: \"INVALID_BRACKETS_VERSION\", // {0} is the version string in JSON, {1} is the path to the zip file,","    DISALLOWED_WORDS: \"DISALLOWED_WORDS\"                  // {0} is the field with the word, {1} is a string list of words that were in violation, {2} is the path to the zip file","};","","/*"," * Directories to ignore when determining whether the contents of an extension are"," * in a subfolder."," */","var ignoredFolders = [ \"__MACOSX\" ];","","/**"," * Returns true if the name presented is acceptable as a package name. This enforces the"," * requirement as presented in the CommonJS spec: http://wiki.commonjs.org/wiki/Packages/1.0"," * which states:"," *"," * \"This must be a unique, lowercase alpha-numeric name without spaces. It may include \".\" or \"_\" or \"-\" characters.\""," *"," * We add the additional requirement that the first character must be a letter or number"," * (there's a security implication to allowing a name like \"..\", because the name is"," * used in directory names)."," *"," * @param {string} name to test"," * @return {boolean} true if the name is valid"," */","function validateName(name) {","    if (/^[a-z0-9][a-z0-9._\\-]*$/.exec(name)) {","        return true;","    }","    return false;","}","","// Parses strings of the form \"name <email> (url)\" where email and url are optional","var _personRegex = /^([^<\\(]+)(?:\\s+<([^>]+)>)?(?:\\s+\\(([^\\)]+)\\))?$/;","","/**"," * Normalizes person fields from package.json."," *"," * These fields can be an object with name, email and url properties or a"," * string of the form \"name <email> <url>\". This does a tolerant parsing of"," * the data to try to return an object with name and optional email and url."," * If the string does not match the format, the string is returned as the"," * name on the resulting object."," *"," * If an object other than a string is passed in, it's returned as is."," *"," * @param <String|Object> obj to normalize"," * @return {Object} person object with name and optional email and url"," */","function parsePersonString(obj) {","    if (typeof (obj) === \"string\") {","        var parts = _personRegex.exec(obj);","        ","        // No regex match, so we just synthesize an object with an opaque name string","        if (!parts) {","            return {","                name: obj","            };","        } else {","            var result = {","                name: parts[1]","            };","            if (parts[2]) {","                result.email = parts[2];","            }","            if (parts[3]) {","                result.url = parts[3];","            }","            return result;","        }","    } else {","        // obj is not a string, so return as is","        return obj;","    }","}","","/**"," * Determines if any of the words in wordlist appear in str."," *"," * @param {String[]} wordlist list of words to check"," * @param {String} str to check for words"," * @return {String[]} words that matched"," */","function containsWords(wordlist, str) {","    var i;","    var matches = [];","    for (i = 0; i < wordlist.length; i++) {","        var re = new RegExp(\"\\\\b\" + wordlist[i] + \"\\\\b\", \"i\");","        if (re.exec(str)) {","            matches.push(wordlist[i]);","        }","    }","    return matches;","}","","/**"," * Finds the common prefix, if any, for the files in a package file."," *"," * In some package files, all of the files are contained in a subdirectory, and this function"," * will identify that directory if it exists."," *"," * @param {string} extractDir directory into which the package was extracted"," * @param {function(Error, string)} callback function to accept err, commonPrefix (which will be \"\" if there is none)"," */","function findCommonPrefix(extractDir, callback) {","    fs.readdir(extractDir, function (err, files) {","        ignoredFolders.forEach(function (folder) {","            var index = files.indexOf(folder);","            if (index !== -1) {","                files.splice(index, 1);","            }","        });","        if (err) {","            callback(err);","        } else if (files.length === 1) {","            var name = files[0];","            if (fs.statSync(path.join(extractDir, name)).isDirectory()) {","                callback(null, name);","            } else {","                callback(null, \"\");","            }","        } else {","            callback(null, \"\");","        }","    });","}","","/**"," * Validates the contents of package.json."," *"," * @param {string} path path to package file (used in error reporting)"," * @param {string} packageJSON path to the package.json file to check"," * @param {Object} options validation options passed to `validate()`"," * @param {function(Error, Array.<Array.<string, ...>>, Object)} callback function to call with array of errors and metadata"," */","function validatePackageJSON(path, packageJSON, options, callback) {","    var errors = [];","    if (fs.existsSync(packageJSON)) {","        fs.readFile(packageJSON, {","            encoding: \"utf8\"","        }, function (err, data) {","            if (err) {","                callback(err, null, null);","                return;","            }","            ","            var metadata;","            ","            try {","                metadata = JSON.parse(data);","            } catch (e) {","                errors.push([Errors.INVALID_PACKAGE_JSON, e.toString(), path]);","                callback(null, errors, undefined);","                return;","            }","            ","            // confirm required fields in the metadata","            if (!metadata.name) {","                errors.push([Errors.MISSING_PACKAGE_NAME, path]);","            } else if (!validateName(metadata.name)) {","                errors.push([Errors.BAD_PACKAGE_NAME, metadata.name]);","            }","            if (!metadata.version) {","                errors.push([Errors.MISSING_PACKAGE_VERSION, path]);","            } else if (!semver.valid(metadata.version)) {","                errors.push([Errors.INVALID_VERSION_NUMBER, metadata.version, path]);","            }","            ","            // normalize the author","            if (metadata.author) {","                metadata.author = parsePersonString(metadata.author);","            }","            ","            // contributors should be an array of people.","            // normalize each entry.","            if (metadata.contributors) {","                if (metadata.contributors.map) {","                    metadata.contributors = metadata.contributors.map(function (person) {","                        return parsePersonString(person);","                    });","                } else {","                    metadata.contributors = [","                        parsePersonString(metadata.contributors)","                    ];","                }","            }","            ","            if (metadata.engines && metadata.engines.brackets) {","                var range = metadata.engines.brackets;","                if (!semver.validRange(range)) {","                    errors.push([Errors.INVALID_BRACKETS_VERSION, range, path]);","                }","            }","            ","            if (options.disallowedWords) {","                [\"title\", \"description\", \"name\"].forEach(function (field) {","                    var words = containsWords(options.disallowedWords, metadata[field]);","                    if (words.length > 0) {","                        errors.push([Errors.DISALLOWED_WORDS, field, words.toString(), path]);","                    }","                });","            }","            callback(null, errors, metadata);","        });","    } else {","        if (options.requirePackageJSON) {","            errors.push([Errors.MISSING_PACKAGE_JSON, path]);","        }","        callback(null, errors, null);","    }","}","","/**"," * Extracts the package into the given directory and then validates it."," *"," * @param {string} zipPath path to package zip file"," * @param {string} extractDir directory to extract package into"," * @param {Object} options validation options"," * @param {function(Error, {errors: Array, metadata: Object, commonPrefix: string, extractDir: string})} callback function to call with the result"," */","function extractAndValidateFiles(zipPath, extractDir, options, callback) {","    var unzipper = new DecompressZip(zipPath);","    unzipper.on(\"error\", function (err) {","        // General error to report for problems reading the file","        callback(null, {","            errors: [[Errors.INVALID_ZIP_FILE, zipPath, err]]","        });","        return;","    });","    ","    unzipper.on(\"extract\", function (log) {","        findCommonPrefix(extractDir, function (err, commonPrefix) {","            if (err) {","                callback(err, null);","                return;","            }","            var packageJSON = path.join(extractDir, commonPrefix, \"package.json\");","            validatePackageJSON(zipPath, packageJSON, options, function (err, errors, metadata) {","                if (err) {","                    callback(err, null);","                    return;","                }","                var mainJS  = path.join(extractDir, commonPrefix, \"main.js\"),","                    isTheme = metadata && metadata.theme;","                ","                // Throw missing main.js file only for non-theme extensions","                if (!isTheme && !fs.existsSync(mainJS)) {","                    errors.push([Errors.MISSING_MAIN, zipPath, mainJS]);","                }","                callback(null, {","                    errors: errors,","                    metadata: metadata,","                    commonPrefix: commonPrefix,","                    extractDir: extractDir","                });","            });","        });","    });","    ","    unzipper.extract({","        path: extractDir,","        filter: function (file) {","            return file.type !== \"SymbolicLink\";","        }","    });","}","","/**"," * Implements the \"validate\" command in the \"extensions\" domain."," * Validates the zipped package at path."," *"," * The \"err\" parameter of the callback is only set if there was an"," * unexpected error. Otherwise, errors are reported in the result."," *"," * The result object has an \"errors\" property. It is an array of"," * arrays of strings. Each array in the array is a set of parameters"," * that can be passed to StringUtils.format for internationalization."," * The array will be empty if there are no errors."," *"," * The result will have a \"metadata\" property if the metadata was"," * read successfully from package.json in the zip file."," *"," * @param {string} path Absolute path to the package zip file"," * @param {{requirePackageJSON: ?boolean, disallowedWords: ?Array.<string>}} options for validation"," * @param {function} callback (err, result)"," */","function validate(path, options, callback) {","    options = options || {};","    fs.exists(path, function (doesExist) {","        if (!doesExist) {","            callback(null, {","                errors: [[Errors.NOT_FOUND_ERR, path]]","            });","            return;","        }","        temp.mkdir(\"bracketsPackage_\", function _tempDirCreated(err, extractDir) {","            if (err) {","                callback(err, null);","                return;","            }","            extractAndValidateFiles(path, extractDir, options, callback);","        });","    });","}","","// exported for unit testing","exports._parsePersonString = parsePersonString;","","exports.errors = Errors;","exports.validate = validate;",""],"l":{"30":2,"37":0,"39":0,"57":0,"73":1,"74":0,"75":0,"77":0,"81":0,"97":1,"98":0,"99":0,"102":0,"103":0,"107":0,"110":0,"111":0,"113":0,"114":0,"116":0,"120":0,"131":1,"132":0,"133":0,"134":0,"135":0,"136":0,"137":0,"140":0,"152":1,"153":0,"154":0,"155":0,"156":0,"157":0,"160":0,"161":0,"162":0,"163":0,"164":0,"165":0,"167":0,"170":0,"183":1,"184":0,"185":0,"186":0,"189":0,"190":0,"191":0,"194":0,"196":0,"197":0,"199":0,"200":0,"201":0,"205":0,"206":0,"207":0,"208":0,"210":0,"211":0,"212":0,"213":0,"217":0,"218":0,"223":0,"224":0,"225":0,"226":0,"229":0,"235":0,"236":0,"237":0,"238":0,"242":0,"243":0,"244":0,"245":0,"246":0,"250":0,"253":0,"254":0,"256":0,"268":1,"269":0,"270":0,"272":0,"275":0,"278":0,"279":0,"280":0,"281":0,"282":0,"284":0,"285":0,"286":0,"287":0,"288":0,"290":0,"294":0,"295":0,"297":0,"307":0,"310":0,"334":1,"335":0,"336":0,"337":0,"338":0,"341":0,"343":0,"344":0,"345":0,"346":0,"348":0,"354":0,"356":0,"357":0}}}